"../../../../UnrealGDKExampleProject/Game/Content/GameMode/BP_GDKShooterGameInstance.uasset" 0
"../../../../UnrealGDKExampleProject/Game/Content/Spatial/SchemaDatabase.uasset" 1
"../../../../UnrealGDKExampleProject/Game/Content/UI/Blueprints/BP_GDKKillNotification.uasset" 2
"../../../Engine/Content/Functions/Engine_MaterialFunctions01/Gradient/LinearGradient.uasset" 3
"../../../Engine/Content/Functions/Engine_MaterialFunctions02/Utility/MakeFloat2.uasset" 4
"../../../../UnrealGDKExampleProject/Game/Content/UI/Textures/UI_T_Shield_Progress_Bar_Fill.uasset" 5
"../../../../UnrealGDKExampleProject/Game/Content/VFX/Textures/T_Fire_BC.uasset" 6
"../../../../UnrealGDKExampleProject/Game/Content/VFX/Textures/T_Smoke_Tiled_D.uasset" 7
"../../../../UnrealGDKExampleProject/Game/Content/UI/Materials/M_UI_Armour_Bar.uasset" 8
"../../../Engine/Content/Functions/Engine_MaterialFunctions02/Utility/BreakOutFloat2Components.uasset" 9
"../../../Engine/Content/Functions/Engine_MaterialFunctions01/Texturing/ScaleUVsByCenter.uasset" 10
"../../../../UnrealGDKExampleProject/Game/Content/UI/Textures/Crosshairs/UI_T_Crosshair_AssaultRifle_M.uasset" 11
"../../../../UnrealGDKExampleProject/Game/Content/UI/Materials/M_UI_Crosshair_Master.uasset" 12
"../../../../UnrealGDKExampleProject/Game/Content/UI/Materials/Crosshairs/MI_UI_Crosshair_AssaultRifle.uasset" 13
"../../../../UnrealGDKExampleProject/Game/Content/UI/Textures/UI_T_Health_Progress_Bar_Fill.uasset" 14
"../../../../UnrealGDKExampleProject/Game/Content/UI/Materials/MI_UI_Health_Bar.uasset" 15
"../../../../UnrealGDKExampleProject/Game/Content/UI/Blueprints/BP_RangeFinder.uasset" 16
"../../../../UnrealGDKExampleProject/Game/Content/UI/Textures/UI_T_Frame_Border_01.uasset" 17
"../../../../UnrealGDKExampleProject/Game/Content/UI/Textures/UI_T_Frame_Border_02.uasset" 18
"../../../../UnrealGDKExampleProject/Game/Content/UI/Textures/UI_T_Health_Icon.uasset" 19
"../../../../UnrealGDKExampleProject/Game/Content/UI/Textures/UI_T_Health_Markers.uasset" 20
"../../../../UnrealGDKExampleProject/Game/Content/UI/Blueprints/BP_HUD.uasset" 21
"../../../Engine/Content/EngineMaterials/BlendFunc_DefBase.uasset" 22
"../../../Engine/Content/EngineMaterials/BlendFunc_DefBlend.uasset" 23
"../../../Engine/Content/Functions/Engine_MaterialFunctions03/Blends/Blend_Overlay.uasset" 24
"../../../../UnrealGDKExampleProject/Game/Content/UI/Textures/UI_T_BG_Gradient.uasset" 25
"../../../../UnrealGDKExampleProject/Game/Content/UI/Textures/UI_T_Dither_Pattern.uasset" 26
"../../../../UnrealGDKExampleProject/Game/Content/UI/Materials/M_UI_BG_Gradient.uasset" 27
"../../../../UnrealGDKExampleProject/Game/Content/UI/Textures/UI_T_Square_White.uasset" 28
"../../../../UnrealGDKExampleProject/Game/Content/UI/Textures/UI_T_Text_Quit.uasset" 29
"../../../../UnrealGDKExampleProject/Game/Content/UI/Blueprints/BP_QuitButton.uasset" 30
"../../../../UnrealGDKExampleProject/Game/Content/UI/Textures/UI_T_Controls_Keyboard.uasset" 31
"../../../../UnrealGDKExampleProject/Game/Content/UI/Textures/UI_T_Logo_SpatialOS.uasset" 32
"../../../../UnrealGDKExampleProject/Game/Content/UI/Textures/UI_T_Title_Game_Development_Kit.uasset" 33
"../../../../UnrealGDKExampleProject/Game/Content/UI/Blueprints/BP_MenuBackground.uasset" 34
"../../../Engine/Content/EditorBlueprintResources/StandardMacros.uasset" 35
"../../../../UnrealGDKExampleProject/Game/Content/UI/Blueprints/BP_Minimal_HUD.uasset" 36
"../../../../UnrealGDKExampleProject/Game/Content/GameMode/Components/PhaseEntry.uasset" 37
"../../../../UnrealGDKExampleProject/Game/Content/GameMode/Components/PhaseData.uasset" 38
"../../../../UnrealGDKExampleProject/Game/Content/Blueprints/BP_Door.uasset" 39
"../../../../UnrealGDKExampleProject/Game/Content/GameMode/Components/PhaseBasedMapComponent.uasset" 40
"../../../../UnrealGDKExampleProject/Game/Content/GameMode/Components/SquadTrackingComponent.uasset" 41
"../../../../UnrealGDKExampleProject/Game/Content/UI/Blueprints/BP_PlayerHUD_CorridorShooter.uasset" 42
"../../../../UnrealGDKExampleProject/Game/Content/UI/Blueprints/BP_PlayerHUD_Deathmatch.uasset" 43
"../../../Engine/Content/Functions/Engine_MaterialFunctions02/ObjectLocalBounds.uasset" 44
"../../../Engine/Content/Functions/Engine_MaterialFunctions02/Texturing/ScreenAlignedPixelToPixelUVs.uasset" 45
"../../../Engine/Content/Functions/Engine_MaterialFunctions02/Utility/BreakOutFloat3Components.uasset" 46
"../../../Engine/Content/EngineMaterials/Good64x64TilingNoiseHighFreq.uasset" 47
"../../../Engine/Content/Functions/Engine_MaterialFunctions02/Utility/DitherTemporalAA.uasset" 48
"../../../Engine/Content/Functions/Engine_MaterialFunctions02/UVs/BoundingBoxBased_0-1_UVW.uasset" 49
"../../../../UnrealGDKExampleProject/Game/Content/Base/MaterialFunctions/MF_Remap.uasset" 50
"../../../../UnrealGDKExampleProject/Game/Content/Base/MaterialFunctions/MF_DistanceCloak.uasset" 51
"../../../../UnrealGDKExampleProject/Game/Content/Base/MaterialFunctions/MF_FresnelHighlight.uasset" 52
"../../../../UnrealGDKExampleProject/Game/Content/Base/Textures/T_Grunge_M.uasset" 53
"../../../../UnrealGDKExampleProject/Game/Content/Base/MaterialFunctions/MF_Scorched.uasset" 54
"../../../../UnrealGDKExampleProject/Game/Content/Characters/Player/Textures/CH_T_PlayerRobot_AORM.uasset" 55
"../../../../UnrealGDKExampleProject/Game/Content/Characters/Player/Textures/CH_T_PlayerRobot_BC.uasset" 56
"../../../../UnrealGDKExampleProject/Game/Content/Characters/Player/Textures/CH_T_PlayerRobot_L.uasset" 57
"../../../../UnrealGDKExampleProject/Game/Content/Characters/Player/Textures/CH_T_PlayerRobot_M.uasset" 58
"../../../../UnrealGDKExampleProject/Game/Content/Characters/Player/Textures/CH_T_PlayerRobot_N.uasset" 59
"../../../../UnrealGDKExampleProject/Game/Content/Base/MasterMaterials/M_Spatial_Asset_MASTER.uasset" 60
"../../../../UnrealGDKExampleProject/Game/Content/Characters/Player/Materials/CH_MI_PlayerRobot.uasset" 61
"../../../../UnrealGDKExampleProject/Game/Content/Characters/Player/Materials/ColourSchemes/CH_MI_PlayerRobot_Black.uasset" 62
"../../../../UnrealGDKExampleProject/Game/Content/Characters/Player/Materials/ColourSchemes/CH_MI_PlayerRobot_Blue.uasset" 63
"../../../../UnrealGDKExampleProject/Game/Content/Characters/Player/Textures/CH_T_PlayerRobot_Variant_M.uasset" 64
"../../../../UnrealGDKExampleProject/Game/Content/Characters/Player/Materials/ColourSchemes/CH_MI_PlayerRobot_CamoArctic.uasset" 65
"../../../../UnrealGDKExampleProject/Game/Content/Characters/Player/Materials/ColourSchemes/CH_MI_PlayerRobot_CamoWoodland.uasset" 66
"../../../../UnrealGDKExampleProject/Game/Content/Characters/Player/Materials/ColourSchemes/CH_MI_PlayerRobot_Green.uasset" 67
"../../../../UnrealGDKExampleProject/Game/Content/Characters/Player/Materials/ColourSchemes/CH_MI_PlayerRobot_Grey.uasset" 68
"../../../../UnrealGDKExampleProject/Game/Content/Characters/Player/Materials/ColourSchemes/CH_MI_PlayerRobot_Orange.uasset" 69
"../../../../UnrealGDKExampleProject/Game/Content/Characters/Player/Materials/ColourSchemes/CH_MI_PlayerRobot_Red.uasset" 70
"../../../../UnrealGDKExampleProject/Game/Content/Weapons/AssaultRifle/Textures/WP_T_AssaultRifle_AORM.uasset" 71
"../../../../UnrealGDKExampleProject/Game/Content/Weapons/AssaultRifle/Textures/WP_T_AssaultRifle_BC.uasset" 72
"../../../../UnrealGDKExampleProject/Game/Content/Weapons/AssaultRifle/Textures/WP_T_AssaultRifle_L.uasset" 73
"../../../../UnrealGDKExampleProject/Game/Content/Weapons/AssaultRifle/Textures/WP_T_AssaultRifle_M.uasset" 74
"../../../../UnrealGDKExampleProject/Game/Content/Weapons/AssaultRifle/Textures/WP_T_AssaultRifle_N.uasset" 75
"../../../../UnrealGDKExampleProject/Game/Content/Weapons/AssaultRifle/Materials/WP_MI_AssaultRifle.uasset" 76
"../../../../UnrealGDKExampleProject/Game/Content/Weapons/AssaultRifle/Materials/ColourSchemes/WP_MI_AssaultRifle_Black.uasset" 77
"../../../../UnrealGDKExampleProject/Game/Content/Weapons/AssaultRifle/Materials/ColourSchemes/WP_MI_AssaultRifle_Blue.uasset" 78
"../../../../UnrealGDKExampleProject/Game/Content/Weapons/AssaultRifle/Textures/WP_T_AssaultRifle_M_Variant.uasset" 79
"../../../../UnrealGDKExampleProject/Game/Content/Weapons/AssaultRifle/Materials/ColourSchemes/WP_MI_AssaultRifle_CamoArctic.uasset" 80
"../../../../UnrealGDKExampleProject/Game/Content/Weapons/AssaultRifle/Materials/ColourSchemes/WP_MI_AssaultRifle_CamoWoodland.uasset" 81
"../../../../UnrealGDKExampleProject/Game/Content/Weapons/AssaultRifle/Materials/ColourSchemes/WP_MI_AssaultRifle_Green.uasset" 82
"../../../../UnrealGDKExampleProject/Game/Content/Weapons/AssaultRifle/Materials/ColourSchemes/WP_MI_AssaultRifle_Grey.uasset" 83
"../../../../UnrealGDKExampleProject/Game/Content/Weapons/AssaultRifle/Materials/ColourSchemes/WP_MI_AssaultRifle_Orange.uasset" 84
"../../../../UnrealGDKExampleProject/Game/Content/Weapons/AssaultRifle/Materials/ColourSchemes/WP_MI_AssaultRifle_Red.uasset" 85
"../../../Engine/Content/Functions/Engine_MaterialFunctions01/ImageAdjustment/CheapContrast.uasset" 86
"../../../Engine/Content/Functions/Engine_MaterialFunctions02/SafeNormalize.uasset" 87
"../../../Engine/Content/Functions/Engine_MaterialFunctions02/Math/CreateThirdOrthogonalVector.uasset" 88
"../../../Engine/Content/Functions/Engine_MaterialFunctions02/Math/Transform3x3Matrix.uasset" 89
"../../../Engine/Content/Functions/Engine_MaterialFunctions02/Texturing/HeightLerpWithTwoHeightMaps.uasset" 90
"../../../Engine/Content/Functions/Engine_MaterialFunctions02/Utility/MakeFloat3.uasset" 91
"../../../Engine/Content/EngineMaterials/BaseFlattenNormalMap.uasset" 92
"../../../Engine/Content/Functions/Engine_MaterialFunctions02/WorldAlignedNormals_HighQuality.uasset" 93
"../../../Engine/Content/EngineMaterials/DefaultDiffuse.uasset" 94
"../../../Engine/Content/EngineMaterials/DefaultNormal_Uncompressed.uasset" 95
"../../../Engine/Content/Functions/Engine_MaterialFunctions02/Texturing/WorldAlignedTextures_Complex.uasset" 96
"../../../Engine/Content/Functions/Engine_MaterialFunctions02/Utility/VectorLength.uasset" 97
"../../../Engine/Content/Functions/Engine_MaterialFunctions02/WorldPositionOffset/ObjectScale.uasset" 98
"../../../../UnrealGDKExampleProject/Game/Content/Environment/Props/Textures/T_Projected_Side_M.uasset" 99
"../../../../UnrealGDKExampleProject/Game/Content/Base/MasterMaterials/M_Spatial_Blockout_MASTER.uasset" 100
"../../../../UnrealGDKExampleProject/Game/Content/Weapons/Placeholder/Materials/WP_MI_Blockout_Black.uasset" 101
"../../../../UnrealGDKExampleProject/Game/Content/Weapons/Placeholder/Materials/WP_MI_Blockout_Blue.uasset" 102
"../../../../UnrealGDKExampleProject/Game/Content/Weapons/Placeholder/Materials/WP_MI_Blockout_CamoArctic.uasset" 103
"../../../../UnrealGDKExampleProject/Game/Content/Weapons/Placeholder/Materials/WP_MI_Blockout_CamoWoodland.uasset" 104
"../../../../UnrealGDKExampleProject/Game/Content/Weapons/Placeholder/Materials/WP_MI_Blockout_Green.uasset" 105
"../../../../UnrealGDKExampleProject/Game/Content/Weapons/Placeholder/Materials/WP_MI_Blockout_Grey.uasset" 106
"../../../../UnrealGDKExampleProject/Game/Content/Weapons/Placeholder/Materials/WP_MI_Blockout_Orange.uasset" 107
"../../../../UnrealGDKExampleProject/Game/Content/Weapons/Placeholder/Materials/WP_MI_Blockout_Red.uasset" 108
"../../../../UnrealGDKExampleProject/Game/Content/Characters/MetaData/ColourDataRow.uasset" 109
"../../../../UnrealGDKExampleProject/Game/Content/Characters/MetaData/ColourDataTable.uasset" 110
"../../../Engine/Content/EngineFonts/Faces/DroidSansFallback.uasset" 111
"../../../Engine/Content/EngineFonts/Faces/RobotoBold.uasset" 112
"../../../Engine/Content/EngineFonts/Faces/RobotoBoldItalic.uasset" 113
"../../../Engine/Content/EngineFonts/Faces/RobotoItalic.uasset" 114
"../../../Engine/Content/EngineFonts/Faces/RobotoLight.uasset" 115
"../../../Engine/Content/EngineFonts/Faces/RobotoRegular.uasset" 116
"../../../Engine/Content/EngineFonts/Roboto.uasset" 117
"../../../../UnrealGDKExampleProject/Game/Content/UI/Blueprints/BP_Background.uasset" 118
"../../../../UnrealGDKExampleProject/Game/Content/UI/Textures/UI_T_Player_Avatar_Black.uasset" 119
"../../../../UnrealGDKExampleProject/Game/Content/UI/Textures/UI_T_Player_Avatar_Blue.uasset" 120
"../../../../UnrealGDKExampleProject/Game/Content/UI/Textures/UI_T_Player_Avatar_CamoArctic.uasset" 121
"../../../../UnrealGDKExampleProject/Game/Content/UI/Textures/UI_T_Player_Avatar_CamoWoodland.uasset" 122
"../../../../UnrealGDKExampleProject/Game/Content/UI/Textures/UI_T_Player_Avatar_Green.uasset" 123
"../../../../UnrealGDKExampleProject/Game/Content/UI/Textures/UI_T_Player_Avatar_Grey.uasset" 124
"../../../../UnrealGDKExampleProject/Game/Content/UI/Textures/UI_T_Player_Avatar_Orange.uasset" 125
"../../../../UnrealGDKExampleProject/Game/Content/UI/Textures/UI_T_Player_Avatar_Red.uasset" 126
"../../../../UnrealGDKExampleProject/Game/Content/UI/Textures/UI_T_Player_Button_Black.uasset" 127
"../../../../UnrealGDKExampleProject/Game/Content/UI/Textures/UI_T_Player_Button_Blue.uasset" 128
"../../../../UnrealGDKExampleProject/Game/Content/UI/Textures/UI_T_Player_Button_CamoArctic.uasset" 129
"../../../../UnrealGDKExampleProject/Game/Content/UI/Textures/UI_T_Player_Button_CamoWoodland.uasset" 130
"../../../../UnrealGDKExampleProject/Game/Content/UI/Textures/UI_T_Player_Button_Green.uasset" 131
"../../../../UnrealGDKExampleProject/Game/Content/UI/Textures/UI_T_Player_Button_Grey.uasset" 132
"../../../../UnrealGDKExampleProject/Game/Content/UI/Textures/UI_T_Player_Button_Highlight.uasset" 133
"../../../../UnrealGDKExampleProject/Game/Content/UI/Textures/UI_T_Player_Button_Orange.uasset" 134
"../../../../UnrealGDKExampleProject/Game/Content/UI/Textures/UI_T_Player_Button_Red.uasset" 135
"../../../../UnrealGDKExampleProject/Game/Content/UI/Textures/UI_T_Text_Cancel.uasset" 136
"../../../../UnrealGDKExampleProject/Game/Content/UI/Textures/UI_T_Text_Select_Colour.uasset" 137
"../../../../UnrealGDKExampleProject/Game/Content/UI/Textures/UI_T_Text_Start.uasset" 138
"../../../../UnrealGDKExampleProject/Game/Content/UI/Textures/UI_T_Title_Lobby.uasset" 139
"../../../../UnrealGDKExampleProject/Game/Content/UI/Blueprints/BP_SessionScreen.uasset" 140
"../../../../UnrealGDKExampleProject/Game/Content/UI/Textures/UI_T_Dot.uasset" 141
"../../../../UnrealGDKExampleProject/Game/Content/UI/Textures/UI_T_Error_X.uasset" 142
"../../../../UnrealGDKExampleProject/Game/Content/UI/Textures/UI_T_Progress_Spinner.uasset" 143
"../../../../UnrealGDKExampleProject/Game/Content/UI/Blueprints/BP_SpinnerWidget.uasset" 144
"../../../../UnrealGDKExampleProject/Game/Content/UI/Textures/UI_T_Splash_Spatial_Unreal.uasset" 145
"../../../../UnrealGDKExampleProject/Game/Content/UI/Blueprints/BP_Splash.uasset" 146
"../../../../UnrealGDKExampleProject/Game/Content/UI/Blueprints/Scores/BP_GDKPlayerScoreDividersWidget.uasset" 147
"../../../../UnrealGDKExampleProject/Game/Content/UI/Blueprints/Scores/BP_GDKPlayerScoreTitleWidget.uasset" 148
"../../../../UnrealGDKExampleProject/Game/Content/UI/Blueprints/Scores/BP_GDKPlayerScoreWidget.uasset" 149
"../../../../UnrealGDKExampleProject/Game/Content/UI/Blueprints/Scores/BP_ScoreTableWidget.uasset" 150
"../../../../UnrealGDKExampleProject/Game/Content/UI/Blueprints/Scores/BP_GDKLiveScoreboard.uasset" 151
"../../../../UnrealGDKExampleProject/Game/Content/UI/Textures/Crosshairs/UI_T_Crosshair_HeavyMachineGun_M.uasset" 152
"../../../../UnrealGDKExampleProject/Game/Content/UI/Materials/Crosshairs/MI_UI_Crosshair_HeavyMachineGun.uasset" 153
"../../../../UnrealGDKExampleProject/Game/Content/UI/Textures/Crosshairs/UI_T_Crosshair_RailGun_M.uasset" 154
"../../../../UnrealGDKExampleProject/Game/Content/UI/Materials/Crosshairs/MI_UI_Crosshair_RailGun.uasset" 155
"../../../../UnrealGDKExampleProject/Game/Content/UI/Textures/Crosshairs/UI_T_Crosshair_RocketLauncher_M.uasset" 156
"../../../../UnrealGDKExampleProject/Game/Content/UI/Materials/Crosshairs/MI_UI_Crosshair_RocketLauncher.uasset" 157
"../../../../UnrealGDKExampleProject/Game/Content/UI/Textures/Crosshairs/UI_T_Crosshair_SniperRifle_M.uasset" 158
"../../../../UnrealGDKExampleProject/Game/Content/UI/Materials/Crosshairs/MI_UI_Crosshair_SniperRifle.uasset" 159
"../../../../UnrealGDKExampleProject/Game/Content/UI/Textures/Crosshairs/UI_T_Crosshair_SubMachineGun_M.uasset" 160
"../../../../UnrealGDKExampleProject/Game/Content/UI/Materials/Crosshairs/MI_UI_Crosshair_SubMachineGun.uasset" 161
"../../../../UnrealGDKExampleProject/Game/Content/UI/Textures/Crosshairs/UI_T_Crosshair_TripleShot_M.uasset" 162
"../../../../UnrealGDKExampleProject/Game/Content/UI/Materials/Crosshairs/MI_UI_Crosshair_TripleShot.uasset" 163
"../../../../UnrealGDKExampleProject/Game/Content/UI/OnlinePlayers/Blueprints/BP_OnlinePlayerWidget.uasset" 164
"../../../../UnrealGDKExampleProject/Game/Content/UI/OnlinePlayers/Blueprints/BP_OnlinePlayerScrollBox.uasset" 165
"../../../../UnrealGDKExampleProject/Game/Content/UI/PartyInvites/BP_PartyInviteWidget.uasset" 166
"../../../../UnrealGDKExampleProject/Game/Content/UI/PartyInvites/BP_PartyInviteBox.uasset" 167
"../../../../UnrealGDKExampleProject/Game/Content/UI/PartyInvites/BP_PartyInvitePanel.uasset" 168
"../../../../UnrealGDKExampleProject/Game/Content/UI/OnlinePlayers/Blueprints/BP_OnlinePlayersScreen.uasset" 169
"../../../../UnrealGDKExampleProject/Game/Content/UI/Shared/Blueprints/BP_LeaveButton.uasset" 170
"../../../../UnrealGDKExampleProject/Game/Content/UI/TeamRanking/BluePrints/BP_PlayerRankingWidget.uasset" 171
"../../../../UnrealGDKExampleProject/Game/Content/UI/TeamRanking/BluePrints/BP_TeamRankingScreen.uasset" 172
"../../../../UnrealGDKExampleProject/Game/Content/UI/Textures/UI_T_Armour_Icon.uasset" 173
"../../../../UnrealGDKExampleProject/Game/Content/UI/Textures/UI_T_Blue_Team_Banner.uasset" 174
"../../../../UnrealGDKExampleProject/Game/Content/UI/Textures/UI_T_Blue_Team_Button.uasset" 175
"../../../../UnrealGDKExampleProject/Game/Content/UI/Textures/UI_T_Logo_Spatial_GDK_Splash.uasset" 176
"../../../../UnrealGDKExampleProject/Game/Content/UI/Textures/UI_T_Orange_Team_Banner.uasset" 177
"../../../../UnrealGDKExampleProject/Game/Content/UI/Textures/UI_T_Orange_Team_Button.uasset" 178
"../../../../UnrealGDKExampleProject/Game/Content/UI/Textures/UI_T_Player_Avatar_CamoDesert.uasset" 179
"../../../../UnrealGDKExampleProject/Game/Content/UI/Textures/UI_T_Player_Avatar_CamoUrban.uasset" 180
"../../../../UnrealGDKExampleProject/Game/Content/UI/Textures/UI_T_Player_Button_CamoDesert.uasset" 181
"../../../../UnrealGDKExampleProject/Game/Content/UI/Textures/UI_T_Player_Button_CamoUrban.uasset" 182
"../../../../UnrealGDKExampleProject/Game/Content/UI/Textures/UI_T_Purple_Team_Banner.uasset" 183
"../../../../UnrealGDKExampleProject/Game/Content/UI/Textures/UI_T_Purple_Team_Button.uasset" 184
"../../../../UnrealGDKExampleProject/Game/Content/UI/Textures/UI_T_Red_Team_Banner.uasset" 185
"../../../../UnrealGDKExampleProject/Game/Content/UI/Textures/UI_T_Red_Team_Button.uasset" 186
"../../../../UnrealGDKExampleProject/Game/Content/UI/Textures/UI_T_Reticle.uasset" 187
"../../../../UnrealGDKExampleProject/Game/Content/UI/Textures/UI_T_Text_Select_Your_Team.uasset" 188
"../../../../UnrealGDKExampleProject/Game/Content/UI/WinningTeam/Blueprints/BP_WinningTeamWidget.uasset" 189
"../../../../UnrealGDKExampleProject/Game/Content/UI/WinningTeam/Blueprints/BP_WinningTeamScreen.uasset" 190
"../../../Engine/Content/Animation/DefaultAnimBoneCompressionSettings.uasset" 191
"../../../Engine/Content/Animation/DefaultAnimCurveCompressionSettings.uasset" 192
"../../../Engine/Content/Functions/Engine_MaterialFunctions01/Opacity/CameraDepthFade.uasset" 193
"../../../Engine/Content/EngineMaterials/T_Default_Material_Grid_M.uasset" 194
"../../../Engine/Content/EngineMaterials/T_Default_Material_Grid_N.uasset" 195
"../../../Engine/Content/EngineMaterials/WorldGridMaterial.uasset" 196
"../../../Engine/Content/ArtTools/RenderToTexture/Meshes/S_1_Unit_Plane.uasset" 197
"../../../Engine/Content/EngineMaterials/DefaultMaterial.uasset" 198
"../../../Engine/Content/BasicShapes/Cylinder.uasset" 199
"../../../Engine/Content/EditorLandscapeResources/DataLayer.uasset" 200
"../../../Engine/Content/EditorMaterials/MAT_Groups_Toggle.uasset" 201
"../../../Engine/Content/EditorMaterials/MAT_Groups_Visibility.uasset" 202
"../../../Engine/Content/EditorMaterials/PreviewShadowIndicator.uasset" 203
"../../../Engine/Content/EditorMaterials/PreviewShadowIndicatorMaterial.uasset" 204
"../../../Engine/Content/EditorMaterials/MatineeGroups/MAT_ColorTrack.uasset" 205
"../../../Engine/Content/EditorMaterials/MatineeGroups/MAT_Groups_Anim.uasset" 206
"../../../Engine/Content/EditorMaterials/MatineeGroups/MAT_Groups_AudioMaster.uasset" 207
"../../../Engine/Content/EditorMaterials/MatineeGroups/MAT_Groups_Director.uasset" 208
"../../../Engine/Content/EditorMaterials/MatineeGroups/MAT_Groups_Event.uasset" 209
"../../../Engine/Content/EditorMaterials/MatineeGroups/MAT_Groups_Fade.uasset" 210
"../../../Engine/Content/EditorMaterials/MatineeGroups/MAT_Groups_Float.uasset" 211
"../../../Engine/Content/EditorMaterials/MatineeGroups/MAT_Groups_Move.uasset" 212
"../../../Engine/Content/EditorMaterials/MatineeGroups/MAT_Groups_Slomo.uasset" 213
"../../../Engine/Content/EditorMaterials/MatineeGroups/MAT_Groups_Sound.uasset" 214
"../../../Engine/Content/EditorMaterials/MatineeGroups/MAT_Groups_Vector.uasset" 215
"../../../Engine/Content/EditorMaterials/ParticleSystems/PSysThumbnail_NoImage.uasset" 216
"../../../Engine/Content/EditorMaterials/ParticleSystems/PSysThumbnail_OOD.uasset" 217
"../../../Engine/Content/EditorMaterials/Camera/CineMat.uasset" 218
"../../../Engine/Content/EditorMaterials/Camera/MI_CineMat_Rig.uasset" 219
"../../../Engine/Content/EditorMeshes/Camera/SM_CraneRig_Arm.uasset" 220
"../../../Engine/Content/EditorMeshes/Camera/SM_CraneRig_Base.uasset" 221
"../../../Engine/Content/EditorMeshes/Camera/SM_CraneRig_Body.uasset" 222
"../../../Engine/Content/EditorMeshes/Camera/SM_CraneRig_Mount.uasset" 223
"../../../Engine/Content/EditorMeshes/Camera/SM_RailRig_Mount.uasset" 224
"../../../Engine/Content/EditorMeshes/Camera/SM_RailRig_Track.uasset" 225
"../../../Engine/Content/EditorResources/BSPVertex.uasset" 226
"../../../Engine/Content/EditorResources/EmptyActor.uasset" 227
"../../../Engine/Content/EditorResources/S_Actor.uasset" 228
"../../../Engine/Content/EditorResources/S_Note.uasset" 229
"../../../Engine/Content/EditorResources/S_Solver.uasset" 230
"../../../Engine/Content/EditorResources/S_Trigger.uasset" 231
"../../../Engine/Content/EditorResources/SequenceRecorder/Countdown.uasset" 232
"../../../Engine/Content/EditorResources/SequenceRecorder/RecordingIndicator.uasset" 233
"../../../Engine/Content/EditorSounds/Notifications/CompileFailed.uasset" 234
"../../../Engine/Content/EditorSounds/Notifications/CompileFailed_Cue.uasset" 235
"../../../Engine/Content/EditorSounds/Notifications/CompileSuccess.uasset" 236
"../../../Engine/Content/EditorSounds/Notifications/CompileStart_Cue.uasset" 237
"../../../Engine/Content/EditorSounds/Notifications/CompileSuccess_Cue.uasset" 238
"../../../Engine/Content/EngineDamageTypes/DmgTypeBP_Environmental.uasset" 239
"../../../Engine/Content/EngineDebugMaterials/DebugEditorMaterial.uasset" 240
"../../../Engine/Content/EngineDebugMaterials/DebugMeshMaterial.uasset" 241
"../../../Engine/Content/EngineDebugMaterials/M_SimpleUnlitTranslucent.uasset" 242
"../../../Engine/Content/Functions/Engine_MaterialFunctions02/Utility/CameraDirectionVector.uasset" 243
"../../../Engine/Content/EngineDebugMaterials/VolumeToRender.uasset" 244
"../../../Engine/Content/EngineDebugMaterials/M_VolumeRenderSphereTracePP.uasset" 245
"../../../Engine/Content/EngineDebugMaterials/WireframeMaterial.uasset" 246
"../../../Engine/Content/EngineMaterials/BaseFlattenDiffuseMap.uasset" 247
"../../../Engine/Content/EngineMaterials/BaseFlattenEmissiveMap.uasset" 248
"../../../Engine/Content/EngineMaterials/BaseFlattenGrayscaleMap.uasset" 249
"../../../Engine/Content/EngineMaterials/BaseFlattenMaterial.uasset" 250
"../../../Engine/Content/EngineMaterials/BlueNoise.uasset" 251
"../../../Engine/Content/EngineMaterials/DefaultBloomKernel.uasset" 252
"../../../Engine/Content/EngineMaterials/DefaultBokeh.uasset" 253
"../../../Engine/Content/EngineMaterials/DefaultDeferredDecalMaterial.uasset" 254
"../../../Engine/Content/EngineMaterials/DefaultLightFunctionMaterial.uasset" 255
"../../../Engine/Content/EngineMaterials/DefaultPhysicalMaterial.uasset" 256
"../../../Engine/Content/EngineMaterials/DefaultPostProcessMaterial.uasset" 257
"../../../Engine/Content/EngineFonts/RobotoDistanceField.uasset" 258
"../../../Engine/Content/EngineMaterials/DefaultTextMaterialOpaque.uasset" 259
"../../../Engine/Content/EngineMaterials/DefaultWhiteGrid.uasset" 260
"../../../Engine/Content/EngineMaterials/DefaultWhiteGrid_Low.uasset" 261
"../../../Engine/Content/EngineMaterials/EmissiveMeshMaterial.uasset" 262
"../../../Engine/Content/EngineMaterials/GizmoMaterial.uasset" 263
"../../../Engine/Content/EngineMaterials/MiniFont.uasset" 264
"../../../Engine/Content/EngineMaterials/InvalidLightmapSettings.uasset" 265
"../../../Engine/Content/EngineMaterials/M_InvalidLightmapSettings.uasset" 266
"../../../Engine/Content/Functions/Engine_MaterialFunctions02/WorldPositionOffset/CameraOffset.uasset" 267
"../../../Engine/Content/EngineMaterials/PhAT_JointLimitMaterial.uasset" 268
"../../../Engine/Content/EngineMaterials/PreintegratedSkinBRDF.uasset" 269
"../../../Engine/Content/EngineMaterials/RemoveSurfaceMaterial.uasset" 270
"../../../Engine/Content/EngineMaterials/WeightMapPlaceholderTexture.uasset" 271
"../../../Engine/Content/EngineResources/WhiteSquareTexture.uasset" 272
"../../../Engine/Content/EngineMaterials/Widget3DPassThrough.uasset" 273
"../../../Engine/Content/EngineMaterials/Widget3DPassThrough_Masked.uasset" 274
"../../../Engine/Content/EngineMaterials/Widget3DPassThrough_Opaque.uasset" 275
"../../../Engine/Content/EngineMaterials/Widget3DPassThrough_Masked_OneSided.uasset" 276
"../../../Engine/Content/EngineMaterials/Widget3DPassThrough_Opaque_OneSided.uasset" 277
"../../../Engine/Content/EngineMaterials/Widget3DPassThrough_Translucent.uasset" 278
"../../../Engine/Content/EngineMaterials/Widget3DPassThrough_Translucent_OneSided.uasset" 279
"../../../Engine/Content/EngineMeshes/Cylinder.uasset" 280
"../../../Engine/Content/EngineMeshes/Sphere.uasset" 281
"../../../Engine/Content/EngineResources/Black.uasset" 282
"../../../Engine/Content/EngineResources/DefaultTexture.uasset" 283
"../../../Engine/Content/EngineResources/DefaultTextureCube.uasset" 284
"../../../Engine/Content/EngineResources/DefaultVolumeTexture2D.uasset" 285
"../../../Engine/Content/EngineResources/DefaultVolumeTexture.uasset" 286
"../../../Engine/Content/EngineResources/GradientTexture0.uasset" 287
"../../../Engine/Content/EngineSounds/Master.uasset" 288
"../../../Engine/Content/Functions/Engine_MaterialFunctions01/Shading/ConvertFromDiffSpec.uasset" 289
"../../../Engine/Content/Functions/Engine_MaterialFunctions01/Shading/PowerToRoughness.uasset" 290
"../../../Engine/Content/Maps/Templates/Thumbnails/Default.uasset" 291
"../../../Engine/Content/Maps/Templates/Thumbnails/TimeOfDay.uasset" 292
"../../../Engine/Content/Maps/Templates/Thumbnails/VR-Basic.uasset" 293
"../../../Engine/Content/MobileResources/T_MobileControls_texture.uasset" 294
"../../../Engine/Content/MobileResources/T_MobileMenu2.uasset" 295
"../../../Engine/Content/MobileResources/HUD/AnalogHat.uasset" 296
"../../../Engine/Content/MobileResources/HUD/VirtualJoystick_Background.uasset" 297
"../../../Engine/Content/MobileResources/HUD/VirtualJoystick_Thumb.uasset" 298
"../../../Engine/Content/MobileResources/HUD/DefaultVirtualJoysticks.uasset" 299
"../../../Engine/Content/MobileResources/HUD/LeftVirtualJoystickOnly.uasset" 300
"../../../Engine/Content/MobileResources/HUD/MobileHUDButton1_off.uasset" 301
"../../../Engine/Content/MobileResources/HUD/MobileHUDButton1_on.uasset" 302
"../../../Engine/Content/MobileResources/HUD/MobileHUDButton2_off.uasset" 303
"../../../Engine/Content/MobileResources/HUD/MobileHUDButton2_on.uasset" 304
"../../../Engine/Content/MobileResources/HUD/MobileHUDButton3.uasset" 305
"../../../Engine/Content/MobileResources/HUD/MobileHUDButtonFire.uasset" 306
"../../../Engine/Content/MobileResources/HUD/MobileHUDDirectionPad.uasset" 307
"../../../Engine/Content/MobileResources/HUD/MobileHUDDirectionPad2.uasset" 308
"../../../Engine/Content/MobileResources/HUD/MobileHUDDirectionPad3.uasset" 309
"../../../Engine/Content/MobileResources/HUD/MobileHUDDirectionStick.uasset" 310
"../../../Engine/Content/MobileResources/HUD/T_Castle_ThumbstickInner.uasset" 311
"../../../Engine/Content/MobileResources/HUD/T_Castle_ThumbstickOutter.uasset" 312
"../../../Engine/Content/Tutorial/ContentIntroCurve.uasset" 313
"../../../Engine/Content/Tutorial/Basics/LevelEditorAttract.uasset" 314
"../../../Engine/Content/VREditor/LaserPointer/VR_LaserPower_01.uasset" 315
"../../../Engine/Content/VREditor/TransformGizmo/TransformGizmoMaterial.uasset" 316
"../../../Engine/Content/VREditor/TransformGizmo/TranslucentTransformGizmoMaterial.uasset" 317
"../../../Engine/Content/VREditor/TransformGizmo/BoundingBoxCorner.uasset" 318
"../../../Engine/Content/VREditor/TransformGizmo/BoundingBoxEdge.uasset" 319
"../../../Engine/Content/VREditor/TransformGizmo/PlaneTranslationHandle.uasset" 320
"../../../Engine/Content/VREditor/TransformGizmo/Main.uasset" 321
"../../../Engine/Content/VREditor/TransformGizmo/Xray.uasset" 322
"../../../Engine/Content/VREditor/TransformGizmo/SM_Sequencer_Key.uasset" 323
"../../../Engine/Content/VREditor/TransformGizmo/SM_Sequencer_Node.uasset" 324
"../../Plugins/2D/Paper2D/Content/PlaceholderTextures/DummySpriteTexture.uasset" 325
"../../Plugins/2D/Paper2D/Content/DummySprite.uasset" 326
"../../Plugins/2D/Paper2D/Content/DefaultPaperTerrainMaterial.uasset" 327
"../../Plugins/2D/Paper2D/Content/DefaultSpriteMaterial.uasset" 328
"../../Plugins/2D/Paper2D/Content/MaskedUnlitSpriteMaterial.uasset" 329
"../../Plugins/2D/Paper2D/Content/OpaqueUnlitSpriteMaterial.uasset" 330
"../../Plugins/FX/Niagara/Content/Enums/ENiagaraBooleanLogicOps.uasset" 331
"../../Plugins/FX/Niagara/Content/Enums/ENiagaraCoordinateSpace.uasset" 332
"../../Plugins/FX/Niagara/Content/Enums/ENiagaraExpansionMode.uasset" 333
"../../Plugins/FX/Niagara/Content/Enums/ENiagaraOrientationAxis.uasset" 334
"../../Plugins/FX/Niagara/Content/Enums/ENiagaraRandomnessMode.uasset" 335
"../../../Engine/Content/Functions/Engine_MaterialFunctions02/Utility/BreakOutFloat4Components.uasset" 336
"../../Plugins/Runtime/Oculus/OculusVR/Content/Materials/OculusMR_ChromaKey.uasset" 337
"../../Plugins/Runtime/Oculus/OculusVR/Content/Materials/OculusMR_ChromaKey_Lit.uasset" 338
"../../Plugins/Runtime/Oculus/OculusVR/Content/Materials/OculusMR_OpaqueColoredMaterial.uasset" 339
"../../Plugins/Runtime/Oculus/OculusVR/Content/Materials/OculusMR_WhiteMaterial.uasset" 340
"../../../Engine/Content/BasicShapes/Cone.uasset" 341
"../../../Engine/Content/BasicShapes/Sphere.uasset" 342
"../../../../UnrealGDKExampleProject/Game/Content/Blueprints/NPCs/PatrolPoint.uasset" 343
"../../../../UnrealGDKExampleProject/Game/Content/Environment/GDKPlayerStart.uasset" 344
"../../../../UnrealGDKExampleProject/Game/Content/Environment/TeamPlayerStart.uasset" 345
"../../../Engine/Content/EngineSky/C_Sky_Cloud_Color.uasset" 346
"../../../Engine/Content/EngineSky/C_Sky_Horizon_Color.uasset" 347
"../../../Engine/Content/EngineSky/C_Sky_Zenith_Color.uasset" 348
"../../../Engine/Content/EngineSky/T_Sky_Blue.uasset" 349
"../../../Engine/Content/EngineSky/T_Sky_Clouds_M.uasset" 350
"../../../Engine/Content/EngineSky/T_Sky_Stars.uasset" 351
"../../../Engine/Content/EngineSky/M_Sky_Panning_Clouds2.uasset" 352
"../../../Engine/Content/EngineSky/SM_SkySphere.uasset" 353
"../../../Engine/Content/EngineSky/BP_Sky_Sphere.uasset" 354
"../../../Engine/Content/EditorBlueprintResources/ActorMacros.uasset" 355
"../../../Engine/Content/EngineMeshes/Humanoid.uasset" 356
"../../../../UnrealGDKExampleProject/Game/Content/Characters/Player/Meshes/CH_SK_PlayerRobot_Skeleton.uasset" 357
"../../../../UnrealGDKExampleProject/Game/Content/Characters/Player/Animations/Crouch/CH_Robot_Crouch_Idle.uasset" 358
"../../../../UnrealGDKExampleProject/Game/Content/Characters/Player/Animations/Crouch/CH_Robot_Crouch_Idle_ADS.uasset" 359
"../../../../UnrealGDKExampleProject/Game/Content/Characters/Player/Animations/Crouch/CH_Robot_Crouch_Look_Centre.uasset" 360
"../../../../UnrealGDKExampleProject/Game/Content/Characters/Player/Animations/Crouch/CH_Robot_Crouch_Look_Centre_ADS.uasset" 361
"../../../../UnrealGDKExampleProject/Game/Content/Characters/Player/Animations/IdlesAndLooks/CH_Robot_Idle.uasset" 362
"../../../../UnrealGDKExampleProject/Game/Content/Characters/Player/Animations/IdlesAndLooks/CH_Robot_Idle_ADS.uasset" 363
"../../../../UnrealGDKExampleProject/Game/Content/Characters/Player/Animations/IdlesAndLooks/CH_Robot_Look_Centre.uasset" 364
"../../../../UnrealGDKExampleProject/Game/Content/Characters/Player/Animations/IdlesAndLooks/CH_Robot_Look_Centre_ADS.uasset" 365
"../../../../UnrealGDKExampleProject/Game/Content/Characters/Player/Animations/Jumps/CH_Robot_Jump_Idle_Falling.uasset" 366
"../../../../UnrealGDKExampleProject/Game/Content/Characters/Player/Animations/Jumps/CH_Robot_Jump_Idle_Falling_Fwd.uasset" 367
"../../../../UnrealGDKExampleProject/Game/Content/Characters/Player/Animations/Jumps/CH_Robot_Jump_Idle_Rising.uasset" 368
"../../../../UnrealGDKExampleProject/Game/Content/Characters/Player/Animations/Jumps/CH_Robot_Jump_Idle_Rising_Fwd.uasset" 369
"../../../../UnrealGDKExampleProject/Game/Content/Characters/Player/Animations/Blendspaces/BS_Robot_Jump_Idle.uasset" 370
"../../../../UnrealGDKExampleProject/Game/Content/Characters/Player/Animations/Crouch/CH_Robot_Crouch_Bwd.uasset" 371
"../../../../UnrealGDKExampleProject/Game/Content/Characters/Player/Animations/Crouch/CH_Robot_Crouch_Fwd.uasset" 372
"../../../../UnrealGDKExampleProject/Game/Content/Characters/Player/Animations/Crouch/CH_Robot_Crouch_L135.uasset" 373
"../../../../UnrealGDKExampleProject/Game/Content/Characters/Player/Animations/Crouch/CH_Robot_Crouch_L45.uasset" 374
"../../../../UnrealGDKExampleProject/Game/Content/Characters/Player/Animations/Crouch/CH_Robot_Crouch_L90.uasset" 375
"../../../../UnrealGDKExampleProject/Game/Content/Characters/Player/Animations/Crouch/CH_Robot_Crouch_R135.uasset" 376
"../../../../UnrealGDKExampleProject/Game/Content/Characters/Player/Animations/Crouch/CH_Robot_Crouch_R45.uasset" 377
"../../../../UnrealGDKExampleProject/Game/Content/Characters/Player/Animations/Crouch/CH_Robot_Crouch_R90.uasset" 378
"../../../../UnrealGDKExampleProject/Game/Content/Characters/Player/Animations/Blendspaces/BS_Robot_Crouch.uasset" 379
"../../../../UnrealGDKExampleProject/Game/Content/Characters/Player/Animations/Crouch/CH_Robot_Crouch_Bwd_ADS.uasset" 380
"../../../../UnrealGDKExampleProject/Game/Content/Characters/Player/Animations/Crouch/CH_Robot_Crouch_Fwd_ADS.uasset" 381
"../../../../UnrealGDKExampleProject/Game/Content/Characters/Player/Animations/Crouch/CH_Robot_Crouch_L135_ADS.uasset" 382
"../../../../UnrealGDKExampleProject/Game/Content/Characters/Player/Animations/Crouch/CH_Robot_Crouch_L45_ADS.uasset" 383
"../../../../UnrealGDKExampleProject/Game/Content/Characters/Player/Animations/Crouch/CH_Robot_Crouch_L90_ADS.uasset" 384
"../../../../UnrealGDKExampleProject/Game/Content/Characters/Player/Animations/Crouch/CH_Robot_Crouch_R135_ADS.uasset" 385
"../../../../UnrealGDKExampleProject/Game/Content/Characters/Player/Animations/Crouch/CH_Robot_Crouch_R45_ADS.uasset" 386
"../../../../UnrealGDKExampleProject/Game/Content/Characters/Player/Animations/Crouch/CH_Robot_Crouch_R90_ADS.uasset" 387
"../../../../UnrealGDKExampleProject/Game/Content/Characters/Player/Animations/Blendspaces/BS_Robot_Crouch_ADS.uasset" 388
"../../../../UnrealGDKExampleProject/Game/Content/Characters/Player/Animations/Locomotion/CH_Robot_Jog_Bwd.uasset" 389
"../../../../UnrealGDKExampleProject/Game/Content/Characters/Player/Animations/Locomotion/CH_Robot_Jog_Fwd.uasset" 390
"../../../../UnrealGDKExampleProject/Game/Content/Characters/Player/Animations/Locomotion/CH_Robot_Jog_L135.uasset" 391
"../../../../UnrealGDKExampleProject/Game/Content/Characters/Player/Animations/Locomotion/CH_Robot_Jog_L45.uasset" 392
"../../../../UnrealGDKExampleProject/Game/Content/Characters/Player/Animations/Locomotion/CH_Robot_Jog_L90.uasset" 393
"../../../../UnrealGDKExampleProject/Game/Content/Characters/Player/Animations/Locomotion/CH_Robot_Jog_R135.uasset" 394
"../../../../UnrealGDKExampleProject/Game/Content/Characters/Player/Animations/Locomotion/CH_Robot_Jog_R45.uasset" 395
"../../../../UnrealGDKExampleProject/Game/Content/Characters/Player/Animations/Locomotion/CH_Robot_Jog_R90.uasset" 396
"../../../../UnrealGDKExampleProject/Game/Content/Characters/Player/Animations/Blendspaces/BS_Robot_Jog.uasset" 397
"../../../../UnrealGDKExampleProject/Game/Content/Characters/Player/Animations/Jumps/CH_Robot_Jump_Intro.uasset" 398
"../../../../UnrealGDKExampleProject/Game/Content/Characters/Player/Animations/Jumps/CH_Robot_Jump_Intro_Fwd.uasset" 399
"../../../../UnrealGDKExampleProject/Game/Content/Characters/Player/Animations/Blendspaces/BS_Robot_Jump_Intro.uasset" 400
"../../../../UnrealGDKExampleProject/Game/Content/Characters/Player/Animations/Jumps/CH_Robot_Jump_Outro.uasset" 401
"../../../../UnrealGDKExampleProject/Game/Content/Characters/Player/Animations/Jumps/CH_Robot_Jump_Outro_Fwd.uasset" 402
"../../../../UnrealGDKExampleProject/Game/Content/Characters/Player/Animations/Blendspaces/BS_Robot_Jump_Outro.uasset" 403
"../../../../UnrealGDKExampleProject/Game/Content/Characters/Player/Animations/Locomotion/CH_Robot_Sprint_Fwd.uasset" 404
"../../../../UnrealGDKExampleProject/Game/Content/Characters/Player/Animations/Locomotion/CH_Robot_Sprint_L45.uasset" 405
"../../../../UnrealGDKExampleProject/Game/Content/Characters/Player/Animations/Locomotion/CH_Robot_Sprint_R45.uasset" 406
"../../../../UnrealGDKExampleProject/Game/Content/Characters/Player/Animations/Blendspaces/BS_Robot_Sprint.uasset" 407
"../../../../UnrealGDKExampleProject/Game/Content/Characters/Player/Animations/Locomotion/CH_Robot_Walk_Bwd.uasset" 408
"../../../../UnrealGDKExampleProject/Game/Content/Characters/Player/Animations/Locomotion/CH_Robot_Walk_Fwd.uasset" 409
"../../../../UnrealGDKExampleProject/Game/Content/Characters/Player/Animations/Locomotion/CH_Robot_Walk_L135.uasset" 410
"../../../../UnrealGDKExampleProject/Game/Content/Characters/Player/Animations/Locomotion/CH_Robot_Walk_L45.uasset" 411
"../../../../UnrealGDKExampleProject/Game/Content/Characters/Player/Animations/Locomotion/CH_Robot_Walk_L90.uasset" 412
"../../../../UnrealGDKExampleProject/Game/Content/Characters/Player/Animations/Locomotion/CH_Robot_Walk_R135.uasset" 413
"../../../../UnrealGDKExampleProject/Game/Content/Characters/Player/Animations/Locomotion/CH_Robot_Walk_R45.uasset" 414
"../../../../UnrealGDKExampleProject/Game/Content/Characters/Player/Animations/Locomotion/CH_Robot_Walk_R90.uasset" 415
"../../../../UnrealGDKExampleProject/Game/Content/Characters/Player/Animations/Blendspaces/BS_Robot_Walk.uasset" 416
"../../../../UnrealGDKExampleProject/Game/Content/Characters/Player/Animations/Locomotion/CH_Robot_Walk_Bwd_ADS.uasset" 417
"../../../../UnrealGDKExampleProject/Game/Content/Characters/Player/Animations/Locomotion/CH_Robot_Walk_Fwd_ADS.uasset" 418
"../../../../UnrealGDKExampleProject/Game/Content/Characters/Player/Animations/Locomotion/CH_Robot_Walk_L135_ADS.uasset" 419
"../../../../UnrealGDKExampleProject/Game/Content/Characters/Player/Animations/Locomotion/CH_Robot_Walk_L45_ADS.uasset" 420
"../../../../UnrealGDKExampleProject/Game/Content/Characters/Player/Animations/Locomotion/CH_Robot_Walk_L90_ADS.uasset" 421
"../../../../UnrealGDKExampleProject/Game/Content/Characters/Player/Animations/Locomotion/CH_Robot_Walk_R135_ADS.uasset" 422
"../../../../UnrealGDKExampleProject/Game/Content/Characters/Player/Animations/Locomotion/CH_Robot_Walk_R45_ADS.uasset" 423
"../../../../UnrealGDKExampleProject/Game/Content/Characters/Player/Animations/Locomotion/CH_Robot_Walk_R90_ADS.uasset" 424
"../../../../UnrealGDKExampleProject/Game/Content/Characters/Player/Animations/Blendspaces/BS_Robot_Walk_ADS.uasset" 425
"../../../../UnrealGDKExampleProject/Game/Content/Characters/Player/Animations/AnimationBlueprints/CH_Robot_AnimBlueprint.uasset" 426
"../../../../UnrealGDKExampleProject/Game/Content/Characters/Components/BPI_OnHover.uasset" 427
"../../../Engine/Content/Functions/Engine_MaterialFunctions02/WorldPositionOffset/ComponentPivotLocation.uasset" 428
"../../../Engine/Content/Functions/Engine_MaterialFunctions02/WorldPositionOffset/LocalPosition.uasset" 429
"../../../../UnrealGDKExampleProject/Game/Content/Base/MaterialFunctions/MF_Object_Distance.uasset" 430
"../../../../UnrealGDKExampleProject/Game/Content/UI/Textures/UI_T_Nameplate_BG.uasset" 431
"../../../../UnrealGDKExampleProject/Game/Content/UI/Materials/M_Nameplate.uasset" 432
"../../../../UnrealGDKExampleProject/Game/Content/Characters/Player/Meshes/CH_SK_PlayerRobot_PhysicsAsset.uasset" 433
"../../../../UnrealGDKExampleProject/Game/Content/Characters/Player/Meshes/CH_SK_PlayerRobot.uasset" 434
"../../../../UnrealGDKExampleProject/Game/Content/Characters/BP_Base_Character.uasset" 435
"../../../../UnrealGDKExampleProject/Game/Content/Characters/Player/Animations/FirstPerson/CH_Robot_FP_ADS.uasset" 436
"../../../../UnrealGDKExampleProject/Game/Content/Characters/Player/Animations/FirstPerson/CH_Robot_FP_Idle_Jump_Falling.uasset" 437
"../../../../UnrealGDKExampleProject/Game/Content/Characters/Player/Animations/FirstPerson/CH_Robot_FP_Idle_Jump_Recovery.uasset" 438
"../../../../UnrealGDKExampleProject/Game/Content/Characters/Player/Animations/FirstPerson/CH_Robot_FP_Sprint.uasset" 439
"../../../../UnrealGDKExampleProject/Game/Content/Characters/Player/Animations/FirstPerson/CH_Robot_FP_Sprint_Jump_Falling.uasset" 440
"../../../../UnrealGDKExampleProject/Game/Content/Characters/Player/Animations/FirstPerson/CH_Robot_FP_Sprint_Jump_Recovery.uasset" 441
"../../../../UnrealGDKExampleProject/Game/Content/Characters/Player/Animations/FirstPerson/CH_Robot_Lean_Center.uasset" 442
"../../../../UnrealGDKExampleProject/Game/Content/Characters/Player/Animations/FirstPerson/CH_Robot_Lean_Left.uasset" 443
"../../../../UnrealGDKExampleProject/Game/Content/Characters/Player/Animations/FirstPerson/CH_Robot_Lean_Right.uasset" 444
"../../../../UnrealGDKExampleProject/Game/Content/Characters/Player/Animations/Blendspaces/BS_Robot_FirstPerson_Lean.uasset" 445
"../../../../UnrealGDKExampleProject/Game/Content/Characters/Player/Animations/FirstPerson/CH_Robot_FP_Idle.uasset" 446
"../../../../UnrealGDKExampleProject/Game/Content/Characters/Player/Animations/FirstPerson/CH_Robot_FP_Jog.uasset" 447
"../../../../UnrealGDKExampleProject/Game/Content/Characters/Player/Animations/Blendspaces/BS_Robot_FirstPerson_Locomotion.uasset" 448
"../../../../UnrealGDKExampleProject/Game/Content/Characters/Player/Animations/AnimationBlueprints/CH_Robot_FirstPerson_AnimBlueprint.uasset" 449
"../../../../UnrealGDKExampleProject/Game/Content/Characters/MetaData/MetaDataProvider.uasset" 450
"../../../Engine/Content/Functions/Engine_MaterialFunctions02/TangentBasis.uasset" 451
"../../../Engine/Content/Functions/Engine_MaterialFunctions02/Utility/BlendAngleCorrectedNormals.uasset" 452
"../../../Engine/Content/Functions/Engine_MaterialFunctions01/WorldPositionOffset/SplineThicken.uasset" 453
"../../../../UnrealGDKExampleProject/Game/Content/Base/Textures/T_Clouds_M.uasset" 454
"../../../../UnrealGDKExampleProject/Game/Content/VFX/Textures/Bullet_Tracer_M.uasset" 455
"../../../../UnrealGDKExampleProject/Game/Content/VFX/Materials/M_Spline_Tracer_MASTER.uasset" 456
"../../../../UnrealGDKExampleProject/Game/Content/VFX/Meshes/SM_Spline_Quad.uasset" 457
"../../../Engine/Content/Functions/Engine_MaterialFunctions01/Gradient/RadialGradient.uasset" 458
"../../../../UnrealGDKExampleProject/Game/Content/VFX/Particles/Materials/M_Radial_Sparks.uasset" 459
"../../../../UnrealGDKExampleProject/Game/Content/VFX/Textures/T_Smoke_SubUV.uasset" 460
"../../../../UnrealGDKExampleProject/Game/Content/VFX/Particles/Materials/M_smoke_subUV.uasset" 461
"../../../../UnrealGDKExampleProject/Game/Content/VFX/Textures/T_Spark_Core.uasset" 462
"../../../../UnrealGDKExampleProject/Game/Content/VFX/Particles/Materials/M_Spark.uasset" 463
"../../../../UnrealGDKExampleProject/Game/Content/VFX/Particles/SparksBurst_P.uasset" 464
"../../../../UnrealGDKExampleProject/Game/Content/VFX/BP_BulletTracer.uasset" 465
"../../../../UnrealGDKExampleProject/Game/Content/Blueprints/Weapons/BP_InstantWeapon.uasset" 466
"../../../../UnrealGDKExampleProject/Game/Content/Blueprints/Weapons/Shakes/AutomaticRifleShake.uasset" 467
"../../../../UnrealGDKExampleProject/Game/Content/Weapons/AssaultRifle/Textures/WP_T_AssaultRifle_Scope_M.uasset" 468
"../../../../UnrealGDKExampleProject/Game/Content/Weapons/AssaultRifle/Materials/WP_M_AssaultRifle_Glass.uasset" 469
"../../../../UnrealGDKExampleProject/Game/Content/VFX/Materials/Weapons/MI_Tracer_AssaultRifle.uasset" 470
"../../../Engine/Content/Functions/Engine_MaterialFunctions01/Density/ExponentialDensity.uasset" 471
"../../../Engine/Content/Functions/Engine_MaterialFunctions01/Gradient/RadialGradientExponential.uasset" 472
"../../../../UnrealGDKExampleProject/Game/Content/Base/Textures/T_Sphere_Normal_N.uasset" 473
"../../../../UnrealGDKExampleProject/Game/Content/VFX/Textures/T_MuzzleFlash_Side_BC.uasset" 474
"../../../../UnrealGDKExampleProject/Game/Content/VFX/Particles/Materials/M_Muzzle_Flash_Master.uasset" 475
"../../../../UnrealGDKExampleProject/Game/Content/VFX/Particles/Materials/M_muzzle_flash_fire.uasset" 476
"../../../../UnrealGDKExampleProject/Game/Content/VFX/Textures/Weapons/T_MuzzleFlash_Front_01_BC.uasset" 477
"../../../../UnrealGDKExampleProject/Game/Content/VFX/Particles/Materials/Weapons/MI_MuzzleFront_AssaultRifle.uasset" 478
"../../../../UnrealGDKExampleProject/Game/Content/VFX/Particles/MuzzleFlash_AssaultRifle_P.uasset" 479
"../../../../UnrealGDKExampleProject/Game/Content/Weapons/AssaultRifle/Meshes/WP_AssaultRifle_Rig_Skeleton.uasset" 480
"../../../../UnrealGDKExampleProject/Game/Content/Weapons/AssaultRifle/Meshes/WP_AssaultRifle_Rig.uasset" 481
"../../../../UnrealGDKExampleProject/Game/Content/Blueprints/Weapons/BP_AutomaticRifle.uasset" 482
"../../../../UnrealGDKExampleProject/Game/Content/Blueprints/Weapons/Shakes/GrenadeLauncherShake.uasset" 483
"../../../../UnrealGDKExampleProject/Game/Content/Blueprints/Weapons/BP_ProjectileWeapon.uasset" 484
"../../../../UnrealGDKExampleProject/Game/Content/VFX/Particles/Materials/M_Trail.uasset" 485
"../../../../UnrealGDKExampleProject/Game/Content/VFX/Particles/Grenade_Trail_P.uasset" 486
"../../../../UnrealGDKExampleProject/Game/Content/Blueprints/Weapons/Grenades/BP_Projectile.uasset" 487
"../../../../UnrealGDKExampleProject/Game/Content/VFX/Textures/T_Smoke_BC.uasset" 488
"../../../../UnrealGDKExampleProject/Game/Content/VFX/Textures/T_Smoke_Puff_BC.uasset" 489
"../../../../UnrealGDKExampleProject/Game/Content/VFX/Particles/Materials/M_Fire_Smoke_Master.uasset" 490
"../../../Engine/Content/Functions/Engine_MaterialFunctions03/Blends/Blend_SoftLight.uasset" 491
"../../../../UnrealGDKExampleProject/Game/Content/VFX/Particles/Materials/M_RadialPulse.uasset" 492
"../../../../UnrealGDKExampleProject/Game/Content/VFX/Particles/ExplosionMedium_P.uasset" 493
"../../../../UnrealGDKExampleProject/Game/Content/Weapons/GrenadeLauncher/Meshes/SM_GrenadeProjectile_Bouncy.uasset" 494
"../../../../UnrealGDKExampleProject/Game/Content/Blueprints/Weapons/Grenades/Grenade_Bouncing.uasset" 495
"../../../../UnrealGDKExampleProject/Game/Content/Weapons/GrenadeLauncher/Meshes/SM_GrenadeProjectile_Frag.uasset" 496
"../../../../UnrealGDKExampleProject/Game/Content/Blueprints/Weapons/Grenades/Grenade_Frag.uasset" 497
"../../../../UnrealGDKExampleProject/Game/Content/VFX/Particles/Materials/MI_SmokeGrenade.uasset" 498
"../../../../UnrealGDKExampleProject/Game/Content/VFX/Particles/SmokeGrenadeLarge_P.uasset" 499
"../../../../UnrealGDKExampleProject/Game/Content/Weapons/GrenadeLauncher/Meshes/SM_GrenadeProjectile_Smoke.uasset" 500
"../../../../UnrealGDKExampleProject/Game/Content/Blueprints/Weapons/Grenades/Grenade_Smoke.uasset" 501
"../../../../UnrealGDKExampleProject/Game/Content/Weapons/GrenadeLauncher/Meshes/SM_GrenadeProjectile_Sticky.uasset" 502
"../../../../UnrealGDKExampleProject/Game/Content/Blueprints/Weapons/Grenades/Grenade_Sticky.uasset" 503
"../../../../UnrealGDKExampleProject/Game/Content/UI/Textures/Crosshairs/UI_T_Crosshair_GrenadeLauncher_M.uasset" 504
"../../../../UnrealGDKExampleProject/Game/Content/UI/Materials/Crosshairs/MI_UI_Crosshair_GrenadeLauncher.uasset" 505
"../../../../UnrealGDKExampleProject/Game/Content/VFX/Textures/Weapons/T_MuzzleFlash_Front_03_BC.uasset" 506
"../../../../UnrealGDKExampleProject/Game/Content/VFX/Particles/Materials/Weapons/MI_MuzzleFront_GrenadeLauncher.uasset" 507
"../../../../UnrealGDKExampleProject/Game/Content/VFX/Particles/Materials/Weapons/MI_MuzzleSide_GrenadeLauncher.uasset" 508
"../../../../UnrealGDKExampleProject/Game/Content/VFX/Particles/MuzzleFlash_GrenadeLauncher_P.uasset" 509
"../../../../UnrealGDKExampleProject/Game/Content/Weapons/GrenadeLauncher/Meshes/SM_Text_Bounce.uasset" 510
"../../../../UnrealGDKExampleProject/Game/Content/Weapons/GrenadeLauncher/Meshes/SM_Text_Frag.uasset" 511
"../../../../UnrealGDKExampleProject/Game/Content/Weapons/GrenadeLauncher/Meshes/SM_Text_Smoke.uasset" 512
"../../../../UnrealGDKExampleProject/Game/Content/Weapons/GrenadeLauncher/Meshes/SM_Text_Sticky.uasset" 513
"../../../../UnrealGDKExampleProject/Game/Content/Weapons/GrenadeLauncher/Meshes/WP_GrenadeLauncher_Skeleton.uasset" 514
"../../../../UnrealGDKExampleProject/Game/Content/Weapons/GrenadeLauncher/Meshes/WP_GrenadeLauncher_Rig.uasset" 515
"../../../../UnrealGDKExampleProject/Game/Content/Weapons/Placeholder/Meshes/SM_Placeholder.uasset" 516
"../../../../UnrealGDKExampleProject/Game/Content/Weapons/Placeholder/Meshes/SM_Placeholder_GrenadeLauncher.uasset" 517
"../../../../UnrealGDKExampleProject/Game/Content/Blueprints/Weapons/BP_GrenadeLauncher_Frag.uasset" 518
"../../../Engine/Content/Functions/Engine_MaterialFunctions02/Math/Pi.uasset" 519
"../../../../UnrealGDKExampleProject/Game/Content/Base/Textures/T_Vignette_M.uasset" 520
"../../../../UnrealGDKExampleProject/Game/Content/Base/PostMaterials/M_Post_DirectionalDamageVignette.uasset" 521
"../../../../UnrealGDKExampleProject/Game/Content/Characters/Player/Meshes/CH_SK_PlayerRobot_FP_PhysicsAsset.uasset" 522
"../../../../UnrealGDKExampleProject/Game/Content/Characters/Player/Meshes/CH_SK_PlayerRobot_FP.uasset" 523
"../../../../UnrealGDKExampleProject/Game/Content/Characters/BP_FPS_Character.uasset" 524
"../../../Engine/Content/BasicShapes/BasicShapeMaterial.uasset" 525
"../../../../UnrealGDKExampleProject/Game/Content/Base/MasterMaterials/M_Pickup_MASTER.uasset" 526
"../../../../UnrealGDKExampleProject/Game/Content/Environment/Props/Materials/M_ControlPoint.uasset" 527
"../../../Engine/Content/BasicShapes/Cube.uasset" 528
"../../../../UnrealGDKExampleProject/Game/Content/Blueprints/Enum_ControlPointState.uasset" 529
"../../../../UnrealGDKExampleProject/Game/Content/UI/Blueprints/BP_ControlPointProgress.uasset" 530
"../../../../UnrealGDKExampleProject/Game/Content/Blueprints/BP_ControlPoint.uasset" 531
"../../../../UnrealGDKExampleProject/Game/Content/Environment/Props/Textures/T_Floor_A.uasset" 532
"../../../../UnrealGDKExampleProject/Game/Content/Environment/Props/Textures/T_Floor_M.uasset" 533
"../../../../UnrealGDKExampleProject/Game/Content/Environment/Props/Textures/T_Floor_N.uasset" 534
"../../../../UnrealGDKExampleProject/Game/Content/Base/MasterMaterials/M_Spatial_Floor_MASTER.uasset" 535
"../../../Engine/Content/BasicShapes/Plane.uasset" 536
"../../../../UnrealGDKExampleProject/Game/Content/Blueprints/MapBuilder/Data/BP_TileBase.uasset" 537
"../../../../UnrealGDKExampleProject/Game/Content/Environment/Props/Materials/MI_Pickup_Shield.uasset" 538
"../../../Engine/Content/Functions/Engine_MaterialFunctions02/WorldPositionOffset/ObjectPivotPoint.uasset" 539
"../../../../UnrealGDKExampleProject/Game/Content/VFX/Materials/M_Attract_Beam_MASTER.uasset" 540
"../../../../UnrealGDKExampleProject/Game/Content/VFX/Meshes/SM_Beam_Quad_1m.uasset" 541
"../../../../UnrealGDKExampleProject/Game/Content/VFX/Meshes/SM_Pickup_Base.uasset" 542
"../../../../UnrealGDKExampleProject/Game/Content/VFX/Meshes/SM_Shield_Pickup.uasset" 543
"../../../../UnrealGDKExampleProject/Game/Content/VFX/Particles/Bubble_Burst_P.uasset" 544
"../../../../UnrealGDKExampleProject/Game/Content/Blueprints/ShieldPickup.uasset" 545
"../../../../UnrealGDKExampleProject/Game/Content/Environment/Terrain/Textures/T_Terrain_Sides_M.uasset" 546
"../../../../UnrealGDKExampleProject/Game/Content/Environment/Terrain/Textures/T_Terrain_Sides_N.uasset" 547
"../../../../UnrealGDKExampleProject/Game/Content/Base/MasterMaterials/M_Spatial_Terrain_MASTER.uasset" 548
"../../../../UnrealGDKExampleProject/Game/Content/Environment/Terrain/Meshes/SM_Terrain_Bare_02.uasset" 549
"../../../../UnrealGDKExampleProject/Game/Content/Blueprints/MapBuilder/Tiles/Bare/BP_Tile_Bare_B.uasset" 550
"../../../../UnrealGDKExampleProject/Game/Content/Environment/Terrain/Meshes/SM_Terrain_Bare_05.uasset" 551
"../../../../UnrealGDKExampleProject/Game/Content/Blueprints/MapBuilder/Tiles/Bare/BP_Tile_Bare_E.uasset" 552
"../../../../UnrealGDKExampleProject/Game/Content/Environment/Terrain/Meshes/SM_Terrain_Bare_06.uasset" 553
"../../../../UnrealGDKExampleProject/Game/Content/Blueprints/MapBuilder/Tiles/Bare/BP_Tile_Bare_F.uasset" 554
"../../../Engine/Content/Functions/Engine_MaterialFunctions02/Texturing/CustomRotator.uasset" 555
"../../../../UnrealGDKExampleProject/Game/Content/Environment/Props/Textures/T_Projected_Default_M.uasset" 556
"../../../../UnrealGDKExampleProject/Game/Content/Environment/Props/Textures/T_Projected_Default_N.uasset" 557
"../../../../UnrealGDKExampleProject/Game/Content/Environment/Props/Textures/T_Trim_M.uasset" 558
"../../../../UnrealGDKExampleProject/Game/Content/Base/MasterMaterials/M_Spatial_Greybox_MASTER.uasset" 559
"../../../../UnrealGDKExampleProject/Game/Content/Environment/Props/Textures/T_Projected_Foliage_M.uasset" 560
"../../../../UnrealGDKExampleProject/Game/Content/Environment/Props/Materials/MI_Spatial_Greybox_Foliage.uasset" 561
"../../../../UnrealGDKExampleProject/Game/Content/Environment/Props/Textures/T_Projected_Variant_M.uasset" 562
"../../../../UnrealGDKExampleProject/Game/Content/Environment/Props/Materials/MI_Spatial_Greybox_Variant.uasset" 563
"../../../../UnrealGDKExampleProject/Game/Content/Environment/Props/Meshes/SM_Cube_1m.uasset" 564
"../../../../UnrealGDKExampleProject/Game/Content/Blueprints/MapBuilder/Tiles/Misc/BP_Tile_Buildings_A.uasset" 565
"../../../../UnrealGDKExampleProject/Game/Content/Blueprints/MapBuilder/Tiles/Misc/BP_Tile_Buildings_B.uasset" 566
"../../../../UnrealGDKExampleProject/Game/Content/Environment/Props/Textures/T_Projected_Glossy_M.uasset" 567
"../../../../UnrealGDKExampleProject/Game/Content/Environment/Props/Materials/MI_Spatial_Greybox_Glossy.uasset" 568
"../../../../UnrealGDKExampleProject/Game/Content/Environment/Props/Meshes/SM_Wedge_1m.uasset" 569
"../../../../UnrealGDKExampleProject/Game/Content/Blueprints/MapBuilder/Tiles/Misc/BP_Tile_Buildings_C.uasset" 570
"../../../../UnrealGDKExampleProject/Game/Content/Blueprints/MapBuilder/Tiles/Misc/BP_Tile_Park_A.uasset" 571
"../../../../UnrealGDKExampleProject/Game/Content/Environment/Props/Textures/T_Projected_Blank_M.uasset" 572
"../../../../UnrealGDKExampleProject/Game/Content/Environment/Props/Materials/MI_Spatial_Greybox_Railings.uasset" 573
"../../../../UnrealGDKExampleProject/Game/Content/Environment/Props/Meshes/SM_Railing_1m.uasset" 574
"../../../../UnrealGDKExampleProject/Game/Content/Environment/Props/Meshes/SM_Railing_4m.uasset" 575
"../../../../UnrealGDKExampleProject/Game/Content/Environment/Props/Meshes/SM_Railing_Riser_2m.uasset" 576
"../../../../UnrealGDKExampleProject/Game/Content/Environment/Props/Meshes/SM_Railing_Riser_4m.uasset" 577
"../../../../UnrealGDKExampleProject/Game/Content/Blueprints/MapBuilder/Tiles/Misc/BP_Tile_Structure_Bunker_A.uasset" 578
"../../../../UnrealGDKExampleProject/Game/Content/Blueprints/MapBuilder/Tiles/Misc/BP_Tile_Structure_Courtyard_A.uasset" 579
"../../../../UnrealGDKExampleProject/Game/Content/Environment/Props/Meshes/SM_Corner_1m.uasset" 580
"../../../../UnrealGDKExampleProject/Game/Content/Environment/Props/Meshes/SM_Ramp_25cm.uasset" 581
"../../../../UnrealGDKExampleProject/Game/Content/Blueprints/MapBuilder/Tiles/Misc/BP_Tile_Structure_Fortress_A.uasset" 582
"../../../../UnrealGDKExampleProject/Game/Content/Blueprints/MapBuilder/Tiles/Misc/BP_Tile_Structure_Tower_A.uasset" 583
"../../../../UnrealGDKExampleProject/Game/Content/Environment/Props/Meshes/SM_Railing_2m.uasset" 584
"../../../../UnrealGDKExampleProject/Game/Content/Environment/Props/Meshes/SM_Ramp_50cm.uasset" 585
"../../../../UnrealGDKExampleProject/Game/Content/Blueprints/MapBuilder/Tiles/Misc/BP_Tile_Structure_Tower_B.uasset" 586
"../../../../UnrealGDKExampleProject/Game/Content/Blueprints/MapBuilder/Tiles/Misc/BP_Tile_Structure_Walkways_A.uasset" 587
"../../../../UnrealGDKExampleProject/Game/Content/Blueprints/MapBuilder/Tiles/Misc/BP_Tile_Wild_A.uasset" 588
"../../../../UnrealGDKExampleProject/Game/Content/Blueprints/MapBuilder/Tiles/Misc/BP_Tile_Wild_B.uasset" 589
"../../../../UnrealGDKExampleProject/Game/Content/Blueprints/MapBuilder/Tiles/Misc/BP_Tile_Wild_C.uasset" 590
"../../../../UnrealGDKExampleProject/Game/Content/Environment/Terrain/Meshes/SM_Terrain_Mountain_01.uasset" 591
"../../../../UnrealGDKExampleProject/Game/Content/Blueprints/MapBuilder/Tiles/Terrain/BP_Tile_Mountain_A.uasset" 592
"../../../../UnrealGDKExampleProject/Game/Content/Environment/Terrain/Meshes/SM_Terrain_Mountain_02.uasset" 593
"../../../../UnrealGDKExampleProject/Game/Content/Blueprints/MapBuilder/Tiles/Terrain/BP_Tile_Mountain_B.uasset" 594
"../../../../UnrealGDKExampleProject/Game/Content/Environment/Terrain/Meshes/SM_Terrain_Mountain_03.uasset" 595
"../../../../UnrealGDKExampleProject/Game/Content/Blueprints/MapBuilder/Tiles/Terrain/BP_Tile_Mountain_C.uasset" 596
"../../../../UnrealGDKExampleProject/Game/Content/Blueprints/MapBuilder/Tiles/Towers/BP_Tile_Tower_A.uasset" 597
"../../../../UnrealGDKExampleProject/Game/Content/Blueprints/MapBuilder/Tiles/Towers/BP_Tile_Tower_B.uasset" 598
"../../../../UnrealGDKExampleProject/Game/Content/Base/MasterMaterials/M_TurretShield_MASTER.uasset" 599
"../../../../UnrealGDKExampleProject/Game/Content/TakeoverPrototype/Building/Fortification1.uasset" 600
"../../../../UnrealGDKExampleProject/Game/Content/TakeoverPrototype/Building/ShovelTest.uasset" 601
"../../../../UnrealGDKExampleProject/Game/Content/TakeoverPrototype/BP_FPS_Character_Takeover.uasset" 602
"../../../../UnrealGDKExampleProject/Game/Content/Blueprints/NPCs/BB_NPC.uasset" 603
"../../../../UnrealGDKExampleProject/Game/Content/Blueprints/NPCs/NPCTraceProvider.uasset" 604
"../../../../UnrealGDKExampleProject/Game/Content/Blueprints/NPCs/BTService_FireAtTarget.uasset" 605
"../../../../UnrealGDKExampleProject/Game/Content/Blueprints/NPCs/BTTask_ClearBlackboardValue.uasset" 606
"../../../../UnrealGDKExampleProject/Game/Content/Blueprints/NPCs/BTTask_FindPatrolPoint.uasset" 607
"../../../../UnrealGDKExampleProject/Game/Content/Blueprints/NPCs/BTTask_ScanForEnemies.uasset" 608
"../../../../UnrealGDKExampleProject/Game/Content/Blueprints/NPCs/BTTask_TetheredMoveTo.uasset" 609
"../../../../UnrealGDKExampleProject/Game/Content/Blueprints/NPCs/BTTask_UnocupyPatrolPoint.uasset" 610
"../../../../UnrealGDKExampleProject/Game/Content/Blueprints/NPCs/BT_NPC.uasset" 611
"../../../../UnrealGDKExampleProject/Game/Content/Blueprints/NPCs/NPC_Controller.uasset" 612
"../../../../UnrealGDKExampleProject/Game/Content/UI/Materials/M_CombatFeedback.uasset" 613
"../../../../UnrealGDKExampleProject/Game/Content/Blueprints/BP_DamageText.uasset" 614
"../../../../UnrealGDKExampleProject/Game/Content/Characters/Components/BP_FloatingCombatText.uasset" 615
"../../../../UnrealGDKExampleProject/Game/Content/Blueprints/NPCs/Character_NPC.uasset" 616
"../../../../UnrealGDKExampleProject/Game/Content/Blueprints/NPCs/NPCSpawner.uasset" 617
"../../../../UnrealGDKExampleProject/Game/Content/AI/BB_Wander.uasset" 618
"../../../../UnrealGDKExampleProject/Game/Content/AI/Services/BTService_RandomLocation.uasset" 619
"../../../../UnrealGDKExampleProject/Game/Content/AI/BT_Wander.uasset" 620
"../../../../UnrealGDKExampleProject/Game/Content/Controllers/BP_SimulatedPlayerAIController.uasset" 621
"../../../../UnrealGDKExampleProject/Game/Content/Characters/BP_SimulatedPlayerCharacter.uasset" 622
"../../../../UnrealGDKExampleProject/Game/Content/Controllers/Components/Menus.uasset" 623
"../../../../UnrealGDKExampleProject/Game/Content/Controllers/Components/MenuMediator.uasset" 624
"../../../../UnrealGDKExampleProject/Game/Content/GameMode/BP_TeamDeathmatchGameState.uasset" 625
"../../../../UnrealGDKExampleProject/Game/Content/Controllers/BP_GDK_PlayerController.uasset" 626
"../../../../UnrealGDKExampleProject/Game/Content/GameMode/BP_ControlGameState.uasset" 627
"../../../../UnrealGDKExampleProject/Game/Content/GameMode/BP_PlayerState.uasset" 628
"../../../../UnrealGDKExampleProject/Game/Content/UI/Blueprints/BP_GDK_HUD.uasset" 629
"../../../../UnrealGDKExampleProject/Game/Content/UI/Blueprints/BP_PlayerHUD_Control.uasset" 630
"../../../../UnrealGDKExampleProject/Game/Content/UI/Textures/UI_T_Text_Press_ESC_To_Return_To_Game.uasset" 631
"../../../../UnrealGDKExampleProject/Game/Content/UI/Blueprints/BP_QuitScreen.uasset" 632
"../../../../UnrealGDKExampleProject/Game/Content/UI/Textures/UI_T_Icon_Warning_Triangle.uasset" 633
"../../../../UnrealGDKExampleProject/Game/Content/UI/Textures/UI_T_Text_Press_Space_To_Respawn.uasset" 634
"../../../../UnrealGDKExampleProject/Game/Content/UI/Blueprints/BP_RespawnMenu.uasset" 635
"../../../../UnrealGDKExampleProject/Game/Content/UI/Blueprints/BP_TeamDeathmatch_LoginScreen.uasset" 636
"../../../../UnrealGDKExampleProject/Game/Content/UI/Blueprints/Scores/BP_TeamScoreTable.uasset" 637
"../../../../UnrealGDKExampleProject/Game/Content/UI/Blueprints/Scores/BP_GDKTeamDeathmatchScoreboard.uasset" 638
"../../../../UnrealGDKExampleProject/Game/Content/UI/Textures/UI_T_Text_Done.uasset" 639
"../../../../UnrealGDKExampleProject/Game/Content/UI/Textures/UI_T_Title_Results.uasset" 640
"../../../../UnrealGDKExampleProject/Game/Content/UI/Blueprints/Scores/BP_ResultsScreen.uasset" 641
"../../../../UnrealGDKExampleProject/Game/Content/UI/Blueprints/BP_HUD_Control.uasset" 642
"../../../../UnrealGDKExampleProject/Game/Content/GameMode/BP_ControlGameMode.uasset" 643
"../../../../UnrealGDKExampleProject/Game/Content/Base/PostMaterials/M_Post_Sharpen.uasset" 644
"../../../../UnrealGDKExampleProject/Game/Content/Base/MasterMaterials/MI_Spatial_Wall.uasset" 645
"../../../../UnrealGDKExampleProject/Game/Content/Base/Textures/T_Spatial_LUT_RGBTable16x1.uasset" 646
"../../../../UnrealGDKExampleProject/Game/Content/Environment/Background/Textures/T_Cloud_Traces_BC.uasset" 647
"../../../../UnrealGDKExampleProject/Game/Content/Environment/Background/Textures/T_Cloud_Traces_M.uasset" 648
"../../../../UnrealGDKExampleProject/Game/Content/Environment/Background/Materials/M_BackgroundClouds.uasset" 649
"../../../../UnrealGDKExampleProject/Game/Content/Environment/Background/Meshes/SM_BackgroundClouds.uasset" 650
"../../../../UnrealGDKExampleProject/Game/Content/Environment/Landscape/Textures/T_BackgroundTerrain_M.uasset" 651
"../../../../UnrealGDKExampleProject/Game/Content/Environment/Landscape/Materials/M_Background_Terrain.uasset" 652
"../../../../UnrealGDKExampleProject/Game/Content/Environment/Landscape/Meshes/SM_BackgroundTerrain_Central.uasset" 653
"../../../../UnrealGDKExampleProject/Game/Content/Environment/Landscape/Meshes/SM_BackgroundTerrain_Distant.uasset" 654
"../../../../UnrealGDKExampleProject/Game/Content/Maps/Control_Medium.umap" 655
"../../../../UnrealGDKExampleProject/Game/Content/Maps/Control_Small.umap" 656
"../../../../UnrealGDKExampleProject/Game/Content/TakeoverPrototype/BB_Takeover.uasset" 657
"../../../../UnrealGDKExampleProject/Game/Content/TakeoverPrototype/AI_Tracker.uasset" 658
"../../../../UnrealGDKExampleProject/Game/Content/TakeoverPrototype/BP_GDK_PlayerController_Takeover.uasset" 659
"../../../../UnrealGDKExampleProject/Game/Content/TakeoverPrototype/NPC_Controller_Takeover.uasset" 660
"../../../../UnrealGDKExampleProject/Game/Content/TakeoverPrototype/AI_Spawner.uasset" 661
"../../../../UnrealGDKExampleProject/Game/Content/TakeoverPrototype/BP_TakeoverGameState.uasset" 662
"../../../../UnrealGDKExampleProject/Game/Content/TakeoverPrototype/BP_TakeoverGameMode.uasset" 663
"../../../../UnrealGDKExampleProject/Game/Content/TakeoverPrototype/OffloadingTakeover.uasset" 664
"../../../../UnrealGDKExampleProject/Game/Content/TakeoverPrototype/Takeover_Medium.umap" 665
