"../../../../UnrealGDKExampleProject/Game/Content/Base/MasterMaterials/MF_Object_Distance.uasset" 0
"../../../../UnrealGDKExampleProject/Game/Content/Base/Textures/T_Sunlight_Clouds_BC.uasset" 1
"../../../../UnrealGDKExampleProject/Game/Content/Base/MasterMaterials/M_SunlightFunction.uasset" 2
"../../../Engine/Content/Functions/Engine_MaterialFunctions02/SafeNormalize.uasset" 3
"../../../Engine/Content/Functions/Engine_MaterialFunctions02/Utility/BreakOutFloat2Components.uasset" 4
"../../../Engine/Content/EngineMaterials/DefaultDiffuse.uasset" 5
"../../../Engine/Content/Functions/Engine_MaterialFunctions01/Texturing/TextureCropping.uasset" 6
"../../../Engine/Content/Functions/Engine_MaterialFunctions02/Utility/BreakOutFloat3Components.uasset" 7
"../../../Engine/Content/Functions/Engine_MaterialFunctions01/Texturing/ComputeMipLevel.uasset" 8
"../../../Engine/Content/Functions/Engine_MaterialFunctions02/ExampleContent/DebugNumberStrip.uasset" 9
"../../../Engine/Content/Functions/Engine_MaterialFunctions02/ExampleContent/Textures/DebugNumberPeriod.uasset" 10
"../../../Engine/Content/Functions/Engine_MaterialFunctions02/Utility/DebugScalarValues.uasset" 11
"../../../Engine/Content/Functions/Engine_MaterialFunctions02/Utility/DebugFloat3Values.uasset" 12
"../../../Engine/Content/Functions/Engine_MaterialFunctions02/Math/DeriveNormalZ_Function.uasset" 13
"../../../Engine/Content/Functions/Engine_MaterialFunctions02/Utility/BlendAngleCorrectedNormals.uasset" 14
"../../../Engine/Content/Functions/Engine_MaterialFunctions02/Utility/BreakOutFloat4Components.uasset" 15
"../../../../UnrealGDKExampleProject/Game/Content/Base/MaterialFunctions/MF_OverlaySimple.uasset" 16
"../../../../UnrealGDKExampleProject/Game/Content/Base/MaterialFunctions/MF_OverlaySimpleRGB.uasset" 17
"../../../../UnrealGDKExampleProject/Game/Content/Base/MaterialFunctions/MF_BlendMaskedDetails.uasset" 18
"../../../../UnrealGDKExampleProject/Game/Content/Base/MaterialFunctions/MF_MaskRGBCMY.uasset" 19
"../../../../UnrealGDKExampleProject/Game/Content/Base/MaterialFunctions/MF_Panini_Projection.uasset" 20
"../../../Engine/Content/Functions/Engine_MaterialFunctions01/Texturing/BitMask.uasset" 21
"../../../../UnrealGDKExampleProject/Game/Content/Base/PostMaterials/M_HighlightOccluded.uasset" 22
"../../../../UnrealGDKExampleProject/Game/Content/Base/Textures/space_skybox_clr.uasset" 23
"../../../../UnrealGDKExampleProject/Game/Content/Base/Textures/M_Space.uasset" 24
"../../../../UnrealGDKExampleProject/Game/Content/Blueprints/BP_Door.uasset" 25
"../../../Engine/Content/Functions/Engine_MaterialFunctions01/Gradient/LinearGradient.uasset" 26
"../../../Engine/Content/Functions/Engine_MaterialFunctions01/ImageAdjustment/CheapContrast.uasset" 27
"../../../Engine/Content/Functions/Engine_MaterialFunctions02/Math/CreateThirdOrthogonalVector.uasset" 28
"../../../Engine/Content/Functions/Engine_MaterialFunctions02/Math/Transform3x3Matrix.uasset" 29
"../../../Engine/Content/Functions/Engine_MaterialFunctions02/Texturing/HeightLerpWithTwoHeightMaps.uasset" 30
"../../../Engine/Content/Functions/Engine_MaterialFunctions02/Utility/MakeFloat3.uasset" 31
"../../../Engine/Content/EngineMaterials/BaseFlattenNormalMap.uasset" 32
"../../../Engine/Content/Functions/Engine_MaterialFunctions02/WorldAlignedNormals_HighQuality.uasset" 33
"../../../Engine/Content/EngineMaterials/DefaultNormal_Uncompressed.uasset" 34
"../../../Engine/Content/Functions/Engine_MaterialFunctions02/Texturing/WorldAlignedTextures_Complex.uasset" 35
"../../../../UnrealGDKExampleProject/Game/Content/Environment/Props/Textures/T_Floor_A.uasset" 36
"../../../../UnrealGDKExampleProject/Game/Content/Environment/Props/Textures/T_Floor_M.uasset" 37
"../../../../UnrealGDKExampleProject/Game/Content/Environment/Props/Textures/T_Floor_N.uasset" 38
"../../../../UnrealGDKExampleProject/Game/Content/Base/MasterMaterials/M_Spatial_Floor_MASTER.uasset" 39
"../../../../UnrealGDKExampleProject/Game/Content/Base/MasterMaterials/MI_Spatial_Wall.uasset" 40
"../../../Engine/Content/Functions/Engine_MaterialFunctions01/Opacity/CameraDepthFade.uasset" 41
"../../../Engine/Content/EngineMaterials/T_Default_Material_Grid_M.uasset" 42
"../../../Engine/Content/EngineMaterials/T_Default_Material_Grid_N.uasset" 43
"../../../Engine/Content/EngineMaterials/WorldGridMaterial.uasset" 44
"../../../Engine/Content/BasicShapes/Cube.uasset" 45
"../../../../UnrealGDKExampleProject/Game/Content/Blueprints/BP_BlockoutDoor.uasset" 46
"../../../../UnrealGDKExampleProject/Game/Content/Blueprints/LevelData.uasset" 47
"../../../Engine/Content/Functions/Engine_MaterialFunctions02/Texturing/CustomRotator.uasset" 48
"../../../Engine/Content/Functions/Engine_MaterialFunctions02/Utility/VectorLength.uasset" 49
"../../../Engine/Content/Functions/Engine_MaterialFunctions02/WorldPositionOffset/ObjectScale.uasset" 50
"../../../../UnrealGDKExampleProject/Game/Content/Environment/Props/Textures/T_Projected_Default_M.uasset" 51
"../../../../UnrealGDKExampleProject/Game/Content/Environment/Props/Textures/T_Projected_Default_N.uasset" 52
"../../../../UnrealGDKExampleProject/Game/Content/Environment/Props/Textures/T_Projected_Side_M.uasset" 53
"../../../../UnrealGDKExampleProject/Game/Content/Environment/Props/Textures/T_Trim_M.uasset" 54
"../../../../UnrealGDKExampleProject/Game/Content/Base/MasterMaterials/M_Spatial_Greybox_MASTER.uasset" 55
"../../../../UnrealGDKExampleProject/Game/Content/Environment/Props/Meshes/SM_Cube_1m.uasset" 56
"../../../../UnrealGDKExampleProject/Game/Content/Blueprints/MovingBlock.uasset" 57
"../../../../UnrealGDKExampleProject/Game/Content/Environment/Terrain/Materials/MI_GreenFloor.uasset" 58
"../../../../UnrealGDKExampleProject/Game/Content/Environment/Terrain/Materials/MI_OrangeFloor.uasset" 59
"../../../../UnrealGDKExampleProject/Game/Content/Environment/Terrain/Materials/MI_RedFloor.uasset" 60
"../../../Engine/Content/BasicShapes/Plane.uasset" 61
"../../../../UnrealGDKExampleProject/Game/Content/Blueprints/PhasedFloorSection.uasset" 62
"../../../../UnrealGDKExampleProject/Game/Content/Blueprints/LoadBalancing/BP_QuadrantLBStrategy.uasset" 63
"../../Plugins/UnrealGDK/SpatialGDK/Content/SpatialDebugger/Textures/Auth.uasset" 64
"../../Plugins/UnrealGDK/SpatialGDK/Content/SpatialDebugger/Textures/AuthIntent.uasset" 65
"../../Plugins/UnrealGDK/SpatialGDK/Content/SpatialDebugger/Textures/Box.uasset" 66
"../../Plugins/UnrealGDK/SpatialGDK/Content/SpatialDebugger/Textures/LockClosed.uasset" 67
"../../Plugins/UnrealGDK/SpatialGDK/Content/SpatialDebugger/Textures/LockOpen.uasset" 68
"../../Plugins/UnrealGDK/SpatialGDK/Content/SpatialDebugger/BP_SpatialDebugger.uasset" 69
"../../../../UnrealGDKExampleProject/Game/Content/Blueprints/LoadBalancing/BP_VerboseSpatialDebugger.uasset" 70
"../../../Engine/Content/EditorBlueprintResources/StandardMacros.uasset" 71
"../../../../UnrealGDKExampleProject/Game/Content/Environment/GDKPlayerStart.uasset" 72
"../../../../UnrealGDKExampleProject/Game/Content/Blueprints/MapBuilder/Data/BP_TileBase.uasset" 73
"../../../../UnrealGDKExampleProject/Game/Content/Blueprints/MapBuilder/Tiles/BP_Empty_Tile.uasset" 74
"../../../Engine/Content/BasicShapes/BasicShapeMaterial.uasset" 75
"../../../Engine/Content/Functions/Engine_MaterialFunctions02/Utility/MakeFloat2.uasset" 76
"../../../../UnrealGDKExampleProject/Game/Content/Base/Textures/T_Clouds_M.uasset" 77
"../../../../UnrealGDKExampleProject/Game/Content/VFX/Textures/T_Smoke_Tiled_D.uasset" 78
"../../../../UnrealGDKExampleProject/Game/Content/Base/MasterMaterials/M_Pickup_MASTER.uasset" 79
"../../../../UnrealGDKExampleProject/Game/Content/Environment/Props/Materials/MI_Pickup_Shield.uasset" 80
"../../../Engine/Content/EngineMaterials/DefaultMaterial.uasset" 81
"../../../Engine/Content/BasicShapes/Sphere.uasset" 82
"../../../Engine/Content/Functions/Engine_MaterialFunctions02/WorldPositionOffset/ObjectPivotPoint.uasset" 83
"../../../../UnrealGDKExampleProject/Game/Content/VFX/Materials/M_Attract_Beam_MASTER.uasset" 84
"../../../../UnrealGDKExampleProject/Game/Content/VFX/Meshes/SM_Beam_Quad_1m.uasset" 85
"../../../Engine/Content/Functions/Engine_MaterialFunctions02/ObjectLocalBounds.uasset" 86
"../../../Engine/Content/Functions/Engine_MaterialFunctions02/Texturing/ScreenAlignedPixelToPixelUVs.uasset" 87
"../../../Engine/Content/EngineMaterials/Good64x64TilingNoiseHighFreq.uasset" 88
"../../../Engine/Content/Functions/Engine_MaterialFunctions02/Utility/DitherTemporalAA.uasset" 89
"../../../Engine/Content/Functions/Engine_MaterialFunctions02/UVs/BoundingBoxBased_0-1_UVW.uasset" 90
"../../../../UnrealGDKExampleProject/Game/Content/Base/MaterialFunctions/MF_Remap.uasset" 91
"../../../../UnrealGDKExampleProject/Game/Content/Base/MaterialFunctions/MF_DistanceCloak.uasset" 92
"../../../../UnrealGDKExampleProject/Game/Content/Base/MasterMaterials/M_Spatial_Blockout_MASTER.uasset" 93
"../../../../UnrealGDKExampleProject/Game/Content/VFX/Meshes/SM_Pickup_Base.uasset" 94
"../../../../UnrealGDKExampleProject/Game/Content/VFX/Meshes/SM_Shield_Pickup.uasset" 95
"../../../Engine/Content/Functions/Engine_MaterialFunctions01/Gradient/RadialGradient.uasset" 96
"../../../../UnrealGDKExampleProject/Game/Content/VFX/Particles/Materials/M_Radial_Sparks.uasset" 97
"../../../../UnrealGDKExampleProject/Game/Content/VFX/Particles/Bubble_Burst_P.uasset" 98
"../../../../UnrealGDKExampleProject/Game/Content/Blueprints/ShieldPickup.uasset" 99
"../../../../UnrealGDKExampleProject/Game/Content/Environment/Terrain/Textures/T_Terrain_Sides_M.uasset" 100
"../../../../UnrealGDKExampleProject/Game/Content/Environment/Terrain/Textures/T_Terrain_Sides_N.uasset" 101
"../../../../UnrealGDKExampleProject/Game/Content/Base/MasterMaterials/M_Spatial_Terrain_MASTER.uasset" 102
"../../../../UnrealGDKExampleProject/Game/Content/Environment/Terrain/Meshes/SM_Terrain_Bare_01.uasset" 103
"../../../../UnrealGDKExampleProject/Game/Content/Blueprints/MapBuilder/Tiles/Bare/BP_Tile_Bare_A.uasset" 104
"../../../../UnrealGDKExampleProject/Game/Content/Environment/Terrain/Meshes/SM_Terrain_Bare_03.uasset" 105
"../../../../UnrealGDKExampleProject/Game/Content/Blueprints/MapBuilder/Tiles/Bare/BP_Tile_Bare_C.uasset" 106
"../../../../UnrealGDKExampleProject/Game/Content/Environment/Terrain/Meshes/SM_Terrain_Bare_04.uasset" 107
"../../../../UnrealGDKExampleProject/Game/Content/Blueprints/MapBuilder/Tiles/Bare/BP_Tile_Bare_D.uasset" 108
"../../../../UnrealGDKExampleProject/Game/Content/Environment/Props/Textures/T_Projected_Foliage_M.uasset" 109
"../../../../UnrealGDKExampleProject/Game/Content/Environment/Props/Materials/MI_Spatial_Greybox_Foliage.uasset" 110
"../../../../UnrealGDKExampleProject/Game/Content/Environment/Props/Textures/T_Projected_Glossy_M.uasset" 111
"../../../../UnrealGDKExampleProject/Game/Content/Environment/Props/Materials/MI_Spatial_Greybox_Glossy.uasset" 112
"../../../../UnrealGDKExampleProject/Game/Content/Environment/Props/Textures/T_Projected_Variant_M.uasset" 113
"../../../../UnrealGDKExampleProject/Game/Content/Environment/Props/Materials/MI_Spatial_Greybox_Variant.uasset" 114
"../../../../UnrealGDKExampleProject/Game/Content/Blueprints/MapBuilder/Tiles/Misc/BP_Tile_Buildings_D.uasset" 115
"../../../../UnrealGDKExampleProject/Game/Content/Environment/Props/Textures/T_Projected_Blank_M.uasset" 116
"../../../../UnrealGDKExampleProject/Game/Content/Environment/Props/Materials/MI_Spatial_Greybox_Railings.uasset" 117
"../../../../UnrealGDKExampleProject/Game/Content/Environment/Props/Meshes/SM_Corner_1m.uasset" 118
"../../../../UnrealGDKExampleProject/Game/Content/Environment/Props/Meshes/SM_Railing_Riser_2m.uasset" 119
"../../../../UnrealGDKExampleProject/Game/Content/Environment/Props/Meshes/SM_Wedge_1m.uasset" 120
"../../../../UnrealGDKExampleProject/Game/Content/Blueprints/MapBuilder/Tiles/Misc/BP_Tile_Structure_Bunker_B.uasset" 121
"../../../../UnrealGDKExampleProject/Game/Content/Environment/Props/Meshes/SM_Railing_1m.uasset" 122
"../../../../UnrealGDKExampleProject/Game/Content/Environment/Props/Meshes/SM_Railing_2m.uasset" 123
"../../../../UnrealGDKExampleProject/Game/Content/Environment/Props/Meshes/SM_Railing_4m.uasset" 124
"../../../../UnrealGDKExampleProject/Game/Content/Environment/Props/Meshes/SM_Railing_Riser_4m.uasset" 125
"../../../../UnrealGDKExampleProject/Game/Content/Blueprints/MapBuilder/Tiles/Misc/BP_Tile_Structure_Courtyard_B.uasset" 126
"../../../../UnrealGDKExampleProject/Game/Content/Environment/Props/Textures/T_Target_M.uasset" 127
"../../../../UnrealGDKExampleProject/Game/Content/Environment/Props/Textures/T_Target_N.uasset" 128
"../../../../UnrealGDKExampleProject/Game/Content/Environment/Props/Materials/M_TargetDummy.uasset" 129
"../../../../UnrealGDKExampleProject/Game/Content/Environment/Props/Meshes/SM_Ramp_25cm.uasset" 130
"../../../../UnrealGDKExampleProject/Game/Content/Environment/Props/Meshes/SM_TargetDummy_Hanging.uasset" 131
"../../../../UnrealGDKExampleProject/Game/Content/Environment/Props/Meshes/SM_TargetDummy_Standing.uasset" 132
"../../../../UnrealGDKExampleProject/Game/Content/Blueprints/MapBuilder/Tiles/Misc/BP_Tile_Structure_Gallery_A.uasset" 133
"../../../../UnrealGDKExampleProject/Game/Content/Blueprints/MapBuilder/Tiles/Misc/BP_Tile_Structure_Large_A.uasset" 134
"../../../../UnrealGDKExampleProject/Game/Content/Blueprints/MapBuilder/Tiles/Misc/BP_Tile_Structure_Large_B.uasset" 135
"../../../../UnrealGDKExampleProject/Game/Content/Blueprints/MapBuilder/Tiles/Misc/BP_Tile_Structure_Platform_A.uasset" 136
"../../../../UnrealGDKExampleProject/Game/Content/Blueprints/MapBuilder/Tiles/Misc/BP_Tile_Structure_Ruins_A.uasset" 137
"../../../../UnrealGDKExampleProject/Game/Content/Blueprints/MapBuilder/Tiles/Towers/BP_Tile_Tower_C.uasset" 138
"../../../../UnrealGDKExampleProject/Game/Content/Blueprints/MapBuilder/Tiles/Towers/BP_Tile_Tower_D.uasset" 139
"../../../../UnrealGDKExampleProject/Game/Content/Base/MaterialFunctions/MF_FresnelHighlight.uasset" 140
"../../../../UnrealGDKExampleProject/Game/Content/Base/Textures/T_Grunge_M.uasset" 141
"../../../../UnrealGDKExampleProject/Game/Content/Base/MaterialFunctions/MF_Scorched.uasset" 142
"../../../../UnrealGDKExampleProject/Game/Content/Characters/Player/Textures/CH_T_PlayerRobot_AORM.uasset" 143
"../../../../UnrealGDKExampleProject/Game/Content/Characters/Player/Textures/CH_T_PlayerRobot_BC.uasset" 144
"../../../../UnrealGDKExampleProject/Game/Content/Characters/Player/Textures/CH_T_PlayerRobot_L.uasset" 145
"../../../../UnrealGDKExampleProject/Game/Content/Characters/Player/Textures/CH_T_PlayerRobot_M.uasset" 146
"../../../../UnrealGDKExampleProject/Game/Content/Characters/Player/Textures/CH_T_PlayerRobot_N.uasset" 147
"../../../../UnrealGDKExampleProject/Game/Content/Base/MasterMaterials/M_Spatial_Asset_MASTER.uasset" 148
"../../../../UnrealGDKExampleProject/Game/Content/Characters/Player/Materials/CH_MI_PlayerRobot.uasset" 149
"../../../../UnrealGDKExampleProject/Game/Content/Characters/Player/Materials/ColourSchemes/CH_MI_PlayerRobot_Black.uasset" 150
"../../../../UnrealGDKExampleProject/Game/Content/Characters/Player/Materials/ColourSchemes/CH_MI_PlayerRobot_Blue.uasset" 151
"../../../../UnrealGDKExampleProject/Game/Content/Characters/Player/Textures/CH_T_PlayerRobot_Variant_M.uasset" 152
"../../../../UnrealGDKExampleProject/Game/Content/Characters/Player/Materials/ColourSchemes/CH_MI_PlayerRobot_CamoArctic.uasset" 153
"../../../../UnrealGDKExampleProject/Game/Content/Characters/Player/Materials/ColourSchemes/CH_MI_PlayerRobot_CamoWoodland.uasset" 154
"../../../../UnrealGDKExampleProject/Game/Content/Characters/Player/Materials/ColourSchemes/CH_MI_PlayerRobot_Green.uasset" 155
"../../../../UnrealGDKExampleProject/Game/Content/Characters/Player/Materials/ColourSchemes/CH_MI_PlayerRobot_Grey.uasset" 156
"../../../../UnrealGDKExampleProject/Game/Content/Characters/Player/Materials/ColourSchemes/CH_MI_PlayerRobot_Orange.uasset" 157
"../../../../UnrealGDKExampleProject/Game/Content/Characters/Player/Materials/ColourSchemes/CH_MI_PlayerRobot_Red.uasset" 158
"../../../../UnrealGDKExampleProject/Game/Content/Weapons/AssaultRifle/Textures/WP_T_AssaultRifle_AORM.uasset" 159
"../../../../UnrealGDKExampleProject/Game/Content/Weapons/AssaultRifle/Textures/WP_T_AssaultRifle_BC.uasset" 160
"../../../../UnrealGDKExampleProject/Game/Content/Weapons/AssaultRifle/Textures/WP_T_AssaultRifle_L.uasset" 161
"../../../../UnrealGDKExampleProject/Game/Content/Weapons/AssaultRifle/Textures/WP_T_AssaultRifle_M.uasset" 162
"../../../../UnrealGDKExampleProject/Game/Content/Weapons/AssaultRifle/Textures/WP_T_AssaultRifle_N.uasset" 163
"../../../../UnrealGDKExampleProject/Game/Content/Weapons/AssaultRifle/Materials/WP_MI_AssaultRifle.uasset" 164
"../../../../UnrealGDKExampleProject/Game/Content/Weapons/AssaultRifle/Materials/ColourSchemes/WP_MI_AssaultRifle_Black.uasset" 165
"../../../../UnrealGDKExampleProject/Game/Content/Weapons/AssaultRifle/Materials/ColourSchemes/WP_MI_AssaultRifle_Blue.uasset" 166
"../../../../UnrealGDKExampleProject/Game/Content/Weapons/AssaultRifle/Textures/WP_T_AssaultRifle_M_Variant.uasset" 167
"../../../../UnrealGDKExampleProject/Game/Content/Weapons/AssaultRifle/Materials/ColourSchemes/WP_MI_AssaultRifle_CamoArctic.uasset" 168
"../../../../UnrealGDKExampleProject/Game/Content/Weapons/AssaultRifle/Materials/ColourSchemes/WP_MI_AssaultRifle_CamoWoodland.uasset" 169
"../../../../UnrealGDKExampleProject/Game/Content/Weapons/AssaultRifle/Materials/ColourSchemes/WP_MI_AssaultRifle_Green.uasset" 170
"../../../../UnrealGDKExampleProject/Game/Content/Weapons/AssaultRifle/Materials/ColourSchemes/WP_MI_AssaultRifle_Grey.uasset" 171
"../../../../UnrealGDKExampleProject/Game/Content/Weapons/AssaultRifle/Materials/ColourSchemes/WP_MI_AssaultRifle_Orange.uasset" 172
"../../../../UnrealGDKExampleProject/Game/Content/Weapons/AssaultRifle/Materials/ColourSchemes/WP_MI_AssaultRifle_Red.uasset" 173
"../../../../UnrealGDKExampleProject/Game/Content/Weapons/Placeholder/Materials/WP_MI_Blockout_Black.uasset" 174
"../../../../UnrealGDKExampleProject/Game/Content/Weapons/Placeholder/Materials/WP_MI_Blockout_Blue.uasset" 175
"../../../../UnrealGDKExampleProject/Game/Content/Weapons/Placeholder/Materials/WP_MI_Blockout_CamoArctic.uasset" 176
"../../../../UnrealGDKExampleProject/Game/Content/Weapons/Placeholder/Materials/WP_MI_Blockout_CamoWoodland.uasset" 177
"../../../../UnrealGDKExampleProject/Game/Content/Weapons/Placeholder/Materials/WP_MI_Blockout_Green.uasset" 178
"../../../../UnrealGDKExampleProject/Game/Content/Weapons/Placeholder/Materials/WP_MI_Blockout_Grey.uasset" 179
"../../../../UnrealGDKExampleProject/Game/Content/Weapons/Placeholder/Materials/WP_MI_Blockout_Orange.uasset" 180
"../../../../UnrealGDKExampleProject/Game/Content/Weapons/Placeholder/Materials/WP_MI_Blockout_Red.uasset" 181
"../../../../UnrealGDKExampleProject/Game/Content/Characters/MetaData/ColourDataRow.uasset" 182
"../../../../UnrealGDKExampleProject/Game/Content/Characters/MetaData/ColourDataTable.uasset" 183
"../../../../UnrealGDKExampleProject/Game/Content/Characters/MetaData/MetaDataProvider.uasset" 184
"../../../Engine/Content/Functions/Engine_MaterialFunctions02/TangentBasis.uasset" 185
"../../../Engine/Content/Functions/Engine_MaterialFunctions01/WorldPositionOffset/SplineThicken.uasset" 186
"../../../Engine/Content/EngineMaterials/BlendFunc_DefBase.uasset" 187
"../../../Engine/Content/EngineMaterials/BlendFunc_DefBlend.uasset" 188
"../../../Engine/Content/Functions/Engine_MaterialFunctions03/Blends/Blend_Overlay.uasset" 189
"../../../../UnrealGDKExampleProject/Game/Content/VFX/Textures/Bullet_Tracer_M.uasset" 190
"../../../../UnrealGDKExampleProject/Game/Content/VFX/Materials/M_Spline_Tracer_MASTER.uasset" 191
"../../../../UnrealGDKExampleProject/Game/Content/VFX/Meshes/SM_Spline_Quad.uasset" 192
"../../../../UnrealGDKExampleProject/Game/Content/VFX/Textures/T_Smoke_SubUV.uasset" 193
"../../../../UnrealGDKExampleProject/Game/Content/VFX/Particles/Materials/M_smoke_subUV.uasset" 194
"../../../../UnrealGDKExampleProject/Game/Content/VFX/Textures/T_Spark_Core.uasset" 195
"../../../../UnrealGDKExampleProject/Game/Content/VFX/Particles/Materials/M_Spark.uasset" 196
"../../../../UnrealGDKExampleProject/Game/Content/VFX/Particles/SparksBurst_P.uasset" 197
"../../../../UnrealGDKExampleProject/Game/Content/VFX/BP_BulletTracer.uasset" 198
"../../../../UnrealGDKExampleProject/Game/Content/Blueprints/Weapons/BP_InstantWeapon.uasset" 199
"../../../../UnrealGDKExampleProject/Game/Content/Blueprints/Weapons/Shakes/AutomaticRifleShake.uasset" 200
"../../../../UnrealGDKExampleProject/Game/Content/Weapons/AssaultRifle/Textures/WP_T_AssaultRifle_Scope_M.uasset" 201
"../../../../UnrealGDKExampleProject/Game/Content/Weapons/AssaultRifle/Materials/WP_M_AssaultRifle_Glass.uasset" 202
"../../../Engine/Content/Functions/Engine_MaterialFunctions01/Texturing/ScaleUVsByCenter.uasset" 203
"../../../../UnrealGDKExampleProject/Game/Content/UI/Textures/Crosshairs/UI_T_Crosshair_AssaultRifle_M.uasset" 204
"../../../../UnrealGDKExampleProject/Game/Content/UI/Materials/M_UI_Crosshair_Master.uasset" 205
"../../../../UnrealGDKExampleProject/Game/Content/UI/Materials/Crosshairs/MI_UI_Crosshair_AssaultRifle.uasset" 206
"../../../../UnrealGDKExampleProject/Game/Content/VFX/Materials/Weapons/MI_Tracer_AssaultRifle.uasset" 207
"../../../Engine/Content/Functions/Engine_MaterialFunctions01/Density/ExponentialDensity.uasset" 208
"../../../Engine/Content/Functions/Engine_MaterialFunctions01/Gradient/RadialGradientExponential.uasset" 209
"../../../../UnrealGDKExampleProject/Game/Content/Base/Textures/T_Sphere_Normal_N.uasset" 210
"../../../../UnrealGDKExampleProject/Game/Content/VFX/Textures/T_MuzzleFlash_Side_BC.uasset" 211
"../../../../UnrealGDKExampleProject/Game/Content/VFX/Particles/Materials/M_Muzzle_Flash_Master.uasset" 212
"../../../../UnrealGDKExampleProject/Game/Content/VFX/Particles/Materials/M_muzzle_flash_fire.uasset" 213
"../../../../UnrealGDKExampleProject/Game/Content/VFX/Textures/Weapons/T_MuzzleFlash_Front_01_BC.uasset" 214
"../../../../UnrealGDKExampleProject/Game/Content/VFX/Particles/Materials/Weapons/MI_MuzzleFront_AssaultRifle.uasset" 215
"../../../../UnrealGDKExampleProject/Game/Content/VFX/Particles/MuzzleFlash_AssaultRifle_P.uasset" 216
"../../../../UnrealGDKExampleProject/Game/Content/Weapons/AssaultRifle/Meshes/WP_AssaultRifle_Rig_Skeleton.uasset" 217
"../../../../UnrealGDKExampleProject/Game/Content/Weapons/AssaultRifle/Meshes/WP_AssaultRifle_Rig.uasset" 218
"../../../../UnrealGDKExampleProject/Game/Content/Blueprints/Weapons/BP_AutomaticRifle.uasset" 219
"../../../../UnrealGDKExampleProject/Game/Content/Blueprints/Weapons/BP_Crashbot_Rifle.uasset" 220
"../../../../UnrealGDKExampleProject/Game/Content/Blueprints/Weapons/Shakes/GrenadeLauncherShake.uasset" 221
"../../../../UnrealGDKExampleProject/Game/Content/Blueprints/Weapons/BP_ProjectileWeapon.uasset" 222
"../../../../UnrealGDKExampleProject/Game/Content/VFX/Particles/Materials/M_Trail.uasset" 223
"../../../../UnrealGDKExampleProject/Game/Content/VFX/Particles/Grenade_Trail_P.uasset" 224
"../../../../UnrealGDKExampleProject/Game/Content/Blueprints/Weapons/Grenades/BP_Projectile.uasset" 225
"../../../../UnrealGDKExampleProject/Game/Content/VFX/Textures/T_Fire_BC.uasset" 226
"../../../../UnrealGDKExampleProject/Game/Content/VFX/Textures/T_Smoke_BC.uasset" 227
"../../../../UnrealGDKExampleProject/Game/Content/VFX/Textures/T_Smoke_Puff_BC.uasset" 228
"../../../../UnrealGDKExampleProject/Game/Content/VFX/Particles/Materials/M_Fire_Smoke_Master.uasset" 229
"../../../Engine/Content/Functions/Engine_MaterialFunctions03/Blends/Blend_SoftLight.uasset" 230
"../../../../UnrealGDKExampleProject/Game/Content/VFX/Particles/Materials/M_RadialPulse.uasset" 231
"../../../../UnrealGDKExampleProject/Game/Content/VFX/Particles/ExplosionMedium_P.uasset" 232
"../../../../UnrealGDKExampleProject/Game/Content/Weapons/GrenadeLauncher/Meshes/SM_GrenadeProjectile_Bouncy.uasset" 233
"../../../../UnrealGDKExampleProject/Game/Content/Blueprints/Weapons/Grenades/Grenade_Bouncing.uasset" 234
"../../../../UnrealGDKExampleProject/Game/Content/UI/Textures/Crosshairs/UI_T_Crosshair_GrenadeLauncher_M.uasset" 235
"../../../../UnrealGDKExampleProject/Game/Content/UI/Materials/Crosshairs/MI_UI_Crosshair_GrenadeLauncher.uasset" 236
"../../../../UnrealGDKExampleProject/Game/Content/VFX/Textures/Weapons/T_MuzzleFlash_Front_03_BC.uasset" 237
"../../../../UnrealGDKExampleProject/Game/Content/VFX/Particles/Materials/Weapons/MI_MuzzleFront_GrenadeLauncher.uasset" 238
"../../../../UnrealGDKExampleProject/Game/Content/VFX/Particles/Materials/Weapons/MI_MuzzleSide_GrenadeLauncher.uasset" 239
"../../../../UnrealGDKExampleProject/Game/Content/VFX/Particles/MuzzleFlash_GrenadeLauncher_P.uasset" 240
"../../../../UnrealGDKExampleProject/Game/Content/Weapons/GrenadeLauncher/Meshes/SM_Text_Bounce.uasset" 241
"../../../../UnrealGDKExampleProject/Game/Content/Weapons/GrenadeLauncher/Meshes/WP_GrenadeLauncher_Skeleton.uasset" 242
"../../../../UnrealGDKExampleProject/Game/Content/Weapons/GrenadeLauncher/Meshes/WP_GrenadeLauncher_Rig.uasset" 243
"../../../../UnrealGDKExampleProject/Game/Content/Weapons/Placeholder/Meshes/SM_Placeholder.uasset" 244
"../../../../UnrealGDKExampleProject/Game/Content/Weapons/Placeholder/Meshes/SM_Placeholder_GrenadeLauncher.uasset" 245
"../../../../UnrealGDKExampleProject/Game/Content/Blueprints/Weapons/BP_GrenadeLauncher_Bouncing.uasset" 246
"../../../../UnrealGDKExampleProject/Game/Content/VFX/Particles/Materials/MI_SmokeGrenade.uasset" 247
"../../../../UnrealGDKExampleProject/Game/Content/VFX/Particles/SmokeGrenadeLarge_P.uasset" 248
"../../../../UnrealGDKExampleProject/Game/Content/Weapons/GrenadeLauncher/Meshes/SM_GrenadeProjectile_Smoke.uasset" 249
"../../../../UnrealGDKExampleProject/Game/Content/Blueprints/Weapons/Grenades/Grenade_Smoke.uasset" 250
"../../../../UnrealGDKExampleProject/Game/Content/Weapons/GrenadeLauncher/Meshes/SM_Text_Smoke.uasset" 251
"../../../../UnrealGDKExampleProject/Game/Content/Blueprints/Weapons/BP_GrenadeLauncher_Smoke.uasset" 252
"../../../../UnrealGDKExampleProject/Game/Content/Weapons/GrenadeLauncher/Meshes/SM_GrenadeProjectile_Sticky.uasset" 253
"../../../../UnrealGDKExampleProject/Game/Content/Blueprints/Weapons/Grenades/Grenade_Sticky.uasset" 254
"../../../../UnrealGDKExampleProject/Game/Content/Weapons/GrenadeLauncher/Meshes/SM_Text_Sticky.uasset" 255
"../../../../UnrealGDKExampleProject/Game/Content/Blueprints/Weapons/BP_GrenadeLauncher_Sticky.uasset" 256
"../../../../UnrealGDKExampleProject/Game/Content/Blueprints/Weapons/Shakes/RailGunShake.uasset" 257
"../../../../UnrealGDKExampleProject/Game/Content/UI/Textures/Crosshairs/UI_T_Crosshair_RailGun_M.uasset" 258
"../../../../UnrealGDKExampleProject/Game/Content/UI/Materials/Crosshairs/MI_UI_Crosshair_RailGun.uasset" 259
"../../../../UnrealGDKExampleProject/Game/Content/VFX/Materials/Weapons/MI_Tracer_RailGun.uasset" 260
"../../../../UnrealGDKExampleProject/Game/Content/VFX/Textures/Weapons/T_MuzzleFlash_Front_04_BC.uasset" 261
"../../../../UnrealGDKExampleProject/Game/Content/VFX/Particles/Materials/Weapons/MI_MuzzleFront_RailGun.uasset" 262
"../../../../UnrealGDKExampleProject/Game/Content/VFX/Particles/MuzzleFlash_RailGun_P.uasset" 263
"../../../../UnrealGDKExampleProject/Game/Content/Weapons/Placeholder/Meshes/SM_Placeholder_RailGun.uasset" 264
"../../../../UnrealGDKExampleProject/Game/Content/Weapons/RailGun/Meshes/WP_RailGun_Skeleton.uasset" 265
"../../../../UnrealGDKExampleProject/Game/Content/Weapons/RailGun/Meshes/WP_RailGun_Rig.uasset" 266
"../../../../UnrealGDKExampleProject/Game/Content/Blueprints/Weapons/BP_RailGun.uasset" 267
"../../../../UnrealGDKExampleProject/Game/Content/Blueprints/Weapons/Shakes/SniperShake.uasset" 268
"../../../../UnrealGDKExampleProject/Game/Content/UI/Textures/Crosshairs/UI_T_Crosshair_SniperRifle_M.uasset" 269
"../../../../UnrealGDKExampleProject/Game/Content/UI/Materials/Crosshairs/MI_UI_Crosshair_SniperRifle.uasset" 270
"../../../../UnrealGDKExampleProject/Game/Content/VFX/Materials/Weapons/MI_Tracer_SniperRifle.uasset" 271
"../../../../UnrealGDKExampleProject/Game/Content/VFX/Textures/Weapons/T_MuzzleFlash_Front_05_BC.uasset" 272
"../../../../UnrealGDKExampleProject/Game/Content/VFX/Particles/Materials/Weapons/MI_MuzzleFront_SniperRifle.uasset" 273
"../../../../UnrealGDKExampleProject/Game/Content/VFX/Particles/MuzzleFlash_SniperRifle_P.uasset" 274
"../../../../UnrealGDKExampleProject/Game/Content/Weapons/Placeholder/Meshes/SM_Placeholder_SniperRifle.uasset" 275
"../../../../UnrealGDKExampleProject/Game/Content/Weapons/SniperRifle/Meshes/WP_SniperRifle_Skeleton.uasset" 276
"../../../../UnrealGDKExampleProject/Game/Content/Weapons/SniperRifle/Meshes/WP_SniperRifle_Rig.uasset" 277
"../../../../UnrealGDKExampleProject/Game/Content/Blueprints/Weapons/BP_SniperRifle.uasset" 278
"../../../../UnrealGDKExampleProject/Game/Content/Blueprints/Weapons/Shakes/SubMachineGunShake.uasset" 279
"../../../../UnrealGDKExampleProject/Game/Content/UI/Textures/Crosshairs/UI_T_Crosshair_SubMachineGun_M.uasset" 280
"../../../../UnrealGDKExampleProject/Game/Content/UI/Materials/Crosshairs/MI_UI_Crosshair_SubMachineGun.uasset" 281
"../../../../UnrealGDKExampleProject/Game/Content/VFX/Materials/Weapons/MI_Tracer_SubMachineGun.uasset" 282
"../../../../UnrealGDKExampleProject/Game/Content/VFX/Particles/Materials/Weapons/MI_MuzzleFront_SubMachineGun.uasset" 283
"../../../../UnrealGDKExampleProject/Game/Content/VFX/Particles/Materials/Weapons/MI_MuzzleSide_SubMachineGun.uasset" 284
"../../../../UnrealGDKExampleProject/Game/Content/VFX/Particles/MuzzleFlash_SubMachineGun_P.uasset" 285
"../../../../UnrealGDKExampleProject/Game/Content/Weapons/Placeholder/Meshes/SM_Placeholder_SubMachineGun.uasset" 286
"../../../../UnrealGDKExampleProject/Game/Content/Weapons/SubMachineGun/Meshes/WP_SubMachineGun_Skeleton.uasset" 287
"../../../../UnrealGDKExampleProject/Game/Content/Weapons/SubMachineGun/Meshes/WP_SubMachineGun_Rig.uasset" 288
"../../../../UnrealGDKExampleProject/Game/Content/Blueprints/Weapons/BP_SubMachineGun.uasset" 289
"../../../Engine/Content/EngineMeshes/Humanoid.uasset" 290
"../../../../UnrealGDKExampleProject/Game/Content/Characters/Player/Meshes/CH_SK_PlayerRobot_Skeleton.uasset" 291
"../../../../UnrealGDKExampleProject/Game/Content/Characters/Player/Animations/FirstPerson/CH_Robot_FP_Lean_Down.uasset" 292
"../../../../UnrealGDKExampleProject/Game/Content/Characters/Player/Animations/FirstPerson/CH_Robot_FP_Lean_Left.uasset" 293
"../../../../UnrealGDKExampleProject/Game/Content/Characters/Player/Animations/FirstPerson/CH_Robot_FP_Lean_Right.uasset" 294
"../../../../UnrealGDKExampleProject/Game/Content/Characters/Player/Animations/IdlesAndLooks/CH_Robot_Idle_Casual.uasset" 295
"../../../../UnrealGDKExampleProject/Game/Content/Characters/Player/Animations/IdlesAndLooks/CH_Robot_Idle_Looking.uasset" 296
"../../../../UnrealGDKExampleProject/Game/Content/Characters/Player/Animations/IdlesAndLooks/CH_Robot_Idle_Looking_ADS.uasset" 297
"../../../../UnrealGDKExampleProject/Game/Content/Characters/Player/Materials/CH_MI_AIRobot.uasset" 298
"../../../../UnrealGDKExampleProject/Game/Content/Characters/Player/Textures/CH_T_TestRobot_M.uasset" 299
"../../../../UnrealGDKExampleProject/Game/Content/Characters/Player/Materials/CH_MI_TestRobot.uasset" 300
"../../../../UnrealGDKExampleProject/Game/Content/Characters/Player/Meshes/CH_SK_PlayerRobot_FP_Anim.uasset" 301
"../../../../UnrealGDKExampleProject/Game/Content/Characters/Player/Meshes/CH_SM_AI_Faceplate.uasset" 302
"../../../../UnrealGDKExampleProject/Game/Content/Characters/SimulatedPlayer/SimulatedPlayerBlackboard_BP.uasset" 303
"../../../../UnrealGDKExampleProject/Game/Content/Characters/SimulatedPlayer/SimulatedPlayerBehaviorTree_BP.uasset" 304
"../../../../UnrealGDKExampleProject/Game/Content/Blueprints/Weapons/Shakes/HeavyMachineGunShake.uasset" 305
"../../../../UnrealGDKExampleProject/Game/Content/UI/Textures/Crosshairs/UI_T_Crosshair_HeavyMachineGun_M.uasset" 306
"../../../../UnrealGDKExampleProject/Game/Content/UI/Materials/Crosshairs/MI_UI_Crosshair_HeavyMachineGun.uasset" 307
"../../../../UnrealGDKExampleProject/Game/Content/VFX/Materials/Weapons/MI_Tracer_HeavyMachineGun.uasset" 308
"../../../../UnrealGDKExampleProject/Game/Content/VFX/Textures/Weapons/T_MuzzleFlash_Front_02_BC.uasset" 309
"../../../../UnrealGDKExampleProject/Game/Content/VFX/Particles/Materials/Weapons/MI_MuzzleFront_HeavyMachineGun.uasset" 310
"../../../../UnrealGDKExampleProject/Game/Content/VFX/Particles/MuzzleFlash_HeavyMachineGun_P.uasset" 311
"../../../../UnrealGDKExampleProject/Game/Content/Weapons/HeavyMachineGun/Meshes/WP_HeavyMachineGun_Skeleton.uasset" 312
"../../../../UnrealGDKExampleProject/Game/Content/Weapons/HeavyMachineGun/Meshes/WP_HeavyMachineGun_Rig.uasset" 313
"../../../../UnrealGDKExampleProject/Game/Content/Weapons/Placeholder/Meshes/SM_Placeholder_HeavyMachineGun.uasset" 314
"../../../../UnrealGDKExampleProject/Game/Content/Blueprints/Weapons/BP_HeavyMachineGun.uasset" 315
"../../../../UnrealGDKExampleProject/Game/Content/Characters/Turret/Textures/T_Turrets_AORM.uasset" 316
"../../../../UnrealGDKExampleProject/Game/Content/Characters/Turret/Textures/T_Turrets_BC.uasset" 317
"../../../../UnrealGDKExampleProject/Game/Content/Characters/Turret/Textures/T_Turrets_L.uasset" 318
"../../../../UnrealGDKExampleProject/Game/Content/Characters/Turret/Textures/T_Turrets_M.uasset" 319
"../../../../UnrealGDKExampleProject/Game/Content/Characters/Turret/Textures/T_Turrets_N.uasset" 320
"../../../../UnrealGDKExampleProject/Game/Content/Characters/Turret/Materials/MI_Turrets.uasset" 321
"../../../../UnrealGDKExampleProject/Game/Content/Weapons/Turret/Meshes/WP_SK_Turret_Machinegun_PhysicsAsset.uasset" 322
"../../../../UnrealGDKExampleProject/Game/Content/Weapons/Turret/Meshes/WP_SK_Turret_Machinegun_Skeleton.uasset" 323
"../../../../UnrealGDKExampleProject/Game/Content/Weapons/Turret/Meshes/WP_SK_Turret_Machinegun.uasset" 324
"../../../../UnrealGDKExampleProject/Game/Content/Blueprints/Weapons/BP_HeavyMachineGun_ForTurret.uasset" 325
"../../../../UnrealGDKExampleProject/Game/Content/Characters/Turret/Meshes/SK_Turret_Ceiling_Skeleton.uasset" 326
"../../../../UnrealGDKExampleProject/Game/Content/Characters/Turret/Animations/SK_Turret_Ceiling_Aim_0_0.uasset" 327
"../../../../UnrealGDKExampleProject/Game/Content/Characters/Turret/Animations/SK_Turret_Ceiling_Aim_0_D60.uasset" 328
"../../../../UnrealGDKExampleProject/Game/Content/Characters/Turret/Animations/SK_Turret_Ceiling_Aim_0_U60.uasset" 329
"../../../../UnrealGDKExampleProject/Game/Content/Characters/Turret/Animations/SK_Turret_Ceiling_Aim_L180_0.uasset" 330
"../../../../UnrealGDKExampleProject/Game/Content/Characters/Turret/Animations/SK_Turret_Ceiling_Aim_L180_D60.uasset" 331
"../../../../UnrealGDKExampleProject/Game/Content/Characters/Turret/Animations/SK_Turret_Ceiling_Aim_L180_U60.uasset" 332
"../../../../UnrealGDKExampleProject/Game/Content/Characters/Turret/Animations/SK_Turret_Ceiling_Aim_R180_0.uasset" 333
"../../../../UnrealGDKExampleProject/Game/Content/Characters/Turret/Animations/SK_Turret_Ceiling_Aim_R180_D60.uasset" 334
"../../../../UnrealGDKExampleProject/Game/Content/Characters/Turret/Animations/SK_Turret_Ceiling_Aim_R180_U60.uasset" 335
"../../../../UnrealGDKExampleProject/Game/Content/Characters/Turret/Animations/BS_Turret_Ceiling_Aim.uasset" 336
"../../../../UnrealGDKExampleProject/Game/Content/Characters/Turret/Animations/AnimBP_Turret_Ceiling.uasset" 337
"../../../../UnrealGDKExampleProject/Game/Content/VFX/Particles/ExplosionLarge_P.uasset" 338
"../../../../UnrealGDKExampleProject/Game/Content/VFX/Particles/Materials/MI_RocketTrail.uasset" 339
"../../../../UnrealGDKExampleProject/Game/Content/VFX/Particles/Rocket_Trail_P.uasset" 340
"../../../../UnrealGDKExampleProject/Game/Content/Weapons/RocketLauncher/Meshes/SM_RocketProjectile.uasset" 341
"../../../../UnrealGDKExampleProject/Game/Content/Blueprints/Weapons/Grenades/Rocket_Propelled.uasset" 342
"../../../../UnrealGDKExampleProject/Game/Content/UI/Textures/Crosshairs/UI_T_Crosshair_RocketLauncher_M.uasset" 343
"../../../../UnrealGDKExampleProject/Game/Content/UI/Materials/Crosshairs/MI_UI_Crosshair_RocketLauncher.uasset" 344
"../../../../UnrealGDKExampleProject/Game/Content/VFX/Particles/Materials/Weapons/MI_MuzzleFront_RocketLauncher.uasset" 345
"../../../../UnrealGDKExampleProject/Game/Content/VFX/Particles/Materials/Weapons/MI_MuzzleSide_RocketLauncher.uasset" 346
"../../../../UnrealGDKExampleProject/Game/Content/VFX/Particles/MuzzleFlash_RocketLauncher_P.uasset" 347
"../../../../UnrealGDKExampleProject/Game/Content/Weapons/Placeholder/Meshes/SM_Placeholder_RocketLauncher.uasset" 348
"../../../../UnrealGDKExampleProject/Game/Content/Weapons/RocketLauncher/Meshes/WP_RocketLauncher_Skeleton.uasset" 349
"../../../../UnrealGDKExampleProject/Game/Content/Weapons/RocketLauncher/Meshes/WP_RocketLauncher_Rig.uasset" 350
"../../../../UnrealGDKExampleProject/Game/Content/Blueprints/Weapons/BP_RocketLauncher.uasset" 351
"../../../../UnrealGDKExampleProject/Game/Content/Weapons/Turret/Meshes/SM_Turret_Projectile.uasset" 352
"../../../../UnrealGDKExampleProject/Game/Content/Blueprints/Weapons/Grenades/Turret_Rocket_Propelled.uasset" 353
"../../../../UnrealGDKExampleProject/Game/Content/Weapons/Turret/Meshes/WP_SK_Turret_Rocket_PhysicsAsset.uasset" 354
"../../../../UnrealGDKExampleProject/Game/Content/Weapons/Turret/Meshes/WP_SK_Turret_Rocket_Skeleton.uasset" 355
"../../../../UnrealGDKExampleProject/Game/Content/Weapons/Turret/Meshes/WP_SK_Turret_Rocket.uasset" 356
"../../../../UnrealGDKExampleProject/Game/Content/Blueprints/Weapons/BP_RocketLauncher_Continuous.uasset" 357
"../../../../UnrealGDKExampleProject/Game/Content/Base/MasterMaterials/M_TurretShield_MASTER.uasset" 358
"../../../../UnrealGDKExampleProject/Game/Content/Characters/Turret/Materials/MI_TurretShield.uasset" 359
"../../../../UnrealGDKExampleProject/Game/Content/VFX/Meshes/SM_SphereMesh.uasset" 360
"../../../../UnrealGDKExampleProject/Game/Content/Characters/Turret/BP_TurretShield.uasset" 361
"../../../../UnrealGDKExampleProject/Game/Content/Characters/Turret/TurretTraceProvider.uasset" 362
"../../../../UnrealGDKExampleProject/Game/Content/Controllers/BP_TurretController.uasset" 363
"../../../../UnrealGDKExampleProject/Game/Content/Characters/Turret/Meshes/SK_Turret_Ceiling_Rocket_PhysicsAsset.uasset" 364
"../../../../UnrealGDKExampleProject/Game/Content/Characters/Turret/Meshes/SK_Turret_Ceiling_Rocket.uasset" 365
"../../../../UnrealGDKExampleProject/Game/Content/VFX/Particles/ElectricalDamaged_P.uasset" 366
"../../../../UnrealGDKExampleProject/Game/Content/Characters/Turret/BP_Turret_Base.uasset" 367
"../../../../UnrealGDKExampleProject/Game/Content/Characters/Turret/Meshes/SK_Turret_Ceiling_Machinegun_PhysicsAsset.uasset" 368
"../../../../UnrealGDKExampleProject/Game/Content/Characters/Turret/Meshes/SK_Turret_Ceiling_Machinegun.uasset" 369
"../../../../UnrealGDKExampleProject/Game/Content/Characters/Turret/BP_Turret_Ceiling_Rifle.uasset" 370
"../../../../UnrealGDKExampleProject/Game/Content/Characters/Turret/Meshes/SK_Turret_Floor_Skeleton.uasset" 371
"../../../../UnrealGDKExampleProject/Game/Content/Characters/Turret/Animations/SK_Turret_Floor_Aim_0_0.uasset" 372
"../../../../UnrealGDKExampleProject/Game/Content/Characters/Turret/Animations/SK_Turret_Floor_Aim_0_D60.uasset" 373
"../../../../UnrealGDKExampleProject/Game/Content/Characters/Turret/Animations/SK_Turret_Floor_Aim_0_U60.uasset" 374
"../../../../UnrealGDKExampleProject/Game/Content/Characters/Turret/Animations/SK_Turret_Floor_Aim_L180_0.uasset" 375
"../../../../UnrealGDKExampleProject/Game/Content/Characters/Turret/Animations/SK_Turret_Floor_Aim_L180_D60.uasset" 376
"../../../../UnrealGDKExampleProject/Game/Content/Characters/Turret/Animations/SK_Turret_Floor_Aim_L180_U60.uasset" 377
"../../../../UnrealGDKExampleProject/Game/Content/Characters/Turret/Animations/SK_Turret_Floor_Aim_R180_0.uasset" 378
"../../../../UnrealGDKExampleProject/Game/Content/Characters/Turret/Animations/SK_Turret_Floor_Aim_R180_D60.uasset" 379
"../../../../UnrealGDKExampleProject/Game/Content/Characters/Turret/Animations/SK_Turret_Floor_Aim_R180_U60.uasset" 380
"../../../../UnrealGDKExampleProject/Game/Content/Characters/Turret/Animations/BS_Turret_Floor_Aim.uasset" 381
"../../../../UnrealGDKExampleProject/Game/Content/Characters/Turret/Animations/AnimBP_Turret_Floor.uasset" 382
"../../../../UnrealGDKExampleProject/Game/Content/Characters/Turret/Meshes/SK_Turret_Floor_Rocket_PhysicsAsset.uasset" 383
"../../../../UnrealGDKExampleProject/Game/Content/Characters/Turret/Meshes/SK_Turret_Floor_Rocket.uasset" 384
"../../../../UnrealGDKExampleProject/Game/Content/Characters/Turret/BP_Turret_Floor.uasset" 385
"../../../../UnrealGDKExampleProject/Game/Content/Characters/Turret/Meshes/SK_Turret_Floor_Machinegun_PhysicsAsset.uasset" 386
"../../../../UnrealGDKExampleProject/Game/Content/Characters/Turret/Meshes/SK_Turret_Floor_Machinegun.uasset" 387
"../../../../UnrealGDKExampleProject/Game/Content/Characters/Turret/BP_Turret_Floor_Rifle.uasset" 388
"../../../../UnrealGDKExampleProject/Game/Content/Characters/Turret/BB_Turret.uasset" 389
"../../../../UnrealGDKExampleProject/Game/Content/Characters/Turret/BT_Turret.uasset" 390
"../../../../UnrealGDKExampleProject/Game/Content/Environment/Props/Textures/T_Pickup_M.uasset" 391
"../../../../UnrealGDKExampleProject/Game/Content/Environment/Props/Textures/T_Pickup_N.uasset" 392
"../../../../UnrealGDKExampleProject/Game/Content/Environment/Props/Materials/M_PickupCube.uasset" 393
"../../../../UnrealGDKExampleProject/Game/Content/Environment/Props/Meshes/SM_PickupCube_1m.uasset" 394
"../../../../UnrealGDKExampleProject/Game/Content/Environment/Props/Meshes/SM_Ramp_1m.uasset" 395
"../../../../UnrealGDKExampleProject/Game/Content/Environment/Props/Meshes/SM_WedgeCorner_1m.uasset" 396
"../../../../UnrealGDKExampleProject/Game/Content/Environment/Props/Textures/T_Spark_M.uasset" 397
"../../../../UnrealGDKExampleProject/Game/Content/Characters/Player/Animations/Crouch/CH_Robot_Crouch_Idle.uasset" 398
"../../../../UnrealGDKExampleProject/Game/Content/Characters/Player/Animations/Crouch/CH_Robot_Crouch_Idle_ADS.uasset" 399
"../../../../UnrealGDKExampleProject/Game/Content/Characters/Player/Animations/Crouch/CH_Robot_Crouch_Look_Centre.uasset" 400
"../../../../UnrealGDKExampleProject/Game/Content/Characters/Player/Animations/Crouch/CH_Robot_Crouch_Look_Centre_ADS.uasset" 401
"../../../../UnrealGDKExampleProject/Game/Content/Characters/Player/Animations/IdlesAndLooks/CH_Robot_Idle.uasset" 402
"../../../../UnrealGDKExampleProject/Game/Content/Characters/Player/Animations/IdlesAndLooks/CH_Robot_Idle_ADS.uasset" 403
"../../../../UnrealGDKExampleProject/Game/Content/Characters/Player/Animations/IdlesAndLooks/CH_Robot_Look_Centre.uasset" 404
"../../../../UnrealGDKExampleProject/Game/Content/Characters/Player/Animations/IdlesAndLooks/CH_Robot_Look_Centre_ADS.uasset" 405
"../../../../UnrealGDKExampleProject/Game/Content/Characters/Player/Animations/Jumps/CH_Robot_Jump_Idle_Falling.uasset" 406
"../../../../UnrealGDKExampleProject/Game/Content/Characters/Player/Animations/Jumps/CH_Robot_Jump_Idle_Falling_Fwd.uasset" 407
"../../../../UnrealGDKExampleProject/Game/Content/Characters/Player/Animations/Jumps/CH_Robot_Jump_Idle_Rising.uasset" 408
"../../../../UnrealGDKExampleProject/Game/Content/Characters/Player/Animations/Jumps/CH_Robot_Jump_Idle_Rising_Fwd.uasset" 409
"../../../../UnrealGDKExampleProject/Game/Content/Characters/Player/Animations/Blendspaces/BS_Robot_Jump_Idle.uasset" 410
"../../../../UnrealGDKExampleProject/Game/Content/Characters/Player/Animations/Crouch/CH_Robot_Crouch_Bwd.uasset" 411
"../../../../UnrealGDKExampleProject/Game/Content/Characters/Player/Animations/Crouch/CH_Robot_Crouch_Fwd.uasset" 412
"../../../../UnrealGDKExampleProject/Game/Content/Characters/Player/Animations/Crouch/CH_Robot_Crouch_L135.uasset" 413
"../../../../UnrealGDKExampleProject/Game/Content/Characters/Player/Animations/Crouch/CH_Robot_Crouch_L45.uasset" 414
"../../../../UnrealGDKExampleProject/Game/Content/Characters/Player/Animations/Crouch/CH_Robot_Crouch_L90.uasset" 415
"../../../../UnrealGDKExampleProject/Game/Content/Characters/Player/Animations/Crouch/CH_Robot_Crouch_R135.uasset" 416
"../../../../UnrealGDKExampleProject/Game/Content/Characters/Player/Animations/Crouch/CH_Robot_Crouch_R45.uasset" 417
"../../../../UnrealGDKExampleProject/Game/Content/Characters/Player/Animations/Crouch/CH_Robot_Crouch_R90.uasset" 418
"../../../../UnrealGDKExampleProject/Game/Content/Characters/Player/Animations/Blendspaces/BS_Robot_Crouch.uasset" 419
"../../../../UnrealGDKExampleProject/Game/Content/Characters/Player/Animations/Crouch/CH_Robot_Crouch_Bwd_ADS.uasset" 420
"../../../../UnrealGDKExampleProject/Game/Content/Characters/Player/Animations/Crouch/CH_Robot_Crouch_Fwd_ADS.uasset" 421
"../../../../UnrealGDKExampleProject/Game/Content/Characters/Player/Animations/Crouch/CH_Robot_Crouch_L135_ADS.uasset" 422
"../../../../UnrealGDKExampleProject/Game/Content/Characters/Player/Animations/Crouch/CH_Robot_Crouch_L45_ADS.uasset" 423
"../../../../UnrealGDKExampleProject/Game/Content/Characters/Player/Animations/Crouch/CH_Robot_Crouch_L90_ADS.uasset" 424
"../../../../UnrealGDKExampleProject/Game/Content/Characters/Player/Animations/Crouch/CH_Robot_Crouch_R135_ADS.uasset" 425
"../../../../UnrealGDKExampleProject/Game/Content/Characters/Player/Animations/Crouch/CH_Robot_Crouch_R45_ADS.uasset" 426
"../../../../UnrealGDKExampleProject/Game/Content/Characters/Player/Animations/Crouch/CH_Robot_Crouch_R90_ADS.uasset" 427
"../../../../UnrealGDKExampleProject/Game/Content/Characters/Player/Animations/Blendspaces/BS_Robot_Crouch_ADS.uasset" 428
"../../../../UnrealGDKExampleProject/Game/Content/Characters/Player/Animations/Locomotion/CH_Robot_Jog_Bwd.uasset" 429
"../../../../UnrealGDKExampleProject/Game/Content/Characters/Player/Animations/Locomotion/CH_Robot_Jog_Fwd.uasset" 430
"../../../../UnrealGDKExampleProject/Game/Content/Characters/Player/Animations/Locomotion/CH_Robot_Jog_L135.uasset" 431
"../../../../UnrealGDKExampleProject/Game/Content/Characters/Player/Animations/Locomotion/CH_Robot_Jog_L45.uasset" 432
"../../../../UnrealGDKExampleProject/Game/Content/Characters/Player/Animations/Locomotion/CH_Robot_Jog_L90.uasset" 433
"../../../../UnrealGDKExampleProject/Game/Content/Characters/Player/Animations/Locomotion/CH_Robot_Jog_R135.uasset" 434
"../../../../UnrealGDKExampleProject/Game/Content/Characters/Player/Animations/Locomotion/CH_Robot_Jog_R45.uasset" 435
"../../../../UnrealGDKExampleProject/Game/Content/Characters/Player/Animations/Locomotion/CH_Robot_Jog_R90.uasset" 436
"../../../../UnrealGDKExampleProject/Game/Content/Characters/Player/Animations/Blendspaces/BS_Robot_Jog.uasset" 437
"../../../../UnrealGDKExampleProject/Game/Content/Characters/Player/Animations/Jumps/CH_Robot_Jump_Intro.uasset" 438
"../../../../UnrealGDKExampleProject/Game/Content/Characters/Player/Animations/Jumps/CH_Robot_Jump_Intro_Fwd.uasset" 439
"../../../../UnrealGDKExampleProject/Game/Content/Characters/Player/Animations/Blendspaces/BS_Robot_Jump_Intro.uasset" 440
"../../../../UnrealGDKExampleProject/Game/Content/Characters/Player/Animations/Jumps/CH_Robot_Jump_Outro.uasset" 441
"../../../../UnrealGDKExampleProject/Game/Content/Characters/Player/Animations/Jumps/CH_Robot_Jump_Outro_Fwd.uasset" 442
"../../../../UnrealGDKExampleProject/Game/Content/Characters/Player/Animations/Blendspaces/BS_Robot_Jump_Outro.uasset" 443
"../../../../UnrealGDKExampleProject/Game/Content/Characters/Player/Animations/Locomotion/CH_Robot_Sprint_Fwd.uasset" 444
"../../../../UnrealGDKExampleProject/Game/Content/Characters/Player/Animations/Locomotion/CH_Robot_Sprint_L45.uasset" 445
"../../../../UnrealGDKExampleProject/Game/Content/Characters/Player/Animations/Locomotion/CH_Robot_Sprint_R45.uasset" 446
"../../../../UnrealGDKExampleProject/Game/Content/Characters/Player/Animations/Blendspaces/BS_Robot_Sprint.uasset" 447
"../../../../UnrealGDKExampleProject/Game/Content/Characters/Player/Animations/Locomotion/CH_Robot_Walk_Bwd.uasset" 448
"../../../../UnrealGDKExampleProject/Game/Content/Characters/Player/Animations/Locomotion/CH_Robot_Walk_Fwd.uasset" 449
"../../../../UnrealGDKExampleProject/Game/Content/Characters/Player/Animations/Locomotion/CH_Robot_Walk_L135.uasset" 450
"../../../../UnrealGDKExampleProject/Game/Content/Characters/Player/Animations/Locomotion/CH_Robot_Walk_L45.uasset" 451
"../../../../UnrealGDKExampleProject/Game/Content/Characters/Player/Animations/Locomotion/CH_Robot_Walk_L90.uasset" 452
"../../../../UnrealGDKExampleProject/Game/Content/Characters/Player/Animations/Locomotion/CH_Robot_Walk_R135.uasset" 453
"../../../../UnrealGDKExampleProject/Game/Content/Characters/Player/Animations/Locomotion/CH_Robot_Walk_R45.uasset" 454
"../../../../UnrealGDKExampleProject/Game/Content/Characters/Player/Animations/Locomotion/CH_Robot_Walk_R90.uasset" 455
"../../../../UnrealGDKExampleProject/Game/Content/Characters/Player/Animations/Blendspaces/BS_Robot_Walk.uasset" 456
"../../../../UnrealGDKExampleProject/Game/Content/Characters/Player/Animations/Locomotion/CH_Robot_Walk_Bwd_ADS.uasset" 457
"../../../../UnrealGDKExampleProject/Game/Content/Characters/Player/Animations/Locomotion/CH_Robot_Walk_Fwd_ADS.uasset" 458
"../../../../UnrealGDKExampleProject/Game/Content/Characters/Player/Animations/Locomotion/CH_Robot_Walk_L135_ADS.uasset" 459
"../../../../UnrealGDKExampleProject/Game/Content/Characters/Player/Animations/Locomotion/CH_Robot_Walk_L45_ADS.uasset" 460
"../../../../UnrealGDKExampleProject/Game/Content/Characters/Player/Animations/Locomotion/CH_Robot_Walk_L90_ADS.uasset" 461
"../../../../UnrealGDKExampleProject/Game/Content/Characters/Player/Animations/Locomotion/CH_Robot_Walk_R135_ADS.uasset" 462
"../../../../UnrealGDKExampleProject/Game/Content/Characters/Player/Animations/Locomotion/CH_Robot_Walk_R45_ADS.uasset" 463
"../../../../UnrealGDKExampleProject/Game/Content/Characters/Player/Animations/Locomotion/CH_Robot_Walk_R90_ADS.uasset" 464
"../../../../UnrealGDKExampleProject/Game/Content/Characters/Player/Animations/Blendspaces/BS_Robot_Walk_ADS.uasset" 465
"../../../../UnrealGDKExampleProject/Game/Content/Characters/Player/Animations/AnimationBlueprints/CH_Robot_AnimBlueprint.uasset" 466
"../../../../UnrealGDKExampleProject/Game/Content/Characters/Components/BPI_OnHover.uasset" 467
"../../../Engine/Content/EngineFonts/RobotoDistanceField.uasset" 468
"../../../Engine/Content/Functions/Engine_MaterialFunctions02/WorldPositionOffset/ComponentPivotLocation.uasset" 469
"../../../Engine/Content/Functions/Engine_MaterialFunctions02/WorldPositionOffset/LocalPosition.uasset" 470
"../../../../UnrealGDKExampleProject/Game/Content/Base/MaterialFunctions/MF_Object_Distance.uasset" 471
"../../../../UnrealGDKExampleProject/Game/Content/UI/Textures/UI_T_Nameplate_BG.uasset" 472
"../../../../UnrealGDKExampleProject/Game/Content/UI/Materials/M_Nameplate.uasset" 473
"../../../../UnrealGDKExampleProject/Game/Content/Characters/Player/Meshes/CH_SK_PlayerRobot_PhysicsAsset.uasset" 474
"../../../../UnrealGDKExampleProject/Game/Content/Characters/Player/Meshes/CH_SK_PlayerRobot.uasset" 475
"../../../../UnrealGDKExampleProject/Game/Content/Characters/BP_Base_Character.uasset" 476
"../../../../UnrealGDKExampleProject/Game/Content/Characters/Player/Animations/FirstPerson/CH_Robot_FP_ADS.uasset" 477
"../../../../UnrealGDKExampleProject/Game/Content/Characters/Player/Animations/FirstPerson/CH_Robot_FP_Idle_Jump_Falling.uasset" 478
"../../../../UnrealGDKExampleProject/Game/Content/Characters/Player/Animations/FirstPerson/CH_Robot_FP_Idle_Jump_Recovery.uasset" 479
"../../../../UnrealGDKExampleProject/Game/Content/Characters/Player/Animations/FirstPerson/CH_Robot_FP_Sprint.uasset" 480
"../../../../UnrealGDKExampleProject/Game/Content/Characters/Player/Animations/FirstPerson/CH_Robot_FP_Sprint_Jump_Falling.uasset" 481
"../../../../UnrealGDKExampleProject/Game/Content/Characters/Player/Animations/FirstPerson/CH_Robot_FP_Sprint_Jump_Recovery.uasset" 482
"../../../../UnrealGDKExampleProject/Game/Content/Characters/Player/Animations/FirstPerson/CH_Robot_Lean_Center.uasset" 483
"../../../../UnrealGDKExampleProject/Game/Content/Characters/Player/Animations/FirstPerson/CH_Robot_Lean_Left.uasset" 484
"../../../../UnrealGDKExampleProject/Game/Content/Characters/Player/Animations/FirstPerson/CH_Robot_Lean_Right.uasset" 485
"../../../../UnrealGDKExampleProject/Game/Content/Characters/Player/Animations/Blendspaces/BS_Robot_FirstPerson_Lean.uasset" 486
"../../../../UnrealGDKExampleProject/Game/Content/Characters/Player/Animations/FirstPerson/CH_Robot_FP_Idle.uasset" 487
"../../../../UnrealGDKExampleProject/Game/Content/Characters/Player/Animations/FirstPerson/CH_Robot_FP_Jog.uasset" 488
"../../../../UnrealGDKExampleProject/Game/Content/Characters/Player/Animations/Blendspaces/BS_Robot_FirstPerson_Locomotion.uasset" 489
"../../../../UnrealGDKExampleProject/Game/Content/Characters/Player/Animations/AnimationBlueprints/CH_Robot_FirstPerson_AnimBlueprint.uasset" 490
"../../../../UnrealGDKExampleProject/Game/Content/Weapons/GrenadeLauncher/Meshes/SM_GrenadeProjectile_Frag.uasset" 491
"../../../../UnrealGDKExampleProject/Game/Content/Blueprints/Weapons/Grenades/Grenade_Frag.uasset" 492
"../../../../UnrealGDKExampleProject/Game/Content/Weapons/GrenadeLauncher/Meshes/SM_Text_Frag.uasset" 493
"../../../../UnrealGDKExampleProject/Game/Content/Blueprints/Weapons/BP_GrenadeLauncher_Frag.uasset" 494
"../../../Engine/Content/Functions/Engine_MaterialFunctions02/Math/Pi.uasset" 495
"../../../../UnrealGDKExampleProject/Game/Content/Base/Textures/T_Vignette_M.uasset" 496
"../../../../UnrealGDKExampleProject/Game/Content/Base/PostMaterials/M_Post_DirectionalDamageVignette.uasset" 497
"../../../../UnrealGDKExampleProject/Game/Content/Characters/Player/Meshes/CH_SK_PlayerRobot_FP_PhysicsAsset.uasset" 498
"../../../../UnrealGDKExampleProject/Game/Content/Characters/Player/Meshes/CH_SK_PlayerRobot_FP.uasset" 499
"../../../../UnrealGDKExampleProject/Game/Content/Characters/BP_FPS_Character.uasset" 500
"../../../../UnrealGDKExampleProject/Game/Content/AI/BB_Wander.uasset" 501
"../../../../UnrealGDKExampleProject/Game/Content/AI/Services/BTService_RandomLocation.uasset" 502
"../../../../UnrealGDKExampleProject/Game/Content/AI/BT_Wander.uasset" 503
"../../../../UnrealGDKExampleProject/Game/Content/Controllers/BP_SimulatedPlayerAIController.uasset" 504
"../../../../UnrealGDKExampleProject/Game/Content/Characters/BP_SimulatedPlayerCharacter.uasset" 505
"../../../../UnrealGDKExampleProject/Game/Content/Controllers/Components/Menus.uasset" 506
"../../../../UnrealGDKExampleProject/Game/Content/Controllers/Components/MenuMediator.uasset" 507
"../../../Engine/Content/BasicShapes/Cone.uasset" 508
"../../../../UnrealGDKExampleProject/Game/Content/Blueprints/NPCs/PatrolPoint.uasset" 509
"../../../../UnrealGDKExampleProject/Game/Content/TakeoverPrototype/Building/Fortification1.uasset" 510
"../../../../UnrealGDKExampleProject/Game/Content/TakeoverPrototype/Building/ShovelTest.uasset" 511
"../../../../UnrealGDKExampleProject/Game/Content/TakeoverPrototype/BP_FPS_Character_Takeover.uasset" 512
"../../../../UnrealGDKExampleProject/Game/Content/Blueprints/NPCs/BB_NPC.uasset" 513
"../../../../UnrealGDKExampleProject/Game/Content/Blueprints/NPCs/NPCTraceProvider.uasset" 514
"../../../../UnrealGDKExampleProject/Game/Content/Blueprints/NPCs/BTService_FireAtTarget.uasset" 515
"../../../../UnrealGDKExampleProject/Game/Content/Blueprints/NPCs/BTTask_ClearBlackboardValue.uasset" 516
"../../../../UnrealGDKExampleProject/Game/Content/Blueprints/NPCs/BTTask_FindPatrolPoint.uasset" 517
"../../../../UnrealGDKExampleProject/Game/Content/Blueprints/NPCs/BTTask_ScanForEnemies.uasset" 518
"../../../../UnrealGDKExampleProject/Game/Content/Blueprints/NPCs/BTTask_TetheredMoveTo.uasset" 519
"../../../../UnrealGDKExampleProject/Game/Content/Blueprints/NPCs/BTTask_UnocupyPatrolPoint.uasset" 520
"../../../../UnrealGDKExampleProject/Game/Content/Blueprints/NPCs/BT_NPC.uasset" 521
"../../../Engine/Content/EditorBlueprintResources/ActorMacros.uasset" 522
"../../../../UnrealGDKExampleProject/Game/Content/Environment/TeamPlayerStart.uasset" 523
"../../../../UnrealGDKExampleProject/Game/Content/Environment/Props/Materials/M_ControlPoint.uasset" 524
"../../../../UnrealGDKExampleProject/Game/Content/Blueprints/Enum_ControlPointState.uasset" 525
"../../../../UnrealGDKExampleProject/Game/Content/UI/Blueprints/BP_ControlPointProgress.uasset" 526
"../../../../UnrealGDKExampleProject/Game/Content/Blueprints/BP_ControlPoint.uasset" 527
"../../../../UnrealGDKExampleProject/Game/Content/Blueprints/NPCs/NPCSpawner.uasset" 528
"../../../../UnrealGDKExampleProject/Game/Content/Blueprints/NPCs/NPC_Controller.uasset" 529
"../../../Engine/Content/Functions/Engine_MaterialFunctions02/WorldPositionOffset/CameraOffset.uasset" 530
"../../../../UnrealGDKExampleProject/Game/Content/UI/Materials/M_CombatFeedback.uasset" 531
"../../../../UnrealGDKExampleProject/Game/Content/Blueprints/BP_DamageText.uasset" 532
"../../../../UnrealGDKExampleProject/Game/Content/Characters/Components/BP_FloatingCombatText.uasset" 533
"../../../../UnrealGDKExampleProject/Game/Content/Blueprints/NPCs/Character_NPC.uasset" 534
"../../../../UnrealGDKExampleProject/Game/Content/GameMode/BP_TeamDeathmatchGameState.uasset" 535
"../../../../UnrealGDKExampleProject/Game/Content/Controllers/BP_GDK_PlayerController.uasset" 536
"../../../../UnrealGDKExampleProject/Game/Content/GameMode/BP_DeathmatchGameState.uasset" 537
"../../../../UnrealGDKExampleProject/Game/Content/GameMode/BP_PlayerState.uasset" 538
"../../../../UnrealGDKExampleProject/Game/Content/GameMode/BP_DeathmatchGameMode.uasset" 539
"../../../../UnrealGDKExampleProject/Game/Content/GameMode/BP_GDKShooterGameInstance.uasset" 540
"../../../../UnrealGDKExampleProject/Game/Content/InGameTutorial/Blueprints/BP_EventTest.uasset" 541
"../../../../UnrealGDKExampleProject/Game/Content/InGameTutorial/MuliFont/Muli-Regular.uasset" 542
"../../../../UnrealGDKExampleProject/Game/Content/InGameTutorial/MuliFont/Muli-Regular_Font.uasset" 543
"../../../../UnrealGDKExampleProject/Game/Content/InGameTutorial/MuliFont/Muli-Regular_DistanceField.uasset" 544
"../../../../UnrealGDKExampleProject/Game/Content/InGameTutorial/MuliFont/MuliMaterial.uasset" 545
"../../../../UnrealGDKExampleProject/Game/Content/Splash/EdSplash.uasset" 546
"../../../../UnrealGDKExampleProject/Game/Content/Splash/Splash.uasset" 547
"../../../../UnrealGDKExampleProject/Game/Content/TakeoverPrototype/BB_Takeover.uasset" 548
"../../../../UnrealGDKExampleProject/Game/Content/TakeoverPrototype/NPC_Controller_Takeover.uasset" 549
"../../../../UnrealGDKExampleProject/Game/Content/TakeoverPrototype/Character_Takeover.uasset" 550
"../../../../UnrealGDKExampleProject/Game/Content/UI/Blueprints/BP_GDKKillNotification.uasset" 551
"../../../../UnrealGDKExampleProject/Game/Content/UI/Textures/UI_T_Shield_Progress_Bar_Fill.uasset" 552
"../../../../UnrealGDKExampleProject/Game/Content/UI/Materials/M_UI_Armour_Bar.uasset" 553
"../../../../UnrealGDKExampleProject/Game/Content/UI/Textures/UI_T_Health_Progress_Bar_Fill.uasset" 554
"../../../../UnrealGDKExampleProject/Game/Content/UI/Materials/MI_UI_Health_Bar.uasset" 555
"../../../../UnrealGDKExampleProject/Game/Content/UI/Blueprints/BP_RangeFinder.uasset" 556
"../../../../UnrealGDKExampleProject/Game/Content/UI/Textures/UI_T_Frame_Border_01.uasset" 557
"../../../../UnrealGDKExampleProject/Game/Content/UI/Textures/UI_T_Frame_Border_02.uasset" 558
"../../../../UnrealGDKExampleProject/Game/Content/UI/Textures/UI_T_Health_Icon.uasset" 559
"../../../../UnrealGDKExampleProject/Game/Content/UI/Textures/UI_T_Health_Markers.uasset" 560
"../../../../UnrealGDKExampleProject/Game/Content/UI/Blueprints/BP_HUD.uasset" 561
"../../../../UnrealGDKExampleProject/Game/Content/UI/Textures/UI_T_BG_Gradient.uasset" 562
"../../../../UnrealGDKExampleProject/Game/Content/UI/Textures/UI_T_Dither_Pattern.uasset" 563
"../../../../UnrealGDKExampleProject/Game/Content/UI/Materials/M_UI_BG_Gradient.uasset" 564
"../../../../UnrealGDKExampleProject/Game/Content/UI/Textures/UI_T_Square_White.uasset" 565
"../../../../UnrealGDKExampleProject/Game/Content/UI/Textures/UI_T_Text_Quit.uasset" 566
"../../../../UnrealGDKExampleProject/Game/Content/UI/Blueprints/BP_QuitButton.uasset" 567
"../../../../UnrealGDKExampleProject/Game/Content/UI/Textures/UI_T_Controls_Keyboard.uasset" 568
"../../../../UnrealGDKExampleProject/Game/Content/UI/Textures/UI_T_Logo_SpatialOS.uasset" 569
"../../../../UnrealGDKExampleProject/Game/Content/UI/Textures/UI_T_Title_Game_Development_Kit.uasset" 570
"../../../../UnrealGDKExampleProject/Game/Content/UI/Blueprints/BP_MenuBackground.uasset" 571
"../../../../UnrealGDKExampleProject/Game/Content/UI/Blueprints/BP_Minimal_HUD.uasset" 572
"../../../../UnrealGDKExampleProject/Game/Content/GameMode/Components/PhaseEntry.uasset" 573
"../../../../UnrealGDKExampleProject/Game/Content/GameMode/Components/PhaseData.uasset" 574
"../../../../UnrealGDKExampleProject/Game/Content/GameMode/Components/PhaseBasedMapComponent.uasset" 575
"../../../../UnrealGDKExampleProject/Game/Content/GameMode/Components/SquadTrackingComponent.uasset" 576
"../../../../UnrealGDKExampleProject/Game/Content/UI/Blueprints/BP_PlayerHUD_CorridorShooter.uasset" 577
"../../../../UnrealGDKExampleProject/Game/Content/UI/Blueprints/BP_PlayerHUD_Deathmatch.uasset" 578
"../../../Engine/Content/EngineFonts/Faces/DroidSansFallback.uasset" 579
"../../../Engine/Content/EngineFonts/Faces/RobotoBold.uasset" 580
"../../../Engine/Content/EngineFonts/Faces/RobotoBoldItalic.uasset" 581
"../../../Engine/Content/EngineFonts/Faces/RobotoItalic.uasset" 582
"../../../Engine/Content/EngineFonts/Faces/RobotoLight.uasset" 583
"../../../Engine/Content/EngineFonts/Faces/RobotoRegular.uasset" 584
"../../../Engine/Content/EngineFonts/Roboto.uasset" 585
"../../../../UnrealGDKExampleProject/Game/Content/UI/Blueprints/BP_Background.uasset" 586
"../../../../UnrealGDKExampleProject/Game/Content/UI/Textures/UI_T_Player_Avatar_Black.uasset" 587
"../../../../UnrealGDKExampleProject/Game/Content/UI/Textures/UI_T_Player_Avatar_Blue.uasset" 588
"../../../../UnrealGDKExampleProject/Game/Content/UI/Textures/UI_T_Player_Avatar_CamoArctic.uasset" 589
"../../../../UnrealGDKExampleProject/Game/Content/UI/Textures/UI_T_Player_Avatar_CamoWoodland.uasset" 590
"../../../../UnrealGDKExampleProject/Game/Content/UI/Textures/UI_T_Player_Avatar_Green.uasset" 591
"../../../../UnrealGDKExampleProject/Game/Content/UI/Textures/UI_T_Player_Avatar_Grey.uasset" 592
"../../../../UnrealGDKExampleProject/Game/Content/UI/Textures/UI_T_Player_Avatar_Orange.uasset" 593
"../../../../UnrealGDKExampleProject/Game/Content/UI/Textures/UI_T_Player_Avatar_Red.uasset" 594
"../../../../UnrealGDKExampleProject/Game/Content/UI/Textures/UI_T_Player_Button_Black.uasset" 595
"../../../../UnrealGDKExampleProject/Game/Content/UI/Textures/UI_T_Player_Button_Blue.uasset" 596
"../../../../UnrealGDKExampleProject/Game/Content/UI/Textures/UI_T_Player_Button_CamoArctic.uasset" 597
"../../../../UnrealGDKExampleProject/Game/Content/UI/Textures/UI_T_Player_Button_CamoWoodland.uasset" 598
"../../../../UnrealGDKExampleProject/Game/Content/UI/Textures/UI_T_Player_Button_Green.uasset" 599
"../../../../UnrealGDKExampleProject/Game/Content/UI/Textures/UI_T_Player_Button_Grey.uasset" 600
"../../../../UnrealGDKExampleProject/Game/Content/UI/Textures/UI_T_Player_Button_Highlight.uasset" 601
"../../../../UnrealGDKExampleProject/Game/Content/UI/Textures/UI_T_Player_Button_Orange.uasset" 602
"../../../../UnrealGDKExampleProject/Game/Content/UI/Textures/UI_T_Player_Button_Red.uasset" 603
"../../../../UnrealGDKExampleProject/Game/Content/UI/Textures/UI_T_Text_Cancel.uasset" 604
"../../../../UnrealGDKExampleProject/Game/Content/UI/Textures/UI_T_Text_Select_Colour.uasset" 605
"../../../../UnrealGDKExampleProject/Game/Content/UI/Textures/UI_T_Text_Start.uasset" 606
"../../../../UnrealGDKExampleProject/Game/Content/UI/Textures/UI_T_Title_Lobby.uasset" 607
"../../../../UnrealGDKExampleProject/Game/Content/UI/Blueprints/BP_SessionScreen.uasset" 608
"../../../../UnrealGDKExampleProject/Game/Content/UI/Textures/UI_T_Dot.uasset" 609
"../../../../UnrealGDKExampleProject/Game/Content/UI/Textures/UI_T_Error_X.uasset" 610
"../../../../UnrealGDKExampleProject/Game/Content/UI/Textures/UI_T_Progress_Spinner.uasset" 611
"../../../../UnrealGDKExampleProject/Game/Content/UI/Blueprints/BP_SpinnerWidget.uasset" 612
"../../../../UnrealGDKExampleProject/Game/Content/UI/Textures/UI_T_Splash_Spatial_Unreal.uasset" 613
"../../../../UnrealGDKExampleProject/Game/Content/UI/Blueprints/BP_Splash.uasset" 614
"../../../../UnrealGDKExampleProject/Game/Content/UI/Blueprints/Scores/BP_GDKPlayerScoreDividersWidget.uasset" 615
"../../../../UnrealGDKExampleProject/Game/Content/UI/Blueprints/Scores/BP_GDKPlayerScoreTitleWidget.uasset" 616
"../../../../UnrealGDKExampleProject/Game/Content/UI/Blueprints/Scores/BP_GDKPlayerScoreWidget.uasset" 617
"../../../../UnrealGDKExampleProject/Game/Content/UI/Blueprints/Scores/BP_ScoreTableWidget.uasset" 618
"../../../../UnrealGDKExampleProject/Game/Content/UI/Blueprints/Scores/BP_GDKLiveScoreboard.uasset" 619
"../../../../UnrealGDKExampleProject/Game/Content/UI/OnlinePlayers/Blueprints/BP_OnlinePlayerWidget.uasset" 620
"../../../../UnrealGDKExampleProject/Game/Content/UI/OnlinePlayers/Blueprints/BP_OnlinePlayerScrollBox.uasset" 621
"../../../../UnrealGDKExampleProject/Game/Content/UI/PartyInvites/BP_PartyInviteWidget.uasset" 622
"../../../../UnrealGDKExampleProject/Game/Content/UI/PartyInvites/BP_PartyInviteBox.uasset" 623
"../../../../UnrealGDKExampleProject/Game/Content/UI/PartyInvites/BP_PartyInvitePanel.uasset" 624
"../../../../UnrealGDKExampleProject/Game/Content/UI/OnlinePlayers/Blueprints/BP_OnlinePlayersScreen.uasset" 625
"../../../../UnrealGDKExampleProject/Game/Content/UI/Shared/Blueprints/BP_LeaveButton.uasset" 626
"../../../../UnrealGDKExampleProject/Game/Content/UI/TeamRanking/BluePrints/BP_PlayerRankingWidget.uasset" 627
"../../../../UnrealGDKExampleProject/Game/Content/UI/TeamRanking/BluePrints/BP_TeamRankingScreen.uasset" 628
"../../../../UnrealGDKExampleProject/Game/Content/UI/Textures/UI_T_Armour_Icon.uasset" 629
"../../../../UnrealGDKExampleProject/Game/Content/UI/Textures/UI_T_Blue_Team_Banner.uasset" 630
"../../../../UnrealGDKExampleProject/Game/Content/UI/Textures/UI_T_Blue_Team_Button.uasset" 631
"../../../../UnrealGDKExampleProject/Game/Content/UI/Textures/UI_T_Logo_Spatial_GDK_Splash.uasset" 632
"../../../../UnrealGDKExampleProject/Game/Content/UI/Textures/UI_T_Orange_Team_Banner.uasset" 633
"../../../../UnrealGDKExampleProject/Game/Content/UI/Textures/UI_T_Orange_Team_Button.uasset" 634
"../../../../UnrealGDKExampleProject/Game/Content/UI/Textures/UI_T_Player_Avatar_CamoDesert.uasset" 635
"../../../../UnrealGDKExampleProject/Game/Content/UI/Textures/UI_T_Player_Avatar_CamoUrban.uasset" 636
"../../../../UnrealGDKExampleProject/Game/Content/UI/Textures/UI_T_Player_Button_CamoDesert.uasset" 637
"../../../../UnrealGDKExampleProject/Game/Content/UI/Textures/UI_T_Player_Button_CamoUrban.uasset" 638
"../../../../UnrealGDKExampleProject/Game/Content/UI/Textures/UI_T_Purple_Team_Banner.uasset" 639
"../../../../UnrealGDKExampleProject/Game/Content/UI/Textures/UI_T_Purple_Team_Button.uasset" 640
"../../../../UnrealGDKExampleProject/Game/Content/UI/Textures/UI_T_Red_Team_Banner.uasset" 641
"../../../../UnrealGDKExampleProject/Game/Content/UI/Textures/UI_T_Red_Team_Button.uasset" 642
"../../../../UnrealGDKExampleProject/Game/Content/UI/Textures/UI_T_Reticle.uasset" 643
"../../../../UnrealGDKExampleProject/Game/Content/UI/Textures/UI_T_Text_Select_Your_Team.uasset" 644
"../../../../UnrealGDKExampleProject/Game/Content/UI/WinningTeam/Blueprints/BP_WinningTeamWidget.uasset" 645
"../../../../UnrealGDKExampleProject/Game/Content/UI/WinningTeam/Blueprints/BP_WinningTeamScreen.uasset" 646
"../../../../UnrealGDKExampleProject/Game/Content/VFX/Particles/FireLarge_P.uasset" 647
"../../../../UnrealGDKExampleProject/Game/Content/VFX/Particles/MuzzleFlash_P.uasset" 648
"../../../../UnrealGDKExampleProject/Game/Content/VFX/Particles/Materials/MI_muzzle_flash_front.uasset" 649
"../../../../UnrealGDKExampleProject/Game/Content/VFX/Particles/Materials/M_Fire_Smoke.uasset" 650
"../../../../UnrealGDKExampleProject/Game/Content/VFX/Particles/Materials/Weapons/MI_MuzzleSide_AssaultRifle.uasset" 651
"../../../../UnrealGDKExampleProject/Game/Content/VFX/Particles/Materials/Weapons/MI_MuzzleSide_HeavyMachineGun.uasset" 652
"../../../../UnrealGDKExampleProject/Game/Content/VFX/Particles/Materials/Weapons/MI_MuzzleSide_RailGun.uasset" 653
"../../../../UnrealGDKExampleProject/Game/Content/VFX/Particles/Materials/Weapons/MI_MuzzleSide_SniperRifle.uasset" 654
"../../../../UnrealGDKExampleProject/Game/Content/VFX/Particles/Materials/Weapons/MI_MuzzleSide_TripleShot.uasset" 655
"../../../../UnrealGDKExampleProject/Game/Content/VFX/Textures/Weapons/T_MuzzleFlash_Front_BC.uasset" 656
"../../../../UnrealGDKExampleProject/Game/Content/VFX/Textures/T_MuzzleFlash_Front_BC.uasset" 657
"../../../../UnrealGDKExampleProject/Game/Content/Weapons/AssaultRifle/Materials/ColourSchemes/WP_MI_AssaultRifle_CamoDesert.uasset" 658
"../../../../UnrealGDKExampleProject/Game/Content/Weapons/AssaultRifle/Materials/ColourSchemes/WP_MI_AssaultRifle_CamoUrban.uasset" 659
"../../../../UnrealGDKExampleProject/Game/Content/Weapons/GrenadeLauncher/Meshes/SM_GrenadeProjectile.uasset" 660
"../../../../UnrealGDKExampleProject/Game/Content/Weapons/GrenadeLauncher/Meshes/SM_RocketProjectile.uasset" 661
"../../../../UnrealGDKExampleProject/Game/Content/Weapons/TripleShot/Meshes/WP_TripleShot_Skeleton.uasset" 662
"../../../../UnrealGDKExampleProject/Game/Content/Weapons/TripleShot/Animations/WP_TripleShot_Spinning_1.uasset" 663
"../../../../UnrealGDKExampleProject/Game/Content/Weapons/TripleShot/Animations/WP_TripleShot_Spinning.uasset" 664
"../../../Engine/Content/Animation/DefaultAnimBoneCompressionSettings.uasset" 665
"../../../Engine/Content/Animation/DefaultAnimCurveCompressionSettings.uasset" 666
"../../../Engine/Content/ArtTools/RenderToTexture/Meshes/S_1_Unit_Plane.uasset" 667
"../../../Engine/Content/BasicShapes/Cylinder.uasset" 668
"../../../Engine/Content/EditorLandscapeResources/DataLayer.uasset" 669
"../../../Engine/Content/EditorMaterials/MAT_Groups_Toggle.uasset" 670
"../../../Engine/Content/EditorMaterials/MAT_Groups_Visibility.uasset" 671
"../../../Engine/Content/EditorMaterials/PreviewShadowIndicator.uasset" 672
"../../../Engine/Content/EditorMaterials/PreviewShadowIndicatorMaterial.uasset" 673
"../../../Engine/Content/EditorMaterials/MatineeGroups/MAT_ColorTrack.uasset" 674
"../../../Engine/Content/EditorMaterials/MatineeGroups/MAT_Groups_Anim.uasset" 675
"../../../Engine/Content/EditorMaterials/MatineeGroups/MAT_Groups_AudioMaster.uasset" 676
"../../../Engine/Content/EditorMaterials/MatineeGroups/MAT_Groups_Director.uasset" 677
"../../../Engine/Content/EditorMaterials/MatineeGroups/MAT_Groups_Event.uasset" 678
"../../../Engine/Content/EditorMaterials/MatineeGroups/MAT_Groups_Fade.uasset" 679
"../../../Engine/Content/EditorMaterials/MatineeGroups/MAT_Groups_Float.uasset" 680
"../../../Engine/Content/EditorMaterials/MatineeGroups/MAT_Groups_Move.uasset" 681
"../../../Engine/Content/EditorMaterials/MatineeGroups/MAT_Groups_Slomo.uasset" 682
"../../../Engine/Content/EditorMaterials/MatineeGroups/MAT_Groups_Sound.uasset" 683
"../../../Engine/Content/EditorMaterials/MatineeGroups/MAT_Groups_Vector.uasset" 684
"../../../Engine/Content/EditorMaterials/ParticleSystems/PSysThumbnail_NoImage.uasset" 685
"../../../Engine/Content/EditorMaterials/ParticleSystems/PSysThumbnail_OOD.uasset" 686
"../../../Engine/Content/EditorMaterials/Camera/CineMat.uasset" 687
"../../../Engine/Content/EditorMaterials/Camera/MI_CineMat_Rig.uasset" 688
"../../../Engine/Content/EditorMeshes/Camera/SM_CraneRig_Arm.uasset" 689
"../../../Engine/Content/EditorMeshes/Camera/SM_CraneRig_Base.uasset" 690
"../../../Engine/Content/EditorMeshes/Camera/SM_CraneRig_Body.uasset" 691
"../../../Engine/Content/EditorMeshes/Camera/SM_CraneRig_Mount.uasset" 692
"../../../Engine/Content/EditorMeshes/Camera/SM_RailRig_Mount.uasset" 693
"../../../Engine/Content/EditorMeshes/Camera/SM_RailRig_Track.uasset" 694
"../../../Engine/Content/EditorResources/BSPVertex.uasset" 695
"../../../Engine/Content/EditorResources/S_Actor.uasset" 696
"../../../Engine/Content/EditorResources/S_Note.uasset" 697
"../../../Engine/Content/EditorResources/S_Solver.uasset" 698
"../../../Engine/Content/EditorResources/S_Trigger.uasset" 699
"../../../Engine/Content/EditorResources/SequenceRecorder/Countdown.uasset" 700
"../../../Engine/Content/EditorResources/SequenceRecorder/RecordingIndicator.uasset" 701
"../../../Engine/Content/EditorSounds/Notifications/CompileFailed.uasset" 702
"../../../Engine/Content/EditorSounds/Notifications/CompileFailed_Cue.uasset" 703
"../../../Engine/Content/EditorSounds/Notifications/CompileSuccess.uasset" 704
"../../../Engine/Content/EditorSounds/Notifications/CompileStart_Cue.uasset" 705
"../../../Engine/Content/EditorSounds/Notifications/CompileSuccess_Cue.uasset" 706
"../../../Engine/Content/EngineDamageTypes/DmgTypeBP_Environmental.uasset" 707
"../../../Engine/Content/EngineDebugMaterials/DebugEditorMaterial.uasset" 708
"../../../Engine/Content/EngineDebugMaterials/DebugMeshMaterial.uasset" 709
"../../../Engine/Content/EngineDebugMaterials/M_SimpleUnlitTranslucent.uasset" 710
"../../../Engine/Content/Functions/Engine_MaterialFunctions02/Utility/CameraDirectionVector.uasset" 711
"../../../Engine/Content/EngineDebugMaterials/VolumeToRender.uasset" 712
"../../../Engine/Content/EngineDebugMaterials/M_VolumeRenderSphereTracePP.uasset" 713
"../../../Engine/Content/EngineDebugMaterials/WireframeMaterial.uasset" 714
"../../../Engine/Content/EngineMaterials/BaseFlattenDiffuseMap.uasset" 715
"../../../Engine/Content/EngineMaterials/BaseFlattenEmissiveMap.uasset" 716
"../../../Engine/Content/EngineMaterials/BaseFlattenGrayscaleMap.uasset" 717
"../../../Engine/Content/EngineMaterials/BaseFlattenMaterial.uasset" 718
"../../../Engine/Content/EngineMaterials/BlueNoise.uasset" 719
"../../../Engine/Content/EngineMaterials/DefaultBloomKernel.uasset" 720
"../../../Engine/Content/EngineMaterials/DefaultBokeh.uasset" 721
"../../../Engine/Content/EngineMaterials/DefaultDeferredDecalMaterial.uasset" 722
"../../../Engine/Content/EngineMaterials/DefaultLightFunctionMaterial.uasset" 723
"../../../Engine/Content/EngineMaterials/DefaultPhysicalMaterial.uasset" 724
"../../../Engine/Content/EngineMaterials/DefaultPostProcessMaterial.uasset" 725
"../../../Engine/Content/EngineMaterials/DefaultTextMaterialOpaque.uasset" 726
"../../../Engine/Content/EngineMaterials/DefaultWhiteGrid.uasset" 727
"../../../Engine/Content/EngineMaterials/DefaultWhiteGrid_Low.uasset" 728
"../../../Engine/Content/EngineMaterials/EmissiveMeshMaterial.uasset" 729
"../../../Engine/Content/EngineMaterials/GizmoMaterial.uasset" 730
"../../../Engine/Content/EngineMaterials/MiniFont.uasset" 731
"../../../Engine/Content/EngineMaterials/InvalidLightmapSettings.uasset" 732
"../../../Engine/Content/EngineMaterials/M_InvalidLightmapSettings.uasset" 733
"../../../Engine/Content/EngineMaterials/PhAT_JointLimitMaterial.uasset" 734
"../../../Engine/Content/EngineMaterials/PreintegratedSkinBRDF.uasset" 735
"../../../Engine/Content/EngineMaterials/RemoveSurfaceMaterial.uasset" 736
"../../../Engine/Content/EngineMaterials/WeightMapPlaceholderTexture.uasset" 737
"../../../Engine/Content/EngineResources/WhiteSquareTexture.uasset" 738
"../../../Engine/Content/EngineMaterials/Widget3DPassThrough.uasset" 739
"../../../Engine/Content/EngineMaterials/Widget3DPassThrough_Masked.uasset" 740
"../../../Engine/Content/EngineMaterials/Widget3DPassThrough_Opaque.uasset" 741
"../../../Engine/Content/EngineMaterials/Widget3DPassThrough_Masked_OneSided.uasset" 742
"../../../Engine/Content/EngineMaterials/Widget3DPassThrough_Opaque_OneSided.uasset" 743
"../../../Engine/Content/EngineMaterials/Widget3DPassThrough_Translucent.uasset" 744
"../../../Engine/Content/EngineMaterials/Widget3DPassThrough_Translucent_OneSided.uasset" 745
"../../../Engine/Content/EngineMeshes/Cylinder.uasset" 746
"../../../Engine/Content/EngineMeshes/Sphere.uasset" 747
"../../../Engine/Content/EngineResources/Black.uasset" 748
"../../../Engine/Content/EngineResources/DefaultTexture.uasset" 749
"../../../Engine/Content/EngineResources/DefaultTextureCube.uasset" 750
"../../../Engine/Content/EngineResources/DefaultVolumeTexture2D.uasset" 751
"../../../Engine/Content/EngineResources/DefaultVolumeTexture.uasset" 752
"../../../Engine/Content/EngineResources/GradientTexture0.uasset" 753
"../../../Engine/Content/EngineSounds/Master.uasset" 754
"../../../Engine/Content/Functions/Engine_MaterialFunctions01/Shading/ConvertFromDiffSpec.uasset" 755
"../../../Engine/Content/Functions/Engine_MaterialFunctions01/Shading/PowerToRoughness.uasset" 756
"../../../Engine/Content/Maps/Templates/Thumbnails/Default.uasset" 757
"../../../Engine/Content/Maps/Templates/Thumbnails/TimeOfDay.uasset" 758
"../../../Engine/Content/Maps/Templates/Thumbnails/VR-Basic.uasset" 759
"../../../Engine/Content/MobileResources/T_MobileControls_texture.uasset" 760
"../../../Engine/Content/MobileResources/T_MobileMenu2.uasset" 761
"../../../Engine/Content/MobileResources/HUD/AnalogHat.uasset" 762
"../../../Engine/Content/MobileResources/HUD/VirtualJoystick_Background.uasset" 763
"../../../Engine/Content/MobileResources/HUD/VirtualJoystick_Thumb.uasset" 764
"../../../Engine/Content/MobileResources/HUD/DefaultVirtualJoysticks.uasset" 765
"../../../Engine/Content/MobileResources/HUD/LeftVirtualJoystickOnly.uasset" 766
"../../../Engine/Content/MobileResources/HUD/MobileHUDButton1_off.uasset" 767
"../../../Engine/Content/MobileResources/HUD/MobileHUDButton1_on.uasset" 768
"../../../Engine/Content/MobileResources/HUD/MobileHUDButton2_off.uasset" 769
"../../../Engine/Content/MobileResources/HUD/MobileHUDButton2_on.uasset" 770
"../../../Engine/Content/MobileResources/HUD/MobileHUDButton3.uasset" 771
"../../../Engine/Content/MobileResources/HUD/MobileHUDButtonFire.uasset" 772
"../../../Engine/Content/MobileResources/HUD/MobileHUDDirectionPad.uasset" 773
"../../../Engine/Content/MobileResources/HUD/MobileHUDDirectionPad2.uasset" 774
"../../../Engine/Content/MobileResources/HUD/MobileHUDDirectionPad3.uasset" 775
"../../../Engine/Content/MobileResources/HUD/MobileHUDDirectionStick.uasset" 776
"../../../Engine/Content/MobileResources/HUD/T_Castle_ThumbstickInner.uasset" 777
"../../../Engine/Content/MobileResources/HUD/T_Castle_ThumbstickOutter.uasset" 778
"../../../Engine/Content/Tutorial/ContentIntroCurve.uasset" 779
"../../../Engine/Content/Tutorial/Basics/LevelEditorAttract.uasset" 780
"../../../Engine/Content/VREditor/LaserPointer/VR_LaserPower_01.uasset" 781
"../../../Engine/Content/VREditor/TransformGizmo/TransformGizmoMaterial.uasset" 782
"../../../Engine/Content/VREditor/TransformGizmo/TranslucentTransformGizmoMaterial.uasset" 783
"../../../Engine/Content/VREditor/TransformGizmo/BoundingBoxCorner.uasset" 784
"../../../Engine/Content/VREditor/TransformGizmo/BoundingBoxEdge.uasset" 785
"../../../Engine/Content/VREditor/TransformGizmo/PlaneTranslationHandle.uasset" 786
"../../../Engine/Content/VREditor/TransformGizmo/Main.uasset" 787
"../../../Engine/Content/VREditor/TransformGizmo/Xray.uasset" 788
"../../../Engine/Content/VREditor/TransformGizmo/SM_Sequencer_Key.uasset" 789
"../../../Engine/Content/VREditor/TransformGizmo/SM_Sequencer_Node.uasset" 790
"../../Plugins/2D/Paper2D/Content/PlaceholderTextures/DummySpriteTexture.uasset" 791
"../../Plugins/2D/Paper2D/Content/DummySprite.uasset" 792
"../../Plugins/2D/Paper2D/Content/DefaultPaperTerrainMaterial.uasset" 793
"../../Plugins/2D/Paper2D/Content/DefaultSpriteMaterial.uasset" 794
"../../Plugins/2D/Paper2D/Content/MaskedUnlitSpriteMaterial.uasset" 795
"../../Plugins/2D/Paper2D/Content/OpaqueUnlitSpriteMaterial.uasset" 796
"../../Plugins/FX/Niagara/Content/Enums/ENiagaraBooleanLogicOps.uasset" 797
"../../Plugins/FX/Niagara/Content/Enums/ENiagaraCoordinateSpace.uasset" 798
"../../Plugins/FX/Niagara/Content/Enums/ENiagaraExpansionMode.uasset" 799
"../../Plugins/FX/Niagara/Content/Enums/ENiagaraOrientationAxis.uasset" 800
"../../Plugins/FX/Niagara/Content/Enums/ENiagaraRandomnessMode.uasset" 801
"../../Plugins/Runtime/Oculus/OculusVR/Content/Materials/OculusMR_ChromaKey.uasset" 802
"../../Plugins/Runtime/Oculus/OculusVR/Content/Materials/OculusMR_ChromaKey_Lit.uasset" 803
"../../Plugins/Runtime/Oculus/OculusVR/Content/Materials/OculusMR_OpaqueColoredMaterial.uasset" 804
"../../Plugins/Runtime/Oculus/OculusVR/Content/Materials/OculusMR_WhiteMaterial.uasset" 805
"../../../Engine/Content/EngineSky/C_Sky_Cloud_Color.uasset" 806
"../../../Engine/Content/EngineSky/C_Sky_Horizon_Color.uasset" 807
"../../../Engine/Content/EngineSky/C_Sky_Zenith_Color.uasset" 808
"../../../Engine/Content/EngineSky/T_Sky_Blue.uasset" 809
"../../../Engine/Content/EngineSky/T_Sky_Clouds_M.uasset" 810
"../../../Engine/Content/EngineSky/T_Sky_Stars.uasset" 811
"../../../Engine/Content/EngineSky/M_Sky_Panning_Clouds2.uasset" 812
"../../../Engine/Content/EngineSky/SM_SkySphere.uasset" 813
"../../../Engine/Content/EngineSky/BP_Sky_Sphere.uasset" 814
"../../../../UnrealGDKExampleProject/Game/Content/Environment/Terrain/Meshes/SM_Terrain_Bare_02.uasset" 815
"../../../../UnrealGDKExampleProject/Game/Content/Blueprints/MapBuilder/Tiles/Bare/BP_Tile_Bare_B.uasset" 816
"../../../../UnrealGDKExampleProject/Game/Content/Environment/Terrain/Meshes/SM_Terrain_Bare_05.uasset" 817
"../../../../UnrealGDKExampleProject/Game/Content/Blueprints/MapBuilder/Tiles/Bare/BP_Tile_Bare_E.uasset" 818
"../../../../UnrealGDKExampleProject/Game/Content/Environment/Terrain/Meshes/SM_Terrain_Bare_06.uasset" 819
"../../../../UnrealGDKExampleProject/Game/Content/Blueprints/MapBuilder/Tiles/Bare/BP_Tile_Bare_F.uasset" 820
"../../../../UnrealGDKExampleProject/Game/Content/Blueprints/MapBuilder/Tiles/Misc/BP_Tile_Buildings_A.uasset" 821
"../../../../UnrealGDKExampleProject/Game/Content/Blueprints/MapBuilder/Tiles/Misc/BP_Tile_Buildings_B.uasset" 822
"../../../../UnrealGDKExampleProject/Game/Content/Blueprints/MapBuilder/Tiles/Misc/BP_Tile_Buildings_C.uasset" 823
"../../../../UnrealGDKExampleProject/Game/Content/Blueprints/MapBuilder/Tiles/Misc/BP_Tile_Park_A.uasset" 824
"../../../../UnrealGDKExampleProject/Game/Content/Blueprints/MapBuilder/Tiles/Misc/BP_Tile_Structure_Bunker_A.uasset" 825
"../../../../UnrealGDKExampleProject/Game/Content/Blueprints/MapBuilder/Tiles/Misc/BP_Tile_Structure_Courtyard_A.uasset" 826
"../../../../UnrealGDKExampleProject/Game/Content/Blueprints/MapBuilder/Tiles/Misc/BP_Tile_Structure_Fortress_A.uasset" 827
"../../../../UnrealGDKExampleProject/Game/Content/Blueprints/MapBuilder/Tiles/Misc/BP_Tile_Structure_Tower_A.uasset" 828
"../../../../UnrealGDKExampleProject/Game/Content/Environment/Props/Meshes/SM_Ramp_50cm.uasset" 829
"../../../../UnrealGDKExampleProject/Game/Content/Blueprints/MapBuilder/Tiles/Misc/BP_Tile_Structure_Tower_B.uasset" 830
"../../../../UnrealGDKExampleProject/Game/Content/Blueprints/MapBuilder/Tiles/Misc/BP_Tile_Structure_Walkways_A.uasset" 831
"../../../../UnrealGDKExampleProject/Game/Content/Blueprints/MapBuilder/Tiles/Misc/BP_Tile_Wild_A.uasset" 832
"../../../../UnrealGDKExampleProject/Game/Content/Blueprints/MapBuilder/Tiles/Misc/BP_Tile_Wild_B.uasset" 833
"../../../../UnrealGDKExampleProject/Game/Content/Blueprints/MapBuilder/Tiles/Misc/BP_Tile_Wild_C.uasset" 834
"../../../../UnrealGDKExampleProject/Game/Content/Environment/Terrain/Meshes/SM_Terrain_Mountain_01.uasset" 835
"../../../../UnrealGDKExampleProject/Game/Content/Blueprints/MapBuilder/Tiles/Terrain/BP_Tile_Mountain_A.uasset" 836
"../../../../UnrealGDKExampleProject/Game/Content/Environment/Terrain/Meshes/SM_Terrain_Mountain_02.uasset" 837
"../../../../UnrealGDKExampleProject/Game/Content/Blueprints/MapBuilder/Tiles/Terrain/BP_Tile_Mountain_B.uasset" 838
"../../../../UnrealGDKExampleProject/Game/Content/Environment/Terrain/Meshes/SM_Terrain_Mountain_03.uasset" 839
"../../../../UnrealGDKExampleProject/Game/Content/Blueprints/MapBuilder/Tiles/Terrain/BP_Tile_Mountain_C.uasset" 840
"../../../../UnrealGDKExampleProject/Game/Content/Blueprints/MapBuilder/Tiles/Towers/BP_Tile_Tower_A.uasset" 841
"../../../../UnrealGDKExampleProject/Game/Content/Blueprints/MapBuilder/Tiles/Towers/BP_Tile_Tower_B.uasset" 842
"../../../../UnrealGDKExampleProject/Game/Content/GameMode/BP_ControlGameState.uasset" 843
"../../../../UnrealGDKExampleProject/Game/Content/UI/Blueprints/BP_GDK_HUD.uasset" 844
"../../../../UnrealGDKExampleProject/Game/Content/UI/Blueprints/BP_PlayerHUD_Control.uasset" 845
"../../../../UnrealGDKExampleProject/Game/Content/UI/Textures/UI_T_Text_Press_ESC_To_Return_To_Game.uasset" 846
"../../../../UnrealGDKExampleProject/Game/Content/UI/Blueprints/BP_QuitScreen.uasset" 847
"../../../../UnrealGDKExampleProject/Game/Content/UI/Textures/UI_T_Icon_Warning_Triangle.uasset" 848
"../../../../UnrealGDKExampleProject/Game/Content/UI/Textures/UI_T_Text_Press_Space_To_Respawn.uasset" 849
"../../../../UnrealGDKExampleProject/Game/Content/UI/Blueprints/BP_RespawnMenu.uasset" 850
"../../../../UnrealGDKExampleProject/Game/Content/UI/Blueprints/BP_TeamDeathmatch_LoginScreen.uasset" 851
"../../../../UnrealGDKExampleProject/Game/Content/UI/Blueprints/Scores/BP_TeamScoreTable.uasset" 852
"../../../../UnrealGDKExampleProject/Game/Content/UI/Blueprints/Scores/BP_GDKTeamDeathmatchScoreboard.uasset" 853
"../../../../UnrealGDKExampleProject/Game/Content/UI/Textures/UI_T_Text_Done.uasset" 854
"../../../../UnrealGDKExampleProject/Game/Content/UI/Textures/UI_T_Title_Results.uasset" 855
"../../../../UnrealGDKExampleProject/Game/Content/UI/Blueprints/Scores/BP_ResultsScreen.uasset" 856
"../../../../UnrealGDKExampleProject/Game/Content/UI/Blueprints/BP_HUD_Control.uasset" 857
"../../../../UnrealGDKExampleProject/Game/Content/GameMode/BP_ControlGameMode.uasset" 858
"../../../../UnrealGDKExampleProject/Game/Content/Base/PostMaterials/M_Post_Sharpen.uasset" 859
"../../../../UnrealGDKExampleProject/Game/Content/Base/Textures/T_Spatial_LUT_RGBTable16x1.uasset" 860
"../../../../UnrealGDKExampleProject/Game/Content/Environment/Background/Textures/T_Cloud_Traces_BC.uasset" 861
"../../../../UnrealGDKExampleProject/Game/Content/Environment/Background/Textures/T_Cloud_Traces_M.uasset" 862
"../../../../UnrealGDKExampleProject/Game/Content/Environment/Background/Materials/M_BackgroundClouds.uasset" 863
"../../../../UnrealGDKExampleProject/Game/Content/Environment/Background/Meshes/SM_BackgroundClouds.uasset" 864
"../../../../UnrealGDKExampleProject/Game/Content/Environment/Landscape/Textures/T_BackgroundTerrain_M.uasset" 865
"../../../../UnrealGDKExampleProject/Game/Content/Environment/Landscape/Materials/M_Background_Terrain.uasset" 866
"../../../../UnrealGDKExampleProject/Game/Content/Environment/Landscape/Meshes/SM_BackgroundTerrain_Central.uasset" 867
"../../../../UnrealGDKExampleProject/Game/Content/Environment/Landscape/Meshes/SM_BackgroundTerrain_Distant.uasset" 868
"../../../../UnrealGDKExampleProject/Game/Content/Maps/Control_Medium.umap" 869
"../../../../UnrealGDKExampleProject/Game/Content/Maps/Control_Small.umap" 870
"../../../../UnrealGDKExampleProject/Game/Content/GameMode/BP_GymGameState.uasset" 871
"../../../../UnrealGDKExampleProject/Game/Content/InGameTutorial/Blueprints/Characters/BP_Map01_PlayerCharacter.uasset" 872
"../../../../UnrealGDKExampleProject/Game/Content/InGameTutorial/Blueprints/GameModes/BP_Map01GameMode.uasset" 873
"../../../../UnrealGDKExampleProject/Game/Content/InGameTutorial/Maps/Map01_Entities.umap" 874
"../../../../UnrealGDKExampleProject/Game/Content/InGameTutorial/Blueprints/UI/WBP_HealthCounter.uasset" 875
"../../../../UnrealGDKExampleProject/Game/Content/InGameTutorial/Blueprints/Characters/BP_Map02_PlayerCharacter.uasset" 876
"../../../../UnrealGDKExampleProject/Game/Content/InGameTutorial/Blueprints/GameModes/BP_Map02GameMode.uasset" 877
"../../../../UnrealGDKExampleProject/Game/Content/InGameTutorial/Maps/Map02_Components.umap" 878
"../../../../UnrealGDKExampleProject/Game/Content/InGameTutorial/Blueprints/BP_TargetDummy.uasset" 879
"../../../../UnrealGDKExampleProject/Game/Content/InGameTutorial/Blueprints/Weapons/BP_SimpleWeapon.uasset" 880
"../../../../UnrealGDKExampleProject/Game/Content/InGameTutorial/Blueprints/UI/WBP_SimpleCrosshair.uasset" 881
"../../../../UnrealGDKExampleProject/Game/Content/InGameTutorial/Blueprints/Characters/BP_Map03_PlayerCharacter.uasset" 882
"../../../../UnrealGDKExampleProject/Game/Content/InGameTutorial/Blueprints/GameModes/BP_Map03GameMode.uasset" 883
"../../../../UnrealGDKExampleProject/Game/Content/InGameTutorial/Maps/Map03_RPCs.umap" 884
"../../../../UnrealGDKExampleProject/Game/Content/InGameTutorial/Blueprints/BP_TargetDummy_Map04.uasset" 885
"../../../../UnrealGDKExampleProject/Game/Content/InGameTutorial/Blueprints/Weapons/BP_SimpleWeapon_Map4.uasset" 886
"../../../../UnrealGDKExampleProject/Game/Content/InGameTutorial/Blueprints/Characters/BP_Map04_PlayerCharacter.uasset" 887
"../../../../UnrealGDKExampleProject/Game/Content/InGameTutorial/Blueprints/GameModes/BP_Map04GameMode.uasset" 888
"../../../../UnrealGDKExampleProject/Game/Content/InGameTutorial/Maps/Map04_MulticastRPCs.umap" 889
"../../../../UnrealGDKExampleProject/Game/Content/InGameTutorial/Blueprints/BP_DummySpawner.uasset" 890
"../../../../UnrealGDKExampleProject/Game/Content/InGameTutorial/Blueprints/Characters/BP_Map05_PlayerCharacter.uasset" 891
"../../../../UnrealGDKExampleProject/Game/Content/InGameTutorial/Blueprints/GameModes/BP_Map05GameMode.uasset" 892
"../../../../UnrealGDKExampleProject/Game/Content/InGameTutorial/Maps/Offloading/MultiWorkerSettings.uasset" 893
"../../../../UnrealGDKExampleProject/Game/Content/InGameTutorial/Maps/Map05_Offloading.umap" 894
"../../../../UnrealGDKExampleProject/Game/Content/InGameTutorial/Blueprints/GameModes/BP_Map06GameMode.uasset" 895
"../../../../UnrealGDKExampleProject/Game/Content/InGameTutorial/Maps/Map06_SimulatedPlayers.umap" 896
"../../../../UnrealGDKExampleProject/Game/Content/TakeoverPrototype/AI_Tracker.uasset" 897
"../../../../UnrealGDKExampleProject/Game/Content/TakeoverPrototype/BP_GDK_PlayerController_Takeover.uasset" 898
"../../../../UnrealGDKExampleProject/Game/Content/TakeoverPrototype/AI_Spawner.uasset" 899
"../../../../UnrealGDKExampleProject/Game/Content/TakeoverPrototype/BP_TakeoverGameState.uasset" 900
"../../../../UnrealGDKExampleProject/Game/Content/TakeoverPrototype/BP_TakeoverGameMode.uasset" 901
"../../../../UnrealGDKExampleProject/Game/Content/TakeoverPrototype/OffloadingTakeover.uasset" 902
"../../../../UnrealGDKExampleProject/Game/Content/TakeoverPrototype/Takeover_Medium.umap" 903
"../../../../UnrealGDKExampleProject/Game/Content/TakeoverPrototype/Takeover_Small.umap" 904
