"../../../../UnrealGDKExampleProject/Game/Content/DENT/Textures/Tutorial/T_DENT_Icon.uasset" 0
"../../../../UnrealGDKExampleProject/Game/Content/DENT/AddDestructibleMeshToDENT.uasset" 1
"../../../../UnrealGDKExampleProject/Game/Content/DENT/CreateDestructibleMesh.uasset" 2
"../../../../UnrealGDKExampleProject/Game/Content/DENT/Audio/S_RockFall_Point.uasset" 3
"../../../../UnrealGDKExampleProject/Game/Content/DENT/Audio/S_RockFall_Radial.uasset" 4
"../../../../UnrealGDKExampleProject/Game/Content/GameMode/BP_GDKShooterGameInstance.uasset" 5
"../../../../UnrealGDKExampleProject/Game/Content/Spatial/SchemaDatabase.uasset" 6
"../../../../UnrealGDKExampleProject/Game/Content/UI/Blueprints/BP_GDKKillNotification.uasset" 7
"../../../Engine/Content/Functions/Engine_MaterialFunctions01/Gradient/LinearGradient.uasset" 8
"../../../Engine/Content/Functions/Engine_MaterialFunctions02/Utility/MakeFloat2.uasset" 9
"../../../../UnrealGDKExampleProject/Game/Content/UI/Textures/UI_T_Shield_Progress_Bar_Fill.uasset" 10
"../../../../UnrealGDKExampleProject/Game/Content/VFX/Textures/T_Fire_BC.uasset" 11
"../../../../UnrealGDKExampleProject/Game/Content/VFX/Textures/T_Smoke_Tiled_D.uasset" 12
"../../../../UnrealGDKExampleProject/Game/Content/UI/Materials/M_UI_Armour_Bar.uasset" 13
"../../../Engine/Content/Functions/Engine_MaterialFunctions02/Utility/BreakOutFloat2Components.uasset" 14
"../../../Engine/Content/Functions/Engine_MaterialFunctions01/Texturing/ScaleUVsByCenter.uasset" 15
"../../../../UnrealGDKExampleProject/Game/Content/UI/Textures/Crosshairs/UI_T_Crosshair_AssaultRifle_M.uasset" 16
"../../../../UnrealGDKExampleProject/Game/Content/UI/Materials/M_UI_Crosshair_Master.uasset" 17
"../../../../UnrealGDKExampleProject/Game/Content/UI/Materials/Crosshairs/MI_UI_Crosshair_AssaultRifle.uasset" 18
"../../../../UnrealGDKExampleProject/Game/Content/UI/Textures/UI_T_Health_Progress_Bar_Fill.uasset" 19
"../../../../UnrealGDKExampleProject/Game/Content/UI/Materials/MI_UI_Health_Bar.uasset" 20
"../../../../UnrealGDKExampleProject/Game/Content/UI/Blueprints/BP_RangeFinder.uasset" 21
"../../../../UnrealGDKExampleProject/Game/Content/UI/Textures/UI_T_Frame_Border_01.uasset" 22
"../../../../UnrealGDKExampleProject/Game/Content/UI/Textures/UI_T_Frame_Border_02.uasset" 23
"../../../../UnrealGDKExampleProject/Game/Content/UI/Textures/UI_T_Health_Icon.uasset" 24
"../../../../UnrealGDKExampleProject/Game/Content/UI/Textures/UI_T_Health_Markers.uasset" 25
"../../../../UnrealGDKExampleProject/Game/Content/UI/Blueprints/BP_HUD.uasset" 26
"../../../Engine/Content/EngineMaterials/BlendFunc_DefBase.uasset" 27
"../../../Engine/Content/EngineMaterials/BlendFunc_DefBlend.uasset" 28
"../../../Engine/Content/Functions/Engine_MaterialFunctions03/Blends/Blend_Overlay.uasset" 29
"../../../../UnrealGDKExampleProject/Game/Content/UI/Textures/UI_T_BG_Gradient.uasset" 30
"../../../../UnrealGDKExampleProject/Game/Content/UI/Textures/UI_T_Dither_Pattern.uasset" 31
"../../../../UnrealGDKExampleProject/Game/Content/UI/Materials/M_UI_BG_Gradient.uasset" 32
"../../../../UnrealGDKExampleProject/Game/Content/UI/Textures/UI_T_Square_White.uasset" 33
"../../../../UnrealGDKExampleProject/Game/Content/UI/Textures/UI_T_Text_Quit.uasset" 34
"../../../../UnrealGDKExampleProject/Game/Content/UI/Blueprints/BP_QuitButton.uasset" 35
"../../../../UnrealGDKExampleProject/Game/Content/UI/Textures/UI_T_Controls_Keyboard.uasset" 36
"../../../../UnrealGDKExampleProject/Game/Content/UI/Textures/UI_T_Logo_SpatialOS.uasset" 37
"../../../../UnrealGDKExampleProject/Game/Content/UI/Textures/UI_T_Title_Game_Development_Kit.uasset" 38
"../../../../UnrealGDKExampleProject/Game/Content/UI/Blueprints/BP_MenuBackground.uasset" 39
"../../../Engine/Content/EditorBlueprintResources/StandardMacros.uasset" 40
"../../../../UnrealGDKExampleProject/Game/Content/UI/Blueprints/BP_Minimal_HUD.uasset" 41
"../../../../UnrealGDKExampleProject/Game/Content/GameMode/Components/PhaseEntry.uasset" 42
"../../../../UnrealGDKExampleProject/Game/Content/GameMode/Components/PhaseData.uasset" 43
"../../../../UnrealGDKExampleProject/Game/Content/Blueprints/BP_Door.uasset" 44
"../../../../UnrealGDKExampleProject/Game/Content/GameMode/Components/PhaseBasedMapComponent.uasset" 45
"../../../../UnrealGDKExampleProject/Game/Content/GameMode/Components/SquadTrackingComponent.uasset" 46
"../../../../UnrealGDKExampleProject/Game/Content/UI/Blueprints/BP_PlayerHUD_CorridorShooter.uasset" 47
"../../../../UnrealGDKExampleProject/Game/Content/UI/Blueprints/BP_PlayerHUD_Deathmatch.uasset" 48
"../../../Engine/Content/Functions/Engine_MaterialFunctions02/ObjectLocalBounds.uasset" 49
"../../../Engine/Content/Functions/Engine_MaterialFunctions02/Texturing/ScreenAlignedPixelToPixelUVs.uasset" 50
"../../../Engine/Content/Functions/Engine_MaterialFunctions02/Utility/BreakOutFloat3Components.uasset" 51
"../../../Engine/Content/EngineMaterials/Good64x64TilingNoiseHighFreq.uasset" 52
"../../../Engine/Content/Functions/Engine_MaterialFunctions02/Utility/DitherTemporalAA.uasset" 53
"../../../Engine/Content/Functions/Engine_MaterialFunctions02/UVs/BoundingBoxBased_0-1_UVW.uasset" 54
"../../../../UnrealGDKExampleProject/Game/Content/Base/MaterialFunctions/MF_Remap.uasset" 55
"../../../../UnrealGDKExampleProject/Game/Content/Base/MaterialFunctions/MF_DistanceCloak.uasset" 56
"../../../../UnrealGDKExampleProject/Game/Content/Base/MaterialFunctions/MF_FresnelHighlight.uasset" 57
"../../../../UnrealGDKExampleProject/Game/Content/Base/Textures/T_Grunge_M.uasset" 58
"../../../../UnrealGDKExampleProject/Game/Content/Base/MaterialFunctions/MF_Scorched.uasset" 59
"../../../../UnrealGDKExampleProject/Game/Content/Characters/Player/Textures/CH_T_PlayerRobot_AORM.uasset" 60
"../../../../UnrealGDKExampleProject/Game/Content/Characters/Player/Textures/CH_T_PlayerRobot_BC.uasset" 61
"../../../../UnrealGDKExampleProject/Game/Content/Characters/Player/Textures/CH_T_PlayerRobot_L.uasset" 62
"../../../../UnrealGDKExampleProject/Game/Content/Characters/Player/Textures/CH_T_PlayerRobot_M.uasset" 63
"../../../../UnrealGDKExampleProject/Game/Content/Characters/Player/Textures/CH_T_PlayerRobot_N.uasset" 64
"../../../../UnrealGDKExampleProject/Game/Content/Base/MasterMaterials/M_Spatial_Asset_MASTER.uasset" 65
"../../../../UnrealGDKExampleProject/Game/Content/Characters/Player/Materials/CH_MI_PlayerRobot.uasset" 66
"../../../../UnrealGDKExampleProject/Game/Content/Characters/Player/Materials/ColourSchemes/CH_MI_PlayerRobot_Black.uasset" 67
"../../../../UnrealGDKExampleProject/Game/Content/Characters/Player/Materials/ColourSchemes/CH_MI_PlayerRobot_Blue.uasset" 68
"../../../../UnrealGDKExampleProject/Game/Content/Characters/Player/Textures/CH_T_PlayerRobot_Variant_M.uasset" 69
"../../../../UnrealGDKExampleProject/Game/Content/Characters/Player/Materials/ColourSchemes/CH_MI_PlayerRobot_CamoArctic.uasset" 70
"../../../../UnrealGDKExampleProject/Game/Content/Characters/Player/Materials/ColourSchemes/CH_MI_PlayerRobot_CamoWoodland.uasset" 71
"../../../../UnrealGDKExampleProject/Game/Content/Characters/Player/Materials/ColourSchemes/CH_MI_PlayerRobot_Green.uasset" 72
"../../../../UnrealGDKExampleProject/Game/Content/Characters/Player/Materials/ColourSchemes/CH_MI_PlayerRobot_Grey.uasset" 73
"../../../../UnrealGDKExampleProject/Game/Content/Characters/Player/Materials/ColourSchemes/CH_MI_PlayerRobot_Orange.uasset" 74
"../../../../UnrealGDKExampleProject/Game/Content/Characters/Player/Materials/ColourSchemes/CH_MI_PlayerRobot_Red.uasset" 75
"../../../../UnrealGDKExampleProject/Game/Content/Weapons/AssaultRifle/Textures/WP_T_AssaultRifle_AORM.uasset" 76
"../../../../UnrealGDKExampleProject/Game/Content/Weapons/AssaultRifle/Textures/WP_T_AssaultRifle_BC.uasset" 77
"../../../../UnrealGDKExampleProject/Game/Content/Weapons/AssaultRifle/Textures/WP_T_AssaultRifle_L.uasset" 78
"../../../../UnrealGDKExampleProject/Game/Content/Weapons/AssaultRifle/Textures/WP_T_AssaultRifle_M.uasset" 79
"../../../../UnrealGDKExampleProject/Game/Content/Weapons/AssaultRifle/Textures/WP_T_AssaultRifle_N.uasset" 80
"../../../../UnrealGDKExampleProject/Game/Content/Weapons/AssaultRifle/Materials/WP_MI_AssaultRifle.uasset" 81
"../../../../UnrealGDKExampleProject/Game/Content/Weapons/AssaultRifle/Materials/ColourSchemes/WP_MI_AssaultRifle_Black.uasset" 82
"../../../../UnrealGDKExampleProject/Game/Content/Weapons/AssaultRifle/Materials/ColourSchemes/WP_MI_AssaultRifle_Blue.uasset" 83
"../../../../UnrealGDKExampleProject/Game/Content/Weapons/AssaultRifle/Textures/WP_T_AssaultRifle_M_Variant.uasset" 84
"../../../../UnrealGDKExampleProject/Game/Content/Weapons/AssaultRifle/Materials/ColourSchemes/WP_MI_AssaultRifle_CamoArctic.uasset" 85
"../../../../UnrealGDKExampleProject/Game/Content/Weapons/AssaultRifle/Materials/ColourSchemes/WP_MI_AssaultRifle_CamoWoodland.uasset" 86
"../../../../UnrealGDKExampleProject/Game/Content/Weapons/AssaultRifle/Materials/ColourSchemes/WP_MI_AssaultRifle_Green.uasset" 87
"../../../../UnrealGDKExampleProject/Game/Content/Weapons/AssaultRifle/Materials/ColourSchemes/WP_MI_AssaultRifle_Grey.uasset" 88
"../../../../UnrealGDKExampleProject/Game/Content/Weapons/AssaultRifle/Materials/ColourSchemes/WP_MI_AssaultRifle_Orange.uasset" 89
"../../../../UnrealGDKExampleProject/Game/Content/Weapons/AssaultRifle/Materials/ColourSchemes/WP_MI_AssaultRifle_Red.uasset" 90
"../../../Engine/Content/Functions/Engine_MaterialFunctions01/ImageAdjustment/CheapContrast.uasset" 91
"../../../Engine/Content/Functions/Engine_MaterialFunctions02/SafeNormalize.uasset" 92
"../../../Engine/Content/Functions/Engine_MaterialFunctions02/Math/CreateThirdOrthogonalVector.uasset" 93
"../../../Engine/Content/Functions/Engine_MaterialFunctions02/Math/Transform3x3Matrix.uasset" 94
"../../../Engine/Content/Functions/Engine_MaterialFunctions02/Texturing/HeightLerpWithTwoHeightMaps.uasset" 95
"../../../Engine/Content/Functions/Engine_MaterialFunctions02/Utility/MakeFloat3.uasset" 96
"../../../Engine/Content/EngineMaterials/BaseFlattenNormalMap.uasset" 97
"../../../Engine/Content/Functions/Engine_MaterialFunctions02/WorldAlignedNormals_HighQuality.uasset" 98
"../../../Engine/Content/EngineMaterials/DefaultDiffuse.uasset" 99
"../../../Engine/Content/EngineMaterials/DefaultNormal_Uncompressed.uasset" 100
"../../../Engine/Content/Functions/Engine_MaterialFunctions02/Texturing/WorldAlignedTextures_Complex.uasset" 101
"../../../Engine/Content/Functions/Engine_MaterialFunctions02/Utility/VectorLength.uasset" 102
"../../../Engine/Content/Functions/Engine_MaterialFunctions02/WorldPositionOffset/ObjectScale.uasset" 103
"../../../../UnrealGDKExampleProject/Game/Content/Environment/Props/Textures/T_Projected_Side_M.uasset" 104
"../../../../UnrealGDKExampleProject/Game/Content/Base/MasterMaterials/M_Spatial_Blockout_MASTER.uasset" 105
"../../../../UnrealGDKExampleProject/Game/Content/Weapons/Placeholder/Materials/WP_MI_Blockout_Black.uasset" 106
"../../../../UnrealGDKExampleProject/Game/Content/Weapons/Placeholder/Materials/WP_MI_Blockout_Blue.uasset" 107
"../../../../UnrealGDKExampleProject/Game/Content/Weapons/Placeholder/Materials/WP_MI_Blockout_CamoArctic.uasset" 108
"../../../../UnrealGDKExampleProject/Game/Content/Weapons/Placeholder/Materials/WP_MI_Blockout_CamoWoodland.uasset" 109
"../../../../UnrealGDKExampleProject/Game/Content/Weapons/Placeholder/Materials/WP_MI_Blockout_Green.uasset" 110
"../../../../UnrealGDKExampleProject/Game/Content/Weapons/Placeholder/Materials/WP_MI_Blockout_Grey.uasset" 111
"../../../../UnrealGDKExampleProject/Game/Content/Weapons/Placeholder/Materials/WP_MI_Blockout_Orange.uasset" 112
"../../../../UnrealGDKExampleProject/Game/Content/Weapons/Placeholder/Materials/WP_MI_Blockout_Red.uasset" 113
"../../../../UnrealGDKExampleProject/Game/Content/Characters/MetaData/ColourDataRow.uasset" 114
"../../../../UnrealGDKExampleProject/Game/Content/Characters/MetaData/ColourDataTable.uasset" 115
"../../../Engine/Content/EngineFonts/Faces/DroidSansFallback.uasset" 116
"../../../Engine/Content/EngineFonts/Faces/RobotoBold.uasset" 117
"../../../Engine/Content/EngineFonts/Faces/RobotoBoldItalic.uasset" 118
"../../../Engine/Content/EngineFonts/Faces/RobotoItalic.uasset" 119
"../../../Engine/Content/EngineFonts/Faces/RobotoLight.uasset" 120
"../../../Engine/Content/EngineFonts/Faces/RobotoRegular.uasset" 121
"../../../Engine/Content/EngineFonts/Roboto.uasset" 122
"../../../../UnrealGDKExampleProject/Game/Content/UI/Blueprints/BP_Background.uasset" 123
"../../../../UnrealGDKExampleProject/Game/Content/UI/Textures/UI_T_Player_Avatar_Black.uasset" 124
"../../../../UnrealGDKExampleProject/Game/Content/UI/Textures/UI_T_Player_Avatar_Blue.uasset" 125
"../../../../UnrealGDKExampleProject/Game/Content/UI/Textures/UI_T_Player_Avatar_CamoArctic.uasset" 126
"../../../../UnrealGDKExampleProject/Game/Content/UI/Textures/UI_T_Player_Avatar_CamoWoodland.uasset" 127
"../../../../UnrealGDKExampleProject/Game/Content/UI/Textures/UI_T_Player_Avatar_Green.uasset" 128
"../../../../UnrealGDKExampleProject/Game/Content/UI/Textures/UI_T_Player_Avatar_Grey.uasset" 129
"../../../../UnrealGDKExampleProject/Game/Content/UI/Textures/UI_T_Player_Avatar_Orange.uasset" 130
"../../../../UnrealGDKExampleProject/Game/Content/UI/Textures/UI_T_Player_Avatar_Red.uasset" 131
"../../../../UnrealGDKExampleProject/Game/Content/UI/Textures/UI_T_Player_Button_Black.uasset" 132
"../../../../UnrealGDKExampleProject/Game/Content/UI/Textures/UI_T_Player_Button_Blue.uasset" 133
"../../../../UnrealGDKExampleProject/Game/Content/UI/Textures/UI_T_Player_Button_CamoArctic.uasset" 134
"../../../../UnrealGDKExampleProject/Game/Content/UI/Textures/UI_T_Player_Button_CamoWoodland.uasset" 135
"../../../../UnrealGDKExampleProject/Game/Content/UI/Textures/UI_T_Player_Button_Green.uasset" 136
"../../../../UnrealGDKExampleProject/Game/Content/UI/Textures/UI_T_Player_Button_Grey.uasset" 137
"../../../../UnrealGDKExampleProject/Game/Content/UI/Textures/UI_T_Player_Button_Highlight.uasset" 138
"../../../../UnrealGDKExampleProject/Game/Content/UI/Textures/UI_T_Player_Button_Orange.uasset" 139
"../../../../UnrealGDKExampleProject/Game/Content/UI/Textures/UI_T_Player_Button_Red.uasset" 140
"../../../../UnrealGDKExampleProject/Game/Content/UI/Textures/UI_T_Text_Cancel.uasset" 141
"../../../../UnrealGDKExampleProject/Game/Content/UI/Textures/UI_T_Text_Select_Colour.uasset" 142
"../../../../UnrealGDKExampleProject/Game/Content/UI/Textures/UI_T_Text_Start.uasset" 143
"../../../../UnrealGDKExampleProject/Game/Content/UI/Textures/UI_T_Title_Lobby.uasset" 144
"../../../../UnrealGDKExampleProject/Game/Content/UI/Blueprints/BP_SessionScreen.uasset" 145
"../../../../UnrealGDKExampleProject/Game/Content/UI/Textures/UI_T_Dot.uasset" 146
"../../../../UnrealGDKExampleProject/Game/Content/UI/Textures/UI_T_Error_X.uasset" 147
"../../../../UnrealGDKExampleProject/Game/Content/UI/Textures/UI_T_Progress_Spinner.uasset" 148
"../../../../UnrealGDKExampleProject/Game/Content/UI/Blueprints/BP_SpinnerWidget.uasset" 149
"../../../../UnrealGDKExampleProject/Game/Content/UI/Textures/UI_T_Splash_Spatial_Unreal.uasset" 150
"../../../../UnrealGDKExampleProject/Game/Content/UI/Blueprints/BP_Splash.uasset" 151
"../../../../UnrealGDKExampleProject/Game/Content/UI/Blueprints/Scores/BP_GDKPlayerScoreDividersWidget.uasset" 152
"../../../../UnrealGDKExampleProject/Game/Content/UI/Blueprints/Scores/BP_GDKPlayerScoreTitleWidget.uasset" 153
"../../../../UnrealGDKExampleProject/Game/Content/UI/Blueprints/Scores/BP_GDKPlayerScoreWidget.uasset" 154
"../../../../UnrealGDKExampleProject/Game/Content/UI/Blueprints/Scores/BP_ScoreTableWidget.uasset" 155
"../../../../UnrealGDKExampleProject/Game/Content/UI/Blueprints/Scores/BP_GDKLiveScoreboard.uasset" 156
"../../../../UnrealGDKExampleProject/Game/Content/UI/Textures/Crosshairs/UI_T_Crosshair_HeavyMachineGun_M.uasset" 157
"../../../../UnrealGDKExampleProject/Game/Content/UI/Materials/Crosshairs/MI_UI_Crosshair_HeavyMachineGun.uasset" 158
"../../../../UnrealGDKExampleProject/Game/Content/UI/Textures/Crosshairs/UI_T_Crosshair_RailGun_M.uasset" 159
"../../../../UnrealGDKExampleProject/Game/Content/UI/Materials/Crosshairs/MI_UI_Crosshair_RailGun.uasset" 160
"../../../../UnrealGDKExampleProject/Game/Content/UI/Textures/Crosshairs/UI_T_Crosshair_RocketLauncher_M.uasset" 161
"../../../../UnrealGDKExampleProject/Game/Content/UI/Materials/Crosshairs/MI_UI_Crosshair_RocketLauncher.uasset" 162
"../../../../UnrealGDKExampleProject/Game/Content/UI/Textures/Crosshairs/UI_T_Crosshair_SniperRifle_M.uasset" 163
"../../../../UnrealGDKExampleProject/Game/Content/UI/Materials/Crosshairs/MI_UI_Crosshair_SniperRifle.uasset" 164
"../../../../UnrealGDKExampleProject/Game/Content/UI/Textures/Crosshairs/UI_T_Crosshair_SubMachineGun_M.uasset" 165
"../../../../UnrealGDKExampleProject/Game/Content/UI/Materials/Crosshairs/MI_UI_Crosshair_SubMachineGun.uasset" 166
"../../../../UnrealGDKExampleProject/Game/Content/UI/Textures/Crosshairs/UI_T_Crosshair_TripleShot_M.uasset" 167
"../../../../UnrealGDKExampleProject/Game/Content/UI/Materials/Crosshairs/MI_UI_Crosshair_TripleShot.uasset" 168
"../../../../UnrealGDKExampleProject/Game/Content/UI/OnlinePlayers/Blueprints/BP_OnlinePlayerWidget.uasset" 169
"../../../../UnrealGDKExampleProject/Game/Content/UI/OnlinePlayers/Blueprints/BP_OnlinePlayerScrollBox.uasset" 170
"../../../../UnrealGDKExampleProject/Game/Content/UI/PartyInvites/BP_PartyInviteWidget.uasset" 171
"../../../../UnrealGDKExampleProject/Game/Content/UI/PartyInvites/BP_PartyInviteBox.uasset" 172
"../../../../UnrealGDKExampleProject/Game/Content/UI/PartyInvites/BP_PartyInvitePanel.uasset" 173
"../../../../UnrealGDKExampleProject/Game/Content/UI/OnlinePlayers/Blueprints/BP_OnlinePlayersScreen.uasset" 174
"../../../../UnrealGDKExampleProject/Game/Content/UI/Shared/Blueprints/BP_LeaveButton.uasset" 175
"../../../../UnrealGDKExampleProject/Game/Content/UI/TeamRanking/BluePrints/BP_PlayerRankingWidget.uasset" 176
"../../../../UnrealGDKExampleProject/Game/Content/UI/TeamRanking/BluePrints/BP_TeamRankingScreen.uasset" 177
"../../../../UnrealGDKExampleProject/Game/Content/UI/Textures/UI_T_Armour_Icon.uasset" 178
"../../../../UnrealGDKExampleProject/Game/Content/UI/Textures/UI_T_Blue_Team_Banner.uasset" 179
"../../../../UnrealGDKExampleProject/Game/Content/UI/Textures/UI_T_Blue_Team_Button.uasset" 180
"../../../../UnrealGDKExampleProject/Game/Content/UI/Textures/UI_T_Logo_Spatial_GDK_Splash.uasset" 181
"../../../../UnrealGDKExampleProject/Game/Content/UI/Textures/UI_T_Orange_Team_Banner.uasset" 182
"../../../../UnrealGDKExampleProject/Game/Content/UI/Textures/UI_T_Orange_Team_Button.uasset" 183
"../../../../UnrealGDKExampleProject/Game/Content/UI/Textures/UI_T_Player_Avatar_CamoDesert.uasset" 184
"../../../../UnrealGDKExampleProject/Game/Content/UI/Textures/UI_T_Player_Avatar_CamoUrban.uasset" 185
"../../../../UnrealGDKExampleProject/Game/Content/UI/Textures/UI_T_Player_Button_CamoDesert.uasset" 186
"../../../../UnrealGDKExampleProject/Game/Content/UI/Textures/UI_T_Player_Button_CamoUrban.uasset" 187
"../../../../UnrealGDKExampleProject/Game/Content/UI/Textures/UI_T_Purple_Team_Banner.uasset" 188
"../../../../UnrealGDKExampleProject/Game/Content/UI/Textures/UI_T_Purple_Team_Button.uasset" 189
"../../../../UnrealGDKExampleProject/Game/Content/UI/Textures/UI_T_Red_Team_Banner.uasset" 190
"../../../../UnrealGDKExampleProject/Game/Content/UI/Textures/UI_T_Red_Team_Button.uasset" 191
"../../../../UnrealGDKExampleProject/Game/Content/UI/Textures/UI_T_Reticle.uasset" 192
"../../../../UnrealGDKExampleProject/Game/Content/UI/Textures/UI_T_Text_Select_Your_Team.uasset" 193
"../../../../UnrealGDKExampleProject/Game/Content/UI/WinningTeam/Blueprints/BP_WinningTeamWidget.uasset" 194
"../../../../UnrealGDKExampleProject/Game/Content/UI/WinningTeam/Blueprints/BP_WinningTeamScreen.uasset" 195
"../../../../UnrealGDKExampleProject/Game/Content/Vehicle/Sedan/Sedan_Skeleton.uasset" 196
"../../../../UnrealGDKExampleProject/Game/Content/Vehicle/Sedan/Sedan_AnimBP.uasset" 197
"../../../../UnrealGDKExampleProject/Game/Content/Vehicle/Sedan/Materials/M_Vehicle_Sedan.uasset" 198
"../../../../UnrealGDKExampleProject/Game/Content/Vehicle/Sedan/Materials/M_Vehicle_Sedan_Inst_Glass.uasset" 199
"../../../../UnrealGDKExampleProject/Game/Content/Vehicle/Sedan/Materials/M_Vehicle_Sedan_Inst_Headlights.uasset" 200
"../../../../UnrealGDKExampleProject/Game/Content/Vehicle/Sedan/Materials/M_Vehicle_Sedan_Inst_Plastic.uasset" 201
"../../../../UnrealGDKExampleProject/Game/Content/Vehicle/Sedan/Materials/M_Vehicle_Sedan_Inst_TailLights.uasset" 202
"../../../../UnrealGDKExampleProject/Game/Content/Vehicle/Sedan/Materials/M_Vehicle_Sedan_Inst_Tires.uasset" 203
"../../../../UnrealGDKExampleProject/Game/Content/Vehicle/Sedan/Materials/M_Vehicle_Sedan_Inst_Wheels.uasset" 204
"../../../../UnrealGDKExampleProject/Game/Content/Vehicle/Sedan/Sedan_PhysicsAsset.uasset" 205
"../../../../UnrealGDKExampleProject/Game/Content/Vehicle/Sedan/Sedan_SkelMesh.uasset" 206
"../../../../UnrealGDKExampleProject/Game/Content/VehicleCPP/VehicleOverview.uasset" 207
"../../../Engine/Content/Animation/DefaultAnimBoneCompressionSettings.uasset" 208
"../../../Engine/Content/Animation/DefaultAnimCurveCompressionSettings.uasset" 209
"../../../Engine/Content/Functions/Engine_MaterialFunctions01/Opacity/CameraDepthFade.uasset" 210
"../../../Engine/Content/EngineMaterials/T_Default_Material_Grid_M.uasset" 211
"../../../Engine/Content/EngineMaterials/T_Default_Material_Grid_N.uasset" 212
"../../../Engine/Content/EngineMaterials/WorldGridMaterial.uasset" 213
"../../../Engine/Content/ArtTools/RenderToTexture/Meshes/S_1_Unit_Plane.uasset" 214
"../../../Engine/Content/EditorLandscapeResources/DataLayer.uasset" 215
"../../../Engine/Content/EditorMaterials/MAT_Groups_Toggle.uasset" 216
"../../../Engine/Content/EditorMaterials/MAT_Groups_Visibility.uasset" 217
"../../../Engine/Content/EditorMaterials/PreviewShadowIndicator.uasset" 218
"../../../Engine/Content/EditorMaterials/PreviewShadowIndicatorMaterial.uasset" 219
"../../../Engine/Content/EditorMaterials/MatineeGroups/MAT_ColorTrack.uasset" 220
"../../../Engine/Content/EditorMaterials/MatineeGroups/MAT_Groups_Anim.uasset" 221
"../../../Engine/Content/EditorMaterials/MatineeGroups/MAT_Groups_AudioMaster.uasset" 222
"../../../Engine/Content/EditorMaterials/MatineeGroups/MAT_Groups_Director.uasset" 223
"../../../Engine/Content/EditorMaterials/MatineeGroups/MAT_Groups_Event.uasset" 224
"../../../Engine/Content/EditorMaterials/MatineeGroups/MAT_Groups_Fade.uasset" 225
"../../../Engine/Content/EditorMaterials/MatineeGroups/MAT_Groups_Float.uasset" 226
"../../../Engine/Content/EditorMaterials/MatineeGroups/MAT_Groups_Move.uasset" 227
"../../../Engine/Content/EditorMaterials/MatineeGroups/MAT_Groups_Slomo.uasset" 228
"../../../Engine/Content/EditorMaterials/MatineeGroups/MAT_Groups_Sound.uasset" 229
"../../../Engine/Content/EditorMaterials/MatineeGroups/MAT_Groups_Vector.uasset" 230
"../../../Engine/Content/EditorMaterials/ParticleSystems/PSysThumbnail_NoImage.uasset" 231
"../../../Engine/Content/EditorMaterials/ParticleSystems/PSysThumbnail_OOD.uasset" 232
"../../../Engine/Content/EditorMaterials/Camera/CineMat.uasset" 233
"../../../Engine/Content/EditorMaterials/Camera/MI_CineMat_Rig.uasset" 234
"../../../Engine/Content/EditorMeshes/Camera/SM_CraneRig_Arm.uasset" 235
"../../../Engine/Content/EditorMeshes/Camera/SM_CraneRig_Base.uasset" 236
"../../../Engine/Content/EditorMeshes/Camera/SM_CraneRig_Body.uasset" 237
"../../../Engine/Content/EditorMeshes/Camera/SM_CraneRig_Mount.uasset" 238
"../../../Engine/Content/EditorMeshes/Camera/SM_RailRig_Mount.uasset" 239
"../../../Engine/Content/EditorMeshes/Camera/SM_RailRig_Track.uasset" 240
"../../../Engine/Content/EditorResources/BSPVertex.uasset" 241
"../../../Engine/Content/EditorResources/EmptyActor.uasset" 242
"../../../Engine/Content/EditorResources/S_Actor.uasset" 243
"../../../Engine/Content/EditorResources/S_Note.uasset" 244
"../../../Engine/Content/EditorResources/S_Solver.uasset" 245
"../../../Engine/Content/EditorResources/S_Trigger.uasset" 246
"../../../Engine/Content/EditorResources/SequenceRecorder/Countdown.uasset" 247
"../../../Engine/Content/EditorResources/SequenceRecorder/RecordingIndicator.uasset" 248
"../../../Engine/Content/EditorSounds/Notifications/CompileFailed.uasset" 249
"../../../Engine/Content/EditorSounds/Notifications/CompileFailed_Cue.uasset" 250
"../../../Engine/Content/EditorSounds/Notifications/CompileSuccess.uasset" 251
"../../../Engine/Content/EditorSounds/Notifications/CompileStart_Cue.uasset" 252
"../../../Engine/Content/EditorSounds/Notifications/CompileSuccess_Cue.uasset" 253
"../../../Engine/Content/EngineDamageTypes/DmgTypeBP_Environmental.uasset" 254
"../../../Engine/Content/EngineDebugMaterials/DebugEditorMaterial.uasset" 255
"../../../Engine/Content/EngineDebugMaterials/DebugMeshMaterial.uasset" 256
"../../../Engine/Content/EngineDebugMaterials/M_SimpleUnlitTranslucent.uasset" 257
"../../../Engine/Content/Functions/Engine_MaterialFunctions02/Utility/CameraDirectionVector.uasset" 258
"../../../Engine/Content/EngineDebugMaterials/VolumeToRender.uasset" 259
"../../../Engine/Content/EngineDebugMaterials/M_VolumeRenderSphereTracePP.uasset" 260
"../../../Engine/Content/EngineDebugMaterials/WireframeMaterial.uasset" 261
"../../../Engine/Content/EngineFonts/RobotoDistanceField.uasset" 262
"../../../Engine/Content/Functions/Engine_MaterialFunctions03/Procedurals/ComputeFilterWidth.uasset" 263
"../../../Engine/Content/EngineMaterials/AntiAliasedTextMaterialTranslucent.uasset" 264
"../../../Engine/Content/EngineMaterials/BaseFlattenDiffuseMap.uasset" 265
"../../../Engine/Content/EngineMaterials/BaseFlattenEmissiveMap.uasset" 266
"../../../Engine/Content/EngineMaterials/BaseFlattenGrayscaleMap.uasset" 267
"../../../Engine/Content/EngineMaterials/BaseFlattenMaterial.uasset" 268
"../../../Engine/Content/EngineMaterials/BlueNoise.uasset" 269
"../../../Engine/Content/EngineMaterials/DefaultBloomKernel.uasset" 270
"../../../Engine/Content/EngineMaterials/DefaultBokeh.uasset" 271
"../../../Engine/Content/EngineMaterials/DefaultDeferredDecalMaterial.uasset" 272
"../../../Engine/Content/EngineMaterials/DefaultLightFunctionMaterial.uasset" 273
"../../../Engine/Content/EngineMaterials/DefaultPhysicalMaterial.uasset" 274
"../../../Engine/Content/EngineMaterials/DefaultPostProcessMaterial.uasset" 275
"../../../Engine/Content/EngineMaterials/DefaultTextMaterialOpaque.uasset" 276
"../../../Engine/Content/EngineMaterials/DefaultWhiteGrid.uasset" 277
"../../../Engine/Content/EngineMaterials/DefaultWhiteGrid_Low.uasset" 278
"../../../Engine/Content/EngineMaterials/EmissiveMeshMaterial.uasset" 279
"../../../Engine/Content/EngineMaterials/GizmoMaterial.uasset" 280
"../../../Engine/Content/EngineMaterials/MiniFont.uasset" 281
"../../../Engine/Content/EngineMaterials/InvalidLightmapSettings.uasset" 282
"../../../Engine/Content/EngineMaterials/M_InvalidLightmapSettings.uasset" 283
"../../../Engine/Content/Functions/Engine_MaterialFunctions02/WorldPositionOffset/CameraOffset.uasset" 284
"../../../Engine/Content/EngineMaterials/PhAT_JointLimitMaterial.uasset" 285
"../../../Engine/Content/EngineMaterials/PreintegratedSkinBRDF.uasset" 286
"../../../Engine/Content/EngineMaterials/RemoveSurfaceMaterial.uasset" 287
"../../../Engine/Content/EngineMaterials/WeightMapPlaceholderTexture.uasset" 288
"../../../Engine/Content/EngineResources/WhiteSquareTexture.uasset" 289
"../../../Engine/Content/EngineMaterials/Widget3DPassThrough.uasset" 290
"../../../Engine/Content/EngineMaterials/Widget3DPassThrough_Masked.uasset" 291
"../../../Engine/Content/EngineMaterials/Widget3DPassThrough_Opaque.uasset" 292
"../../../Engine/Content/EngineMaterials/Widget3DPassThrough_Masked_OneSided.uasset" 293
"../../../Engine/Content/EngineMaterials/Widget3DPassThrough_Opaque_OneSided.uasset" 294
"../../../Engine/Content/EngineMaterials/Widget3DPassThrough_Translucent.uasset" 295
"../../../Engine/Content/EngineMaterials/Widget3DPassThrough_Translucent_OneSided.uasset" 296
"../../../Engine/Content/EngineMaterials/DefaultMaterial.uasset" 297
"../../../Engine/Content/EngineMeshes/Cylinder.uasset" 298
"../../../Engine/Content/EngineMeshes/Sphere.uasset" 299
"../../../Engine/Content/EngineResources/DefaultTexture.uasset" 300
"../../../Engine/Content/EngineResources/DefaultTextureCube.uasset" 301
"../../../Engine/Content/EngineResources/DefaultVolumeTexture2D.uasset" 302
"../../../Engine/Content/EngineResources/DefaultVolumeTexture.uasset" 303
"../../../Engine/Content/EngineResources/GradientTexture0.uasset" 304
"../../../Engine/Content/Functions/Engine_MaterialFunctions01/Shading/ConvertFromDiffSpec.uasset" 305
"../../../Engine/Content/Functions/Engine_MaterialFunctions01/Shading/PowerToRoughness.uasset" 306
"../../../Engine/Content/Maps/Templates/Thumbnails/Default.uasset" 307
"../../../Engine/Content/Maps/Templates/Thumbnails/TimeOfDay.uasset" 308
"../../../Engine/Content/Maps/Templates/Thumbnails/VR-Basic.uasset" 309
"../../../Engine/Content/MobileResources/T_MobileControls_texture.uasset" 310
"../../../Engine/Content/MobileResources/T_MobileMenu2.uasset" 311
"../../../Engine/Content/MobileResources/HUD/AnalogHat.uasset" 312
"../../../Engine/Content/MobileResources/HUD/VirtualJoystick_Background.uasset" 313
"../../../Engine/Content/MobileResources/HUD/VirtualJoystick_Thumb.uasset" 314
"../../../Engine/Content/MobileResources/HUD/DefaultVirtualJoysticks.uasset" 315
"../../../Engine/Content/MobileResources/HUD/LeftVirtualJoystickOnly.uasset" 316
"../../../Engine/Content/MobileResources/HUD/MobileHUDButton1_off.uasset" 317
"../../../Engine/Content/MobileResources/HUD/MobileHUDButton1_on.uasset" 318
"../../../Engine/Content/MobileResources/HUD/MobileHUDButton2_off.uasset" 319
"../../../Engine/Content/MobileResources/HUD/MobileHUDButton2_on.uasset" 320
"../../../Engine/Content/MobileResources/HUD/MobileHUDButton3.uasset" 321
"../../../Engine/Content/MobileResources/HUD/MobileHUDButtonFire.uasset" 322
"../../../Engine/Content/MobileResources/HUD/MobileHUDDirectionPad.uasset" 323
"../../../Engine/Content/MobileResources/HUD/MobileHUDDirectionPad2.uasset" 324
"../../../Engine/Content/MobileResources/HUD/MobileHUDDirectionPad3.uasset" 325
"../../../Engine/Content/MobileResources/HUD/MobileHUDDirectionStick.uasset" 326
"../../../Engine/Content/MobileResources/HUD/T_Castle_ThumbstickInner.uasset" 327
"../../../Engine/Content/MobileResources/HUD/T_Castle_ThumbstickOutter.uasset" 328
"../../../Engine/Content/Tutorial/ContentIntroCurve.uasset" 329
"../../../Engine/Content/Tutorial/Basics/LevelEditorAttract.uasset" 330
"../../../Engine/Content/VREditor/LaserPointer/VR_LaserPower_01.uasset" 331
"../../../Engine/Content/VREditor/TransformGizmo/TransformGizmoMaterial.uasset" 332
"../../../Engine/Content/VREditor/TransformGizmo/TranslucentTransformGizmoMaterial.uasset" 333
"../../../Engine/Content/VREditor/TransformGizmo/BoundingBoxCorner.uasset" 334
"../../../Engine/Content/VREditor/TransformGizmo/BoundingBoxEdge.uasset" 335
"../../../Engine/Content/VREditor/TransformGizmo/PlaneTranslationHandle.uasset" 336
"../../../Engine/Content/VREditor/TransformGizmo/Main.uasset" 337
"../../../Engine/Content/VREditor/TransformGizmo/Xray.uasset" 338
"../../../Engine/Content/VREditor/TransformGizmo/SM_Sequencer_Key.uasset" 339
"../../../Engine/Content/VREditor/TransformGizmo/SM_Sequencer_Node.uasset" 340
"../../Plugins/2D/Paper2D/Content/PlaceholderTextures/DummySpriteTexture.uasset" 341
"../../Plugins/2D/Paper2D/Content/DummySprite.uasset" 342
"../../Plugins/2D/Paper2D/Content/DefaultPaperTerrainMaterial.uasset" 343
"../../Plugins/2D/Paper2D/Content/DefaultSpriteMaterial.uasset" 344
"../../Plugins/2D/Paper2D/Content/MaskedUnlitSpriteMaterial.uasset" 345
"../../Plugins/2D/Paper2D/Content/OpaqueUnlitSpriteMaterial.uasset" 346
"../../Plugins/FX/Niagara/Content/Enums/ENiagaraBooleanLogicOps.uasset" 347
"../../Plugins/FX/Niagara/Content/Enums/ENiagaraCoordinateSpace.uasset" 348
"../../Plugins/FX/Niagara/Content/Enums/ENiagaraExpansionMode.uasset" 349
"../../Plugins/FX/Niagara/Content/Enums/ENiagaraOrientationAxis.uasset" 350
"../../Plugins/FX/Niagara/Content/Enums/ENiagaraRandomnessMode.uasset" 351
"../../../Engine/Content/Functions/Engine_MaterialFunctions02/Utility/BreakOutFloat4Components.uasset" 352
"../../Plugins/Runtime/Oculus/OculusVR/Content/Materials/OculusMR_ChromaKey.uasset" 353
"../../Plugins/Runtime/Oculus/OculusVR/Content/Materials/OculusMR_ChromaKey_Lit.uasset" 354
"../../Plugins/Runtime/Oculus/OculusVR/Content/Materials/OculusMR_OpaqueColoredMaterial.uasset" 355
"../../Plugins/Runtime/Oculus/OculusVR/Content/Materials/OculusMR_WhiteMaterial.uasset" 356
"../../../Engine/Content/BasicShapes/Cone.uasset" 357
"../../../Engine/Content/BasicShapes/Sphere.uasset" 358
"../../../../UnrealGDKExampleProject/Game/Content/Blueprints/NPCs/PatrolPoint.uasset" 359
"../../../../UnrealGDKExampleProject/Game/Content/Environment/GDKPlayerStart.uasset" 360
"../../../../UnrealGDKExampleProject/Game/Content/Environment/TeamPlayerStart.uasset" 361
"../../../Engine/Content/EngineSky/C_Sky_Cloud_Color.uasset" 362
"../../../Engine/Content/EngineSky/C_Sky_Horizon_Color.uasset" 363
"../../../Engine/Content/EngineSky/C_Sky_Zenith_Color.uasset" 364
"../../../Engine/Content/EngineSky/T_Sky_Blue.uasset" 365
"../../../Engine/Content/EngineSky/T_Sky_Clouds_M.uasset" 366
"../../../Engine/Content/EngineSky/T_Sky_Stars.uasset" 367
"../../../Engine/Content/EngineSky/M_Sky_Panning_Clouds2.uasset" 368
"../../../Engine/Content/EngineSky/SM_SkySphere.uasset" 369
"../../../Engine/Content/EngineSky/BP_Sky_Sphere.uasset" 370
"../../../Engine/Content/EditorBlueprintResources/ActorMacros.uasset" 371
"../../../Engine/Content/EngineMeshes/Humanoid.uasset" 372
"../../../../UnrealGDKExampleProject/Game/Content/Characters/Player/Meshes/CH_SK_PlayerRobot_Skeleton.uasset" 373
"../../../../UnrealGDKExampleProject/Game/Content/Characters/Player/Animations/Crouch/CH_Robot_Crouch_Idle.uasset" 374
"../../../../UnrealGDKExampleProject/Game/Content/Characters/Player/Animations/Crouch/CH_Robot_Crouch_Idle_ADS.uasset" 375
"../../../../UnrealGDKExampleProject/Game/Content/Characters/Player/Animations/Crouch/CH_Robot_Crouch_Look_Centre.uasset" 376
"../../../../UnrealGDKExampleProject/Game/Content/Characters/Player/Animations/Crouch/CH_Robot_Crouch_Look_Centre_ADS.uasset" 377
"../../../../UnrealGDKExampleProject/Game/Content/Characters/Player/Animations/IdlesAndLooks/CH_Robot_Idle.uasset" 378
"../../../../UnrealGDKExampleProject/Game/Content/Characters/Player/Animations/IdlesAndLooks/CH_Robot_Idle_ADS.uasset" 379
"../../../../UnrealGDKExampleProject/Game/Content/Characters/Player/Animations/IdlesAndLooks/CH_Robot_Look_Centre.uasset" 380
"../../../../UnrealGDKExampleProject/Game/Content/Characters/Player/Animations/IdlesAndLooks/CH_Robot_Look_Centre_ADS.uasset" 381
"../../../../UnrealGDKExampleProject/Game/Content/Characters/Player/Animations/Jumps/CH_Robot_Jump_Idle_Falling.uasset" 382
"../../../../UnrealGDKExampleProject/Game/Content/Characters/Player/Animations/Jumps/CH_Robot_Jump_Idle_Falling_Fwd.uasset" 383
"../../../../UnrealGDKExampleProject/Game/Content/Characters/Player/Animations/Jumps/CH_Robot_Jump_Idle_Rising.uasset" 384
"../../../../UnrealGDKExampleProject/Game/Content/Characters/Player/Animations/Jumps/CH_Robot_Jump_Idle_Rising_Fwd.uasset" 385
"../../../../UnrealGDKExampleProject/Game/Content/Characters/Player/Animations/Blendspaces/BS_Robot_Jump_Idle.uasset" 386
"../../../../UnrealGDKExampleProject/Game/Content/Characters/Player/Animations/Crouch/CH_Robot_Crouch_Bwd.uasset" 387
"../../../../UnrealGDKExampleProject/Game/Content/Characters/Player/Animations/Crouch/CH_Robot_Crouch_Fwd.uasset" 388
"../../../../UnrealGDKExampleProject/Game/Content/Characters/Player/Animations/Crouch/CH_Robot_Crouch_L135.uasset" 389
"../../../../UnrealGDKExampleProject/Game/Content/Characters/Player/Animations/Crouch/CH_Robot_Crouch_L45.uasset" 390
"../../../../UnrealGDKExampleProject/Game/Content/Characters/Player/Animations/Crouch/CH_Robot_Crouch_L90.uasset" 391
"../../../../UnrealGDKExampleProject/Game/Content/Characters/Player/Animations/Crouch/CH_Robot_Crouch_R135.uasset" 392
"../../../../UnrealGDKExampleProject/Game/Content/Characters/Player/Animations/Crouch/CH_Robot_Crouch_R45.uasset" 393
"../../../../UnrealGDKExampleProject/Game/Content/Characters/Player/Animations/Crouch/CH_Robot_Crouch_R90.uasset" 394
"../../../../UnrealGDKExampleProject/Game/Content/Characters/Player/Animations/Blendspaces/BS_Robot_Crouch.uasset" 395
"../../../../UnrealGDKExampleProject/Game/Content/Characters/Player/Animations/Crouch/CH_Robot_Crouch_Bwd_ADS.uasset" 396
"../../../../UnrealGDKExampleProject/Game/Content/Characters/Player/Animations/Crouch/CH_Robot_Crouch_Fwd_ADS.uasset" 397
"../../../../UnrealGDKExampleProject/Game/Content/Characters/Player/Animations/Crouch/CH_Robot_Crouch_L135_ADS.uasset" 398
"../../../../UnrealGDKExampleProject/Game/Content/Characters/Player/Animations/Crouch/CH_Robot_Crouch_L45_ADS.uasset" 399
"../../../../UnrealGDKExampleProject/Game/Content/Characters/Player/Animations/Crouch/CH_Robot_Crouch_L90_ADS.uasset" 400
"../../../../UnrealGDKExampleProject/Game/Content/Characters/Player/Animations/Crouch/CH_Robot_Crouch_R135_ADS.uasset" 401
"../../../../UnrealGDKExampleProject/Game/Content/Characters/Player/Animations/Crouch/CH_Robot_Crouch_R45_ADS.uasset" 402
"../../../../UnrealGDKExampleProject/Game/Content/Characters/Player/Animations/Crouch/CH_Robot_Crouch_R90_ADS.uasset" 403
"../../../../UnrealGDKExampleProject/Game/Content/Characters/Player/Animations/Blendspaces/BS_Robot_Crouch_ADS.uasset" 404
"../../../../UnrealGDKExampleProject/Game/Content/Characters/Player/Animations/Locomotion/CH_Robot_Jog_Bwd.uasset" 405
"../../../../UnrealGDKExampleProject/Game/Content/Characters/Player/Animations/Locomotion/CH_Robot_Jog_Fwd.uasset" 406
"../../../../UnrealGDKExampleProject/Game/Content/Characters/Player/Animations/Locomotion/CH_Robot_Jog_L135.uasset" 407
"../../../../UnrealGDKExampleProject/Game/Content/Characters/Player/Animations/Locomotion/CH_Robot_Jog_L45.uasset" 408
"../../../../UnrealGDKExampleProject/Game/Content/Characters/Player/Animations/Locomotion/CH_Robot_Jog_L90.uasset" 409
"../../../../UnrealGDKExampleProject/Game/Content/Characters/Player/Animations/Locomotion/CH_Robot_Jog_R135.uasset" 410
"../../../../UnrealGDKExampleProject/Game/Content/Characters/Player/Animations/Locomotion/CH_Robot_Jog_R45.uasset" 411
"../../../../UnrealGDKExampleProject/Game/Content/Characters/Player/Animations/Locomotion/CH_Robot_Jog_R90.uasset" 412
"../../../../UnrealGDKExampleProject/Game/Content/Characters/Player/Animations/Blendspaces/BS_Robot_Jog.uasset" 413
"../../../../UnrealGDKExampleProject/Game/Content/Characters/Player/Animations/Jumps/CH_Robot_Jump_Intro.uasset" 414
"../../../../UnrealGDKExampleProject/Game/Content/Characters/Player/Animations/Jumps/CH_Robot_Jump_Intro_Fwd.uasset" 415
"../../../../UnrealGDKExampleProject/Game/Content/Characters/Player/Animations/Blendspaces/BS_Robot_Jump_Intro.uasset" 416
"../../../../UnrealGDKExampleProject/Game/Content/Characters/Player/Animations/Jumps/CH_Robot_Jump_Outro.uasset" 417
"../../../../UnrealGDKExampleProject/Game/Content/Characters/Player/Animations/Jumps/CH_Robot_Jump_Outro_Fwd.uasset" 418
"../../../../UnrealGDKExampleProject/Game/Content/Characters/Player/Animations/Blendspaces/BS_Robot_Jump_Outro.uasset" 419
"../../../../UnrealGDKExampleProject/Game/Content/Characters/Player/Animations/Locomotion/CH_Robot_Sprint_Fwd.uasset" 420
"../../../../UnrealGDKExampleProject/Game/Content/Characters/Player/Animations/Locomotion/CH_Robot_Sprint_L45.uasset" 421
"../../../../UnrealGDKExampleProject/Game/Content/Characters/Player/Animations/Locomotion/CH_Robot_Sprint_R45.uasset" 422
"../../../../UnrealGDKExampleProject/Game/Content/Characters/Player/Animations/Blendspaces/BS_Robot_Sprint.uasset" 423
"../../../../UnrealGDKExampleProject/Game/Content/Characters/Player/Animations/Locomotion/CH_Robot_Walk_Bwd.uasset" 424
"../../../../UnrealGDKExampleProject/Game/Content/Characters/Player/Animations/Locomotion/CH_Robot_Walk_Fwd.uasset" 425
"../../../../UnrealGDKExampleProject/Game/Content/Characters/Player/Animations/Locomotion/CH_Robot_Walk_L135.uasset" 426
"../../../../UnrealGDKExampleProject/Game/Content/Characters/Player/Animations/Locomotion/CH_Robot_Walk_L45.uasset" 427
"../../../../UnrealGDKExampleProject/Game/Content/Characters/Player/Animations/Locomotion/CH_Robot_Walk_L90.uasset" 428
"../../../../UnrealGDKExampleProject/Game/Content/Characters/Player/Animations/Locomotion/CH_Robot_Walk_R135.uasset" 429
"../../../../UnrealGDKExampleProject/Game/Content/Characters/Player/Animations/Locomotion/CH_Robot_Walk_R45.uasset" 430
"../../../../UnrealGDKExampleProject/Game/Content/Characters/Player/Animations/Locomotion/CH_Robot_Walk_R90.uasset" 431
"../../../../UnrealGDKExampleProject/Game/Content/Characters/Player/Animations/Blendspaces/BS_Robot_Walk.uasset" 432
"../../../../UnrealGDKExampleProject/Game/Content/Characters/Player/Animations/Locomotion/CH_Robot_Walk_Bwd_ADS.uasset" 433
"../../../../UnrealGDKExampleProject/Game/Content/Characters/Player/Animations/Locomotion/CH_Robot_Walk_Fwd_ADS.uasset" 434
"../../../../UnrealGDKExampleProject/Game/Content/Characters/Player/Animations/Locomotion/CH_Robot_Walk_L135_ADS.uasset" 435
"../../../../UnrealGDKExampleProject/Game/Content/Characters/Player/Animations/Locomotion/CH_Robot_Walk_L45_ADS.uasset" 436
"../../../../UnrealGDKExampleProject/Game/Content/Characters/Player/Animations/Locomotion/CH_Robot_Walk_L90_ADS.uasset" 437
"../../../../UnrealGDKExampleProject/Game/Content/Characters/Player/Animations/Locomotion/CH_Robot_Walk_R135_ADS.uasset" 438
"../../../../UnrealGDKExampleProject/Game/Content/Characters/Player/Animations/Locomotion/CH_Robot_Walk_R45_ADS.uasset" 439
"../../../../UnrealGDKExampleProject/Game/Content/Characters/Player/Animations/Locomotion/CH_Robot_Walk_R90_ADS.uasset" 440
"../../../../UnrealGDKExampleProject/Game/Content/Characters/Player/Animations/Blendspaces/BS_Robot_Walk_ADS.uasset" 441
"../../../../UnrealGDKExampleProject/Game/Content/Characters/Player/Animations/AnimationBlueprints/CH_Robot_AnimBlueprint.uasset" 442
"../../../../UnrealGDKExampleProject/Game/Content/Characters/Components/BPI_OnHover.uasset" 443
"../../../Engine/Content/Functions/Engine_MaterialFunctions02/WorldPositionOffset/ComponentPivotLocation.uasset" 444
"../../../Engine/Content/Functions/Engine_MaterialFunctions02/WorldPositionOffset/LocalPosition.uasset" 445
"../../../../UnrealGDKExampleProject/Game/Content/Base/MaterialFunctions/MF_Object_Distance.uasset" 446
"../../../../UnrealGDKExampleProject/Game/Content/UI/Textures/UI_T_Nameplate_BG.uasset" 447
"../../../../UnrealGDKExampleProject/Game/Content/UI/Materials/M_Nameplate.uasset" 448
"../../../../UnrealGDKExampleProject/Game/Content/Characters/Player/Meshes/CH_SK_PlayerRobot_PhysicsAsset.uasset" 449
"../../../../UnrealGDKExampleProject/Game/Content/Characters/Player/Meshes/CH_SK_PlayerRobot.uasset" 450
"../../../../UnrealGDKExampleProject/Game/Content/Characters/BP_Base_Character.uasset" 451
"../../../../UnrealGDKExampleProject/Game/Content/Characters/Player/Animations/FirstPerson/CH_Robot_FP_ADS.uasset" 452
"../../../../UnrealGDKExampleProject/Game/Content/Characters/Player/Animations/FirstPerson/CH_Robot_FP_Idle_Jump_Falling.uasset" 453
"../../../../UnrealGDKExampleProject/Game/Content/Characters/Player/Animations/FirstPerson/CH_Robot_FP_Idle_Jump_Recovery.uasset" 454
"../../../../UnrealGDKExampleProject/Game/Content/Characters/Player/Animations/FirstPerson/CH_Robot_FP_Sprint.uasset" 455
"../../../../UnrealGDKExampleProject/Game/Content/Characters/Player/Animations/FirstPerson/CH_Robot_FP_Sprint_Jump_Falling.uasset" 456
"../../../../UnrealGDKExampleProject/Game/Content/Characters/Player/Animations/FirstPerson/CH_Robot_FP_Sprint_Jump_Recovery.uasset" 457
"../../../../UnrealGDKExampleProject/Game/Content/Characters/Player/Animations/FirstPerson/CH_Robot_Lean_Center.uasset" 458
"../../../../UnrealGDKExampleProject/Game/Content/Characters/Player/Animations/FirstPerson/CH_Robot_Lean_Left.uasset" 459
"../../../../UnrealGDKExampleProject/Game/Content/Characters/Player/Animations/FirstPerson/CH_Robot_Lean_Right.uasset" 460
"../../../../UnrealGDKExampleProject/Game/Content/Characters/Player/Animations/Blendspaces/BS_Robot_FirstPerson_Lean.uasset" 461
"../../../../UnrealGDKExampleProject/Game/Content/Characters/Player/Animations/FirstPerson/CH_Robot_FP_Idle.uasset" 462
"../../../../UnrealGDKExampleProject/Game/Content/Characters/Player/Animations/FirstPerson/CH_Robot_FP_Jog.uasset" 463
"../../../../UnrealGDKExampleProject/Game/Content/Characters/Player/Animations/Blendspaces/BS_Robot_FirstPerson_Locomotion.uasset" 464
"../../../../UnrealGDKExampleProject/Game/Content/Characters/Player/Animations/AnimationBlueprints/CH_Robot_FirstPerson_AnimBlueprint.uasset" 465
"../../../../UnrealGDKExampleProject/Game/Content/Characters/MetaData/MetaDataProvider.uasset" 466
"../../../Engine/Content/Functions/Engine_MaterialFunctions02/TangentBasis.uasset" 467
"../../../Engine/Content/Functions/Engine_MaterialFunctions02/Utility/BlendAngleCorrectedNormals.uasset" 468
"../../../Engine/Content/Functions/Engine_MaterialFunctions01/WorldPositionOffset/SplineThicken.uasset" 469
"../../../../UnrealGDKExampleProject/Game/Content/Base/Textures/T_Clouds_M.uasset" 470
"../../../../UnrealGDKExampleProject/Game/Content/VFX/Textures/Bullet_Tracer_M.uasset" 471
"../../../../UnrealGDKExampleProject/Game/Content/VFX/Materials/M_Spline_Tracer_MASTER.uasset" 472
"../../../../UnrealGDKExampleProject/Game/Content/VFX/Meshes/SM_Spline_Quad.uasset" 473
"../../../Engine/Content/Functions/Engine_MaterialFunctions01/Gradient/RadialGradient.uasset" 474
"../../../../UnrealGDKExampleProject/Game/Content/VFX/Particles/Materials/M_Radial_Sparks.uasset" 475
"../../../../UnrealGDKExampleProject/Game/Content/VFX/Textures/T_Smoke_SubUV.uasset" 476
"../../../../UnrealGDKExampleProject/Game/Content/VFX/Particles/Materials/M_smoke_subUV.uasset" 477
"../../../../UnrealGDKExampleProject/Game/Content/VFX/Textures/T_Spark_Core.uasset" 478
"../../../../UnrealGDKExampleProject/Game/Content/VFX/Particles/Materials/M_Spark.uasset" 479
"../../../../UnrealGDKExampleProject/Game/Content/VFX/Particles/SparksBurst_P.uasset" 480
"../../../../UnrealGDKExampleProject/Game/Content/VFX/BP_BulletTracer.uasset" 481
"../../../../UnrealGDKExampleProject/Game/Content/Blueprints/Weapons/BP_InstantWeapon.uasset" 482
"../../../../UnrealGDKExampleProject/Game/Content/Blueprints/Weapons/Shakes/AutomaticRifleShake.uasset" 483
"../../../../UnrealGDKExampleProject/Game/Content/Weapons/AssaultRifle/Textures/WP_T_AssaultRifle_Scope_M.uasset" 484
"../../../../UnrealGDKExampleProject/Game/Content/Weapons/AssaultRifle/Materials/WP_M_AssaultRifle_Glass.uasset" 485
"../../../../UnrealGDKExampleProject/Game/Content/VFX/Materials/Weapons/MI_Tracer_AssaultRifle.uasset" 486
"../../../Engine/Content/Functions/Engine_MaterialFunctions01/Density/ExponentialDensity.uasset" 487
"../../../Engine/Content/Functions/Engine_MaterialFunctions01/Gradient/RadialGradientExponential.uasset" 488
"../../../../UnrealGDKExampleProject/Game/Content/Base/Textures/T_Sphere_Normal_N.uasset" 489
"../../../../UnrealGDKExampleProject/Game/Content/VFX/Textures/T_MuzzleFlash_Side_BC.uasset" 490
"../../../../UnrealGDKExampleProject/Game/Content/VFX/Particles/Materials/M_Muzzle_Flash_Master.uasset" 491
"../../../../UnrealGDKExampleProject/Game/Content/VFX/Particles/Materials/M_muzzle_flash_fire.uasset" 492
"../../../../UnrealGDKExampleProject/Game/Content/VFX/Textures/Weapons/T_MuzzleFlash_Front_01_BC.uasset" 493
"../../../../UnrealGDKExampleProject/Game/Content/VFX/Particles/Materials/Weapons/MI_MuzzleFront_AssaultRifle.uasset" 494
"../../../../UnrealGDKExampleProject/Game/Content/VFX/Particles/MuzzleFlash_AssaultRifle_P.uasset" 495
"../../../../UnrealGDKExampleProject/Game/Content/Weapons/AssaultRifle/Meshes/WP_AssaultRifle_Rig_Skeleton.uasset" 496
"../../../../UnrealGDKExampleProject/Game/Content/Weapons/AssaultRifle/Meshes/WP_AssaultRifle_Rig.uasset" 497
"../../../../UnrealGDKExampleProject/Game/Content/Blueprints/Weapons/BP_AutomaticRifle.uasset" 498
"../../../../UnrealGDKExampleProject/Game/Content/Blueprints/Weapons/Shakes/GrenadeLauncherShake.uasset" 499
"../../../../UnrealGDKExampleProject/Game/Content/Blueprints/Weapons/BP_ProjectileWeapon.uasset" 500
"../../../../UnrealGDKExampleProject/Game/Content/VFX/Particles/Materials/M_Trail.uasset" 501
"../../../../UnrealGDKExampleProject/Game/Content/VFX/Particles/Grenade_Trail_P.uasset" 502
"../../../../UnrealGDKExampleProject/Game/Content/Blueprints/Weapons/Grenades/BP_Projectile.uasset" 503
"../../../../UnrealGDKExampleProject/Game/Content/VFX/Textures/T_Smoke_BC.uasset" 504
"../../../../UnrealGDKExampleProject/Game/Content/VFX/Textures/T_Smoke_Puff_BC.uasset" 505
"../../../../UnrealGDKExampleProject/Game/Content/VFX/Particles/Materials/M_Fire_Smoke_Master.uasset" 506
"../../../Engine/Content/Functions/Engine_MaterialFunctions03/Blends/Blend_SoftLight.uasset" 507
"../../../../UnrealGDKExampleProject/Game/Content/VFX/Particles/Materials/M_RadialPulse.uasset" 508
"../../../../UnrealGDKExampleProject/Game/Content/VFX/Particles/ExplosionMedium_P.uasset" 509
"../../../../UnrealGDKExampleProject/Game/Content/Weapons/GrenadeLauncher/Meshes/SM_GrenadeProjectile_Bouncy.uasset" 510
"../../../../UnrealGDKExampleProject/Game/Content/Blueprints/Weapons/Grenades/Grenade_Bouncing.uasset" 511
"../../../../UnrealGDKExampleProject/Game/Content/Weapons/GrenadeLauncher/Meshes/SM_GrenadeProjectile_Frag.uasset" 512
"../../../../UnrealGDKExampleProject/Game/Content/Blueprints/Weapons/Grenades/Grenade_Frag.uasset" 513
"../../../../UnrealGDKExampleProject/Game/Content/VFX/Particles/Materials/MI_SmokeGrenade.uasset" 514
"../../../../UnrealGDKExampleProject/Game/Content/VFX/Particles/SmokeGrenadeLarge_P.uasset" 515
"../../../../UnrealGDKExampleProject/Game/Content/Weapons/GrenadeLauncher/Meshes/SM_GrenadeProjectile_Smoke.uasset" 516
"../../../../UnrealGDKExampleProject/Game/Content/Blueprints/Weapons/Grenades/Grenade_Smoke.uasset" 517
"../../../../UnrealGDKExampleProject/Game/Content/Weapons/GrenadeLauncher/Meshes/SM_GrenadeProjectile_Sticky.uasset" 518
"../../../../UnrealGDKExampleProject/Game/Content/Blueprints/Weapons/Grenades/Grenade_Sticky.uasset" 519
"../../../../UnrealGDKExampleProject/Game/Content/UI/Textures/Crosshairs/UI_T_Crosshair_GrenadeLauncher_M.uasset" 520
"../../../../UnrealGDKExampleProject/Game/Content/UI/Materials/Crosshairs/MI_UI_Crosshair_GrenadeLauncher.uasset" 521
"../../../../UnrealGDKExampleProject/Game/Content/VFX/Textures/Weapons/T_MuzzleFlash_Front_03_BC.uasset" 522
"../../../../UnrealGDKExampleProject/Game/Content/VFX/Particles/Materials/Weapons/MI_MuzzleFront_GrenadeLauncher.uasset" 523
"../../../../UnrealGDKExampleProject/Game/Content/VFX/Particles/Materials/Weapons/MI_MuzzleSide_GrenadeLauncher.uasset" 524
"../../../../UnrealGDKExampleProject/Game/Content/VFX/Particles/MuzzleFlash_GrenadeLauncher_P.uasset" 525
"../../../../UnrealGDKExampleProject/Game/Content/Weapons/GrenadeLauncher/Meshes/SM_Text_Bounce.uasset" 526
"../../../../UnrealGDKExampleProject/Game/Content/Weapons/GrenadeLauncher/Meshes/SM_Text_Frag.uasset" 527
"../../../../UnrealGDKExampleProject/Game/Content/Weapons/GrenadeLauncher/Meshes/SM_Text_Smoke.uasset" 528
"../../../../UnrealGDKExampleProject/Game/Content/Weapons/GrenadeLauncher/Meshes/SM_Text_Sticky.uasset" 529
"../../../../UnrealGDKExampleProject/Game/Content/Weapons/GrenadeLauncher/Meshes/WP_GrenadeLauncher_Skeleton.uasset" 530
"../../../../UnrealGDKExampleProject/Game/Content/Weapons/GrenadeLauncher/Meshes/WP_GrenadeLauncher_Rig.uasset" 531
"../../../../UnrealGDKExampleProject/Game/Content/Weapons/Placeholder/Meshes/SM_Placeholder.uasset" 532
"../../../../UnrealGDKExampleProject/Game/Content/Weapons/Placeholder/Meshes/SM_Placeholder_GrenadeLauncher.uasset" 533
"../../../../UnrealGDKExampleProject/Game/Content/Blueprints/Weapons/BP_GrenadeLauncher_Frag.uasset" 534
"../../../Engine/Content/Functions/Engine_MaterialFunctions02/Math/Pi.uasset" 535
"../../../../UnrealGDKExampleProject/Game/Content/Base/Textures/T_Vignette_M.uasset" 536
"../../../../UnrealGDKExampleProject/Game/Content/Base/PostMaterials/M_Post_DirectionalDamageVignette.uasset" 537
"../../../../UnrealGDKExampleProject/Game/Content/Characters/Player/Meshes/CH_SK_PlayerRobot_FP_PhysicsAsset.uasset" 538
"../../../../UnrealGDKExampleProject/Game/Content/Characters/Player/Meshes/CH_SK_PlayerRobot_FP.uasset" 539
"../../../../UnrealGDKExampleProject/Game/Content/Characters/BP_FPS_Character.uasset" 540
"../../../Engine/Content/BasicShapes/BasicShapeMaterial.uasset" 541
"../../../../UnrealGDKExampleProject/Game/Content/Base/MasterMaterials/M_Pickup_MASTER.uasset" 542
"../../../../UnrealGDKExampleProject/Game/Content/Environment/Props/Materials/M_ControlPoint.uasset" 543
"../../../Engine/Content/BasicShapes/Cube.uasset" 544
"../../../../UnrealGDKExampleProject/Game/Content/Blueprints/Enum_ControlPointState.uasset" 545
"../../../../UnrealGDKExampleProject/Game/Content/UI/Blueprints/BP_ControlPointProgress.uasset" 546
"../../../../UnrealGDKExampleProject/Game/Content/Blueprints/BP_ControlPoint.uasset" 547
"../../../../UnrealGDKExampleProject/Game/Content/Environment/Props/Textures/T_Floor_A.uasset" 548
"../../../../UnrealGDKExampleProject/Game/Content/Environment/Props/Textures/T_Floor_M.uasset" 549
"../../../../UnrealGDKExampleProject/Game/Content/Environment/Props/Textures/T_Floor_N.uasset" 550
"../../../../UnrealGDKExampleProject/Game/Content/Base/MasterMaterials/M_Spatial_Floor_MASTER.uasset" 551
"../../../Engine/Content/BasicShapes/Plane.uasset" 552
"../../../../UnrealGDKExampleProject/Game/Content/Blueprints/MapBuilder/Data/BP_TileBase.uasset" 553
"../../../../UnrealGDKExampleProject/Game/Content/Environment/Props/Materials/MI_Pickup_Shield.uasset" 554
"../../../Engine/Content/Functions/Engine_MaterialFunctions02/WorldPositionOffset/ObjectPivotPoint.uasset" 555
"../../../../UnrealGDKExampleProject/Game/Content/VFX/Materials/M_Attract_Beam_MASTER.uasset" 556
"../../../../UnrealGDKExampleProject/Game/Content/VFX/Meshes/SM_Beam_Quad_1m.uasset" 557
"../../../../UnrealGDKExampleProject/Game/Content/VFX/Meshes/SM_Pickup_Base.uasset" 558
"../../../../UnrealGDKExampleProject/Game/Content/VFX/Meshes/SM_Shield_Pickup.uasset" 559
"../../../../UnrealGDKExampleProject/Game/Content/VFX/Particles/Bubble_Burst_P.uasset" 560
"../../../../UnrealGDKExampleProject/Game/Content/Blueprints/ShieldPickup.uasset" 561
"../../../../UnrealGDKExampleProject/Game/Content/Environment/Terrain/Textures/T_Terrain_Sides_M.uasset" 562
"../../../../UnrealGDKExampleProject/Game/Content/Environment/Terrain/Textures/T_Terrain_Sides_N.uasset" 563
"../../../../UnrealGDKExampleProject/Game/Content/Base/MasterMaterials/M_Spatial_Terrain_MASTER.uasset" 564
"../../../../UnrealGDKExampleProject/Game/Content/Environment/Terrain/Meshes/SM_Terrain_Bare_02.uasset" 565
"../../../../UnrealGDKExampleProject/Game/Content/Blueprints/MapBuilder/Tiles/Bare/BP_Tile_Bare_B.uasset" 566
"../../../../UnrealGDKExampleProject/Game/Content/Environment/Terrain/Meshes/SM_Terrain_Bare_05.uasset" 567
"../../../../UnrealGDKExampleProject/Game/Content/Blueprints/MapBuilder/Tiles/Bare/BP_Tile_Bare_E.uasset" 568
"../../../../UnrealGDKExampleProject/Game/Content/Environment/Terrain/Meshes/SM_Terrain_Bare_06.uasset" 569
"../../../../UnrealGDKExampleProject/Game/Content/Blueprints/MapBuilder/Tiles/Bare/BP_Tile_Bare_F.uasset" 570
"../../../Engine/Content/Functions/Engine_MaterialFunctions02/Texturing/CustomRotator.uasset" 571
"../../../../UnrealGDKExampleProject/Game/Content/Environment/Props/Textures/T_Projected_Default_M.uasset" 572
"../../../../UnrealGDKExampleProject/Game/Content/Environment/Props/Textures/T_Projected_Default_N.uasset" 573
"../../../../UnrealGDKExampleProject/Game/Content/Environment/Props/Textures/T_Trim_M.uasset" 574
"../../../../UnrealGDKExampleProject/Game/Content/Base/MasterMaterials/M_Spatial_Greybox_MASTER.uasset" 575
"../../../../UnrealGDKExampleProject/Game/Content/Environment/Props/Textures/T_Projected_Foliage_M.uasset" 576
"../../../../UnrealGDKExampleProject/Game/Content/Environment/Props/Materials/MI_Spatial_Greybox_Foliage.uasset" 577
"../../../../UnrealGDKExampleProject/Game/Content/Environment/Props/Textures/T_Projected_Variant_M.uasset" 578
"../../../../UnrealGDKExampleProject/Game/Content/Environment/Props/Materials/MI_Spatial_Greybox_Variant.uasset" 579
"../../../../UnrealGDKExampleProject/Game/Content/Environment/Props/Meshes/SM_Cube_1m.uasset" 580
"../../../../UnrealGDKExampleProject/Game/Content/Blueprints/MapBuilder/Tiles/Misc/BP_Tile_Buildings_A.uasset" 581
"../../../../UnrealGDKExampleProject/Game/Content/Blueprints/MapBuilder/Tiles/Misc/BP_Tile_Buildings_B.uasset" 582
"../../../../UnrealGDKExampleProject/Game/Content/Environment/Props/Textures/T_Projected_Glossy_M.uasset" 583
"../../../../UnrealGDKExampleProject/Game/Content/Environment/Props/Materials/MI_Spatial_Greybox_Glossy.uasset" 584
"../../../../UnrealGDKExampleProject/Game/Content/Environment/Props/Meshes/SM_Wedge_1m.uasset" 585
"../../../../UnrealGDKExampleProject/Game/Content/Blueprints/MapBuilder/Tiles/Misc/BP_Tile_Buildings_C.uasset" 586
"../../../../UnrealGDKExampleProject/Game/Content/Blueprints/MapBuilder/Tiles/Misc/BP_Tile_Park_A.uasset" 587
"../../../../UnrealGDKExampleProject/Game/Content/Environment/Props/Textures/T_Projected_Blank_M.uasset" 588
"../../../../UnrealGDKExampleProject/Game/Content/Environment/Props/Materials/MI_Spatial_Greybox_Railings.uasset" 589
"../../../../UnrealGDKExampleProject/Game/Content/Environment/Props/Meshes/SM_Railing_1m.uasset" 590
"../../../../UnrealGDKExampleProject/Game/Content/Environment/Props/Meshes/SM_Railing_4m.uasset" 591
"../../../../UnrealGDKExampleProject/Game/Content/Environment/Props/Meshes/SM_Railing_Riser_2m.uasset" 592
"../../../../UnrealGDKExampleProject/Game/Content/Environment/Props/Meshes/SM_Railing_Riser_4m.uasset" 593
"../../../../UnrealGDKExampleProject/Game/Content/Blueprints/MapBuilder/Tiles/Misc/BP_Tile_Structure_Bunker_A.uasset" 594
"../../../../UnrealGDKExampleProject/Game/Content/Blueprints/MapBuilder/Tiles/Misc/BP_Tile_Structure_Courtyard_A.uasset" 595
"../../../../UnrealGDKExampleProject/Game/Content/Environment/Props/Meshes/SM_Corner_1m.uasset" 596
"../../../../UnrealGDKExampleProject/Game/Content/Environment/Props/Meshes/SM_Ramp_25cm.uasset" 597
"../../../../UnrealGDKExampleProject/Game/Content/Blueprints/MapBuilder/Tiles/Misc/BP_Tile_Structure_Fortress_A.uasset" 598
"../../../../UnrealGDKExampleProject/Game/Content/Blueprints/MapBuilder/Tiles/Misc/BP_Tile_Structure_Tower_A.uasset" 599
"../../../../UnrealGDKExampleProject/Game/Content/Environment/Props/Meshes/SM_Railing_2m.uasset" 600
"../../../../UnrealGDKExampleProject/Game/Content/Environment/Props/Meshes/SM_Ramp_50cm.uasset" 601
"../../../../UnrealGDKExampleProject/Game/Content/Blueprints/MapBuilder/Tiles/Misc/BP_Tile_Structure_Tower_B.uasset" 602
"../../../../UnrealGDKExampleProject/Game/Content/Blueprints/MapBuilder/Tiles/Misc/BP_Tile_Structure_Walkways_A.uasset" 603
"../../../../UnrealGDKExampleProject/Game/Content/Blueprints/MapBuilder/Tiles/Misc/BP_Tile_Wild_A.uasset" 604
"../../../../UnrealGDKExampleProject/Game/Content/Blueprints/MapBuilder/Tiles/Misc/BP_Tile_Wild_B.uasset" 605
"../../../../UnrealGDKExampleProject/Game/Content/Blueprints/MapBuilder/Tiles/Misc/BP_Tile_Wild_C.uasset" 606
"../../../../UnrealGDKExampleProject/Game/Content/Environment/Terrain/Meshes/SM_Terrain_Mountain_01.uasset" 607
"../../../../UnrealGDKExampleProject/Game/Content/Blueprints/MapBuilder/Tiles/Terrain/BP_Tile_Mountain_A.uasset" 608
"../../../../UnrealGDKExampleProject/Game/Content/Environment/Terrain/Meshes/SM_Terrain_Mountain_02.uasset" 609
"../../../../UnrealGDKExampleProject/Game/Content/Blueprints/MapBuilder/Tiles/Terrain/BP_Tile_Mountain_B.uasset" 610
"../../../../UnrealGDKExampleProject/Game/Content/Environment/Terrain/Meshes/SM_Terrain_Mountain_03.uasset" 611
"../../../../UnrealGDKExampleProject/Game/Content/Blueprints/MapBuilder/Tiles/Terrain/BP_Tile_Mountain_C.uasset" 612
"../../../../UnrealGDKExampleProject/Game/Content/Blueprints/MapBuilder/Tiles/Towers/BP_Tile_Tower_A.uasset" 613
"../../../../UnrealGDKExampleProject/Game/Content/Blueprints/MapBuilder/Tiles/Towers/BP_Tile_Tower_B.uasset" 614
"../../../../UnrealGDKExampleProject/Game/Content/Base/MasterMaterials/M_TurretShield_MASTER.uasset" 615
"../../../../UnrealGDKExampleProject/Game/Content/TakeoverPrototype/Building/Fortification1.uasset" 616
"../../../../UnrealGDKExampleProject/Game/Content/TakeoverPrototype/Building/ShovelTest.uasset" 617
"../../../../UnrealGDKExampleProject/Game/Content/TakeoverPrototype/BP_FPS_Character_Takeover.uasset" 618
"../../../../UnrealGDKExampleProject/Game/Content/Blueprints/NPCs/BB_NPC.uasset" 619
"../../../../UnrealGDKExampleProject/Game/Content/Blueprints/NPCs/NPCTraceProvider.uasset" 620
"../../../../UnrealGDKExampleProject/Game/Content/Blueprints/NPCs/BTService_FireAtTarget.uasset" 621
"../../../../UnrealGDKExampleProject/Game/Content/Blueprints/NPCs/BTTask_ClearBlackboardValue.uasset" 622
"../../../../UnrealGDKExampleProject/Game/Content/Blueprints/NPCs/BTTask_FindPatrolPoint.uasset" 623
"../../../../UnrealGDKExampleProject/Game/Content/Blueprints/NPCs/BTTask_ScanForEnemies.uasset" 624
"../../../../UnrealGDKExampleProject/Game/Content/Blueprints/NPCs/BTTask_TetheredMoveTo.uasset" 625
"../../../../UnrealGDKExampleProject/Game/Content/Blueprints/NPCs/BTTask_UnocupyPatrolPoint.uasset" 626
"../../../../UnrealGDKExampleProject/Game/Content/Blueprints/NPCs/BT_NPC.uasset" 627
"../../../../UnrealGDKExampleProject/Game/Content/Blueprints/NPCs/NPC_Controller.uasset" 628
"../../../../UnrealGDKExampleProject/Game/Content/UI/Materials/M_CombatFeedback.uasset" 629
"../../../../UnrealGDKExampleProject/Game/Content/Blueprints/BP_DamageText.uasset" 630
"../../../../UnrealGDKExampleProject/Game/Content/Characters/Components/BP_FloatingCombatText.uasset" 631
"../../../../UnrealGDKExampleProject/Game/Content/Blueprints/NPCs/Character_NPC.uasset" 632
"../../../../UnrealGDKExampleProject/Game/Content/Blueprints/NPCs/NPCSpawner.uasset" 633
"../../../../UnrealGDKExampleProject/Game/Content/AI/BB_Wander.uasset" 634
"../../../../UnrealGDKExampleProject/Game/Content/AI/Services/BTService_RandomLocation.uasset" 635
"../../../../UnrealGDKExampleProject/Game/Content/AI/BT_Wander.uasset" 636
"../../../../UnrealGDKExampleProject/Game/Content/Controllers/BP_SimulatedPlayerAIController.uasset" 637
"../../../../UnrealGDKExampleProject/Game/Content/Characters/BP_SimulatedPlayerCharacter.uasset" 638
"../../../../UnrealGDKExampleProject/Game/Content/Controllers/Components/Menus.uasset" 639
"../../../../UnrealGDKExampleProject/Game/Content/Controllers/Components/MenuMediator.uasset" 640
"../../../../UnrealGDKExampleProject/Game/Content/GameMode/BP_TeamDeathmatchGameState.uasset" 641
"../../../../UnrealGDKExampleProject/Game/Content/Controllers/BP_GDK_PlayerController.uasset" 642
"../../../../UnrealGDKExampleProject/Game/Content/GameMode/BP_ControlGameState.uasset" 643
"../../../../UnrealGDKExampleProject/Game/Content/GameMode/BP_PlayerState.uasset" 644
"../../../../UnrealGDKExampleProject/Game/Content/UI/Blueprints/BP_GDK_HUD.uasset" 645
"../../../../UnrealGDKExampleProject/Game/Content/UI/Blueprints/BP_PlayerHUD_Control.uasset" 646
"../../../../UnrealGDKExampleProject/Game/Content/UI/Textures/UI_T_Text_Press_ESC_To_Return_To_Game.uasset" 647
"../../../../UnrealGDKExampleProject/Game/Content/UI/Blueprints/BP_QuitScreen.uasset" 648
"../../../../UnrealGDKExampleProject/Game/Content/UI/Textures/UI_T_Icon_Warning_Triangle.uasset" 649
"../../../../UnrealGDKExampleProject/Game/Content/UI/Textures/UI_T_Text_Press_Space_To_Respawn.uasset" 650
"../../../../UnrealGDKExampleProject/Game/Content/UI/Blueprints/BP_RespawnMenu.uasset" 651
"../../../../UnrealGDKExampleProject/Game/Content/UI/Blueprints/BP_TeamDeathmatch_LoginScreen.uasset" 652
"../../../../UnrealGDKExampleProject/Game/Content/UI/Blueprints/Scores/BP_TeamScoreTable.uasset" 653
"../../../../UnrealGDKExampleProject/Game/Content/UI/Blueprints/Scores/BP_GDKTeamDeathmatchScoreboard.uasset" 654
"../../../../UnrealGDKExampleProject/Game/Content/UI/Textures/UI_T_Text_Done.uasset" 655
"../../../../UnrealGDKExampleProject/Game/Content/UI/Textures/UI_T_Title_Results.uasset" 656
"../../../../UnrealGDKExampleProject/Game/Content/UI/Blueprints/Scores/BP_ResultsScreen.uasset" 657
"../../../../UnrealGDKExampleProject/Game/Content/UI/Blueprints/BP_HUD_Control.uasset" 658
"../../../../UnrealGDKExampleProject/Game/Content/GameMode/BP_ControlGameMode.uasset" 659
"../../../../UnrealGDKExampleProject/Game/Content/Base/PostMaterials/M_Post_Sharpen.uasset" 660
"../../../../UnrealGDKExampleProject/Game/Content/Base/MasterMaterials/MI_Spatial_Wall.uasset" 661
"../../../../UnrealGDKExampleProject/Game/Content/Base/Textures/T_Spatial_LUT_RGBTable16x1.uasset" 662
"../../../../UnrealGDKExampleProject/Game/Content/Environment/Background/Textures/T_Cloud_Traces_BC.uasset" 663
"../../../../UnrealGDKExampleProject/Game/Content/Environment/Background/Textures/T_Cloud_Traces_M.uasset" 664
"../../../../UnrealGDKExampleProject/Game/Content/Environment/Background/Materials/M_BackgroundClouds.uasset" 665
"../../../../UnrealGDKExampleProject/Game/Content/Environment/Background/Meshes/SM_BackgroundClouds.uasset" 666
"../../../../UnrealGDKExampleProject/Game/Content/Environment/Landscape/Textures/T_BackgroundTerrain_M.uasset" 667
"../../../../UnrealGDKExampleProject/Game/Content/Environment/Landscape/Materials/M_Background_Terrain.uasset" 668
"../../../../UnrealGDKExampleProject/Game/Content/Environment/Landscape/Meshes/SM_BackgroundTerrain_Central.uasset" 669
"../../../../UnrealGDKExampleProject/Game/Content/Environment/Landscape/Meshes/SM_BackgroundTerrain_Distant.uasset" 670
"../../../../UnrealGDKExampleProject/Game/Content/Maps/Control_Medium.umap" 671
"../../../../UnrealGDKExampleProject/Game/Content/Maps/Control_Small.umap" 672
"../../../../UnrealGDKExampleProject/Game/Content/OWIContent/Shared/Blueprints/Projectiles/BP_Projectile.uasset" 673
"../../../../UnrealGDKExampleProject/Game/Content/OWIContent/Shared/Blueprints/Components/VehicleWeapon.uasset" 674
"../../../../UnrealGDKExampleProject/Game/Content/OWIContent/Shared/Blueprints/Components/BP_WeaponComponent.uasset" 675
"../../../../UnrealGDKExampleProject/Game/Content/OWIContent/Shared/Blueprints/BP_Wreck.uasset" 676
"../../../../UnrealGDKExampleProject/Game/Content/OWIContent/Shared/Blueprints/Wheels/GenericTank_Tire_Config.uasset" 677
"../../../../UnrealGDKExampleProject/Game/Content/OWIContent/Shared/Blueprints/Wheels/BP_GenericTank_DriveWheel.uasset" 678
"../../../../UnrealGDKExampleProject/Game/Content/OWIContent/Shared/Blueprints/Wheels/BP_GenericTank_Wheel.uasset" 679
"../../../../UnrealGDKExampleProject/Game/Content/OWIContent/Shared/Blueprints/UI/Images/T_flat_a.uasset" 680
"../../../../UnrealGDKExampleProject/Game/Content/OWIContent/Shared/Blueprints/UI/BPW_VehicleUI.uasset" 681
"../../../../UnrealGDKExampleProject/Game/Content/OWIContent/Shared/UI/HUD/HUDComponents/W_Controls.uasset" 682
"../../../../UnrealGDKExampleProject/Game/Content/OWIContent/Shared/UI/HUD/Materials/M_BarMaterial.uasset" 683
"../../../../UnrealGDKExampleProject/Game/Content/OWIContent/Shared/UI/HUD/HUDComponents/W_Health.uasset" 684
"../../../../UnrealGDKExampleProject/Game/Content/OWIContent/Shared/UI/HUD/W_HUD.uasset" 685
"../../../../UnrealGDKExampleProject/Game/Content/OWIContent/Shared/Particles/Textures/Noise/T_HeatTile3_N.uasset" 686
"../../../../UnrealGDKExampleProject/Game/Content/OWIContent/Shared/Particles/Textures/Noise/T_TilingNoise03_a.uasset" 687
"../../../../UnrealGDKExampleProject/Game/Content/OWIContent/Shared/Particles/Materials/M_HeatDistort.uasset" 688
"../../../../UnrealGDKExampleProject/Game/Content/OWIContent/Shared/Particles/Textures/Smoke/T_SoftSmoke_Centered_a.uasset" 689
"../../../../UnrealGDKExampleProject/Game/Content/OWIContent/Shared/Particles/Materials/MasterMaterials/Smoke/M_Exhaust_Smoke.uasset" 690
"../../../Engine/Content/Functions/Engine_MaterialFunctions01/ImageAdjustment/DeriveHDRfromLDR.uasset" 691
"../../../../UnrealGDKExampleProject/Game/Content/OWIContent/Shared/MasterMaterials/Textures/T_BaseTexture_a.uasset" 692
"../../../../UnrealGDKExampleProject/Game/Content/OWIContent/Shared/MasterMaterials/Textures/T_BaseTexture_n.uasset" 693
"../../../../UnrealGDKExampleProject/Game/Content/OWIContent/Shared/Particles/Materials/MasterMaterials/Explosions/M_Master_VolDir_Emissive.uasset" 694
"../../../../UnrealGDKExampleProject/Game/Content/OWIContent/Shared/Particles/Textures/Impacts/Artillery/T_ArtilleryFront_4_n.uasset" 695
"../../../../UnrealGDKExampleProject/Game/Content/OWIContent/Shared/Particles/Textures/Impacts/Artillery/T_ArtilleryFront_4bw_a.uasset" 696
"../../../../UnrealGDKExampleProject/Game/Content/OWIContent/Shared/Particles/Textures/Smoke/SmokeScreen/T_SmokeScreen_1_a.uasset" 697
"../../../../UnrealGDKExampleProject/Game/Content/OWIContent/Shared/Particles/Textures/Smoke/SmokeScreen/T_SmokeScreen_1_n.uasset" 698
"../../../../UnrealGDKExampleProject/Game/Content/OWIContent/Shared/Particles/Textures/Smoke/SmokeScreen/T_SmokeScreen_Lit_a.uasset" 699
"../../../../UnrealGDKExampleProject/Game/Content/OWIContent/Shared/Particles/Textures/Smoke/SmokeScreen/T_SmokeScreen_Lit_n.uasset" 700
"../../../../UnrealGDKExampleProject/Game/Content/OWIContent/Shared/Particles/Materials/MasterMaterials/Smoke/SmokeScreen_DF.uasset" 701
"../../../../UnrealGDKExampleProject/Game/Content/OWIContent/Shared/Particles/FX/Vehicles/Exhausts/PS_Exhaust_Tanks.uasset" 702
"../../../../UnrealGDKExampleProject/Game/Content/OWIContent/Shared/Particles/Textures/Smoke/T_SoftSmokeBall_VL144_a.uasset" 703
"../../../../UnrealGDKExampleProject/Game/Content/OWIContent/Shared/Particles/Materials/MasterMaterials/Smoke/WheelDust_Mat.uasset" 704
"../../../../UnrealGDKExampleProject/Game/Content/OWIContent/Shared/Particles/FX/Vehicles/Wheel_FX/PS_WheelFX_GenericTank.uasset" 705
"../../../../UnrealGDKExampleProject/Game/Content/OWIContent/Shared/Blueprints/BP_GenericTank.uasset" 706
"../../../../UnrealGDKExampleProject/Game/Content/OWIContent/Shared/MasterMaterials/Textures/T_BaseTexture_ref.uasset" 707
"../../../../UnrealGDKExampleProject/Game/Content/OWIContent/Shared/MasterMaterials/M_SimpleShader.uasset" 708
"../../../../UnrealGDKExampleProject/Game/Content/OWIContent/Shared/Items/textures/T_TOW_a.uasset" 709
"../../../../UnrealGDKExampleProject/Game/Content/OWIContent/Shared/Items/textures/T_TOW_n.uasset" 710
"../../../../UnrealGDKExampleProject/Game/Content/OWIContent/Shared/Items/textures/T_TOW_ref.uasset" 711
"../../../../UnrealGDKExampleProject/Game/Content/OWIContent/Shared/Items/MI_TOWMissile.uasset" 712
"../../../../UnrealGDKExampleProject/Game/Content/OWIContent/Shared/Items/SK_Bgm71Tow_rocket_projectile.uasset" 713
"../../../../UnrealGDKExampleProject/Game/Content/OWIContent/Shared/Particles/Textures/Debris/T_Glassy_Grit_a.uasset" 714
"../../../../UnrealGDKExampleProject/Game/Content/OWIContent/Shared/Particles/Materials/MasterMaterials/Sparks/M_Flickering_Spark.uasset" 715
"../../../../UnrealGDKExampleProject/Game/Content/OWIContent/Shared/Particles/Textures/Mud/t_MudSplash36_2_a.uasset" 716
"../../../../UnrealGDKExampleProject/Game/Content/OWIContent/Shared/Particles/Textures/Mud/T_MudSplash36_2_n.uasset" 717
"../../../../UnrealGDKExampleProject/Game/Content/OWIContent/Shared/Particles/Textures/Mud/T_MudSplash36_2b_a.uasset" 718
"../../../../UnrealGDKExampleProject/Game/Content/OWIContent/Shared/Particles/Textures/Mud/T_MudSplash36_2b_n.uasset" 719
"../../../../UnrealGDKExampleProject/Game/Content/OWIContent/Shared/Particles/Materials/MasterMaterials/Explosions/M_MudSplashHQ.uasset" 720
"../../../../UnrealGDKExampleProject/Game/Content/OWIContent/Shared/Particles/Textures/Mud/T_MudSplash36_Left_a.uasset" 721
"../../../../UnrealGDKExampleProject/Game/Content/OWIContent/Shared/Particles/Textures/Mud/T_MudSplash36_Left_n.uasset" 722
"../../../../UnrealGDKExampleProject/Game/Content/OWIContent/Shared/Particles/Textures/Mud/T_MudSplash36_LeftB_a.uasset" 723
"../../../../UnrealGDKExampleProject/Game/Content/OWIContent/Shared/Particles/Textures/Mud/T_MudSplash36_LeftB_n.uasset" 724
"../../../../UnrealGDKExampleProject/Game/Content/OWIContent/Shared/Particles/Materials/MasterMaterials/Explosions/MI_MudSplashHQ_2_Left.uasset" 725
"../../../../UnrealGDKExampleProject/Game/Content/OWIContent/Shared/Particles/Textures/Mud/T_MudSplash36_Right_a.uasset" 726
"../../../../UnrealGDKExampleProject/Game/Content/OWIContent/Shared/Particles/Textures/Mud/T_MudSplash36_Right_n.uasset" 727
"../../../../UnrealGDKExampleProject/Game/Content/OWIContent/Shared/Particles/Textures/Mud/T_MudSplash36_RightB_a.uasset" 728
"../../../../UnrealGDKExampleProject/Game/Content/OWIContent/Shared/Particles/Textures/Mud/T_MudSplash36_RightB_n.uasset" 729
"../../../../UnrealGDKExampleProject/Game/Content/OWIContent/Shared/Particles/Materials/MasterMaterials/Explosions/MI_MudSplashHQ_2_Right.uasset" 730
"../../../../UnrealGDKExampleProject/Game/Content/OWIContent/Shared/Particles/Materials/MasterMaterials/M_FX_Master_GPUVar_PerVertDir.uasset" 731
"../../../../UnrealGDKExampleProject/Game/Content/OWIContent/Shared/Particles/Textures/Debris/Rolling/T_Rolling_AfganRockLarge_a.uasset" 732
"../../../../UnrealGDKExampleProject/Game/Content/OWIContent/Shared/Particles/Textures/Debris/Rolling/T_Rolling_AfganRockLarge_N.uasset" 733
"../../../../UnrealGDKExampleProject/Game/Content/OWIContent/Shared/Particles/Materials/MasterMaterials/GPU/GPU_Rock_darktan.uasset" 734
"../../../../UnrealGDKExampleProject/Game/Content/OWIContent/Shared/Particles/Textures/Dirt/T_DistSplashLeft1_a.uasset" 735
"../../../../UnrealGDKExampleProject/Game/Content/OWIContent/Shared/Particles/Textures/Dirt/T_DistSplashLeft1_n.uasset" 736
"../../../../UnrealGDKExampleProject/Game/Content/OWIContent/Shared/Particles/Textures/Dirt/T_DistSplashLeft2_a.uasset" 737
"../../../../UnrealGDKExampleProject/Game/Content/OWIContent/Shared/Particles/Textures/Dirt/T_DistSplashLeft2_n.uasset" 738
"../../../../UnrealGDKExampleProject/Game/Content/OWIContent/Shared/Particles/Textures/Dirt/T_DistSplashLeft3_a.uasset" 739
"../../../../UnrealGDKExampleProject/Game/Content/OWIContent/Shared/Particles/Textures/Dirt/T_DistSplashLeft3_n.uasset" 740
"../../../../UnrealGDKExampleProject/Game/Content/OWIContent/Shared/Particles/Materials/MasterMaterials/GroundHits/MI_DirtSplashLeft.uasset" 741
"../../../../UnrealGDKExampleProject/Game/Content/OWIContent/Shared/Particles/Textures/Dirt/T_DirtSplashRight1_a.uasset" 742
"../../../../UnrealGDKExampleProject/Game/Content/OWIContent/Shared/Particles/Textures/Dirt/T_DirtSplashRight1_n.uasset" 743
"../../../../UnrealGDKExampleProject/Game/Content/OWIContent/Shared/Particles/Textures/Dirt/T_DirtSplashRight2_a.uasset" 744
"../../../../UnrealGDKExampleProject/Game/Content/OWIContent/Shared/Particles/Textures/Dirt/T_DirtSplashRight2_n.uasset" 745
"../../../../UnrealGDKExampleProject/Game/Content/OWIContent/Shared/Particles/Textures/Dirt/T_DirtSplashRight3_a.uasset" 746
"../../../../UnrealGDKExampleProject/Game/Content/OWIContent/Shared/Particles/Textures/Dirt/T_DirtSplashRight3_n.uasset" 747
"../../../../UnrealGDKExampleProject/Game/Content/OWIContent/Shared/Particles/Materials/MasterMaterials/GroundHits/MI_DirtSplashRight.uasset" 748
"../../../../UnrealGDKExampleProject/Game/Content/OWIContent/Shared/Particles/Textures/Impacts/Artillery/T_Artillery_Base_grey_a.uasset" 749
"../../../../UnrealGDKExampleProject/Game/Content/OWIContent/Shared/Particles/Textures/Impacts/Artillery/T_Artillery_Base_n.uasset" 750
"../../../../UnrealGDKExampleProject/Game/Content/OWIContent/Shared/Particles/Materials/MasterMaterials/Smoke/MI_Artillery_BaseBW.uasset" 751
"../../../../UnrealGDKExampleProject/Game/Content/OWIContent/Shared/Particles/Materials/MasterMaterials/M_FX_Master_Flip_PerVertNonDir.uasset" 752
"../../../../UnrealGDKExampleProject/Game/Content/OWIContent/Shared/Particles/Textures/Dust/T_DustBaseGPU_a.uasset" 753
"../../../../UnrealGDKExampleProject/Game/Content/OWIContent/Shared/Particles/Materials/MasterMaterials/Smoke/MI_DustBase_GPU.uasset" 754
"../../../../UnrealGDKExampleProject/Game/Content/OWIContent/Shared/Particles/Materials/MasterMaterials/Smoke/MI_SoftSmokeCentered_LowDF.uasset" 755
"../../../../UnrealGDKExampleProject/Game/Content/OWIContent/Shared/Particles/Textures/Impacts/T_LitImpact2_a.uasset" 756
"../../../../UnrealGDKExampleProject/Game/Content/OWIContent/Shared/Particles/Materials/MasterMaterials/Sparks/Lit_Impact_Random.uasset" 757
"../../../../UnrealGDKExampleProject/Game/Content/OWIContent/Shared/Particles/Textures/Cutout_Molds/T_CutoutMold_81_a.uasset" 758
"../../../../UnrealGDKExampleProject/Game/Content/OWIContent/Shared/Particles/Textures/VECTORFIELDS/VF_RandomNoise_01_90.uasset" 759
"../../../../UnrealGDKExampleProject/Game/Content/OWIContent/Shared/Particles/FX/Explosions/Cannons/HE/PS_Tankshell_exp_Sand.uasset" 760
"../../../../UnrealGDKExampleProject/Game/Content/OWIContent/Shared/Particles/Materials/MasterMaterials/Smoke/Ribbon.uasset" 761
"../../../../UnrealGDKExampleProject/Game/Content/OWIContent/Shared/Particles/Textures/Fire/T_Flameball2_a.uasset" 762
"../../../../UnrealGDKExampleProject/Game/Content/OWIContent/Shared/Particles/Materials/MasterMaterials/Sparks/MI_FlameBalls_13.uasset" 763
"../../../../UnrealGDKExampleProject/Game/Content/OWIContent/Shared/Particles/FX/Weapons/Rocket_Propulsions/PS_Rocket_Propulsion_TOW.uasset" 764
"../../../../UnrealGDKExampleProject/Game/Content/OWIContent/Shared/Blueprints/Projectiles/BP_GuidedProjectile.uasset" 765
"../../../../UnrealGDKExampleProject/Game/Content/OWIContent/Shared/Particles/Textures/Tracers/T_Tracer_a.uasset" 766
"../../../../UnrealGDKExampleProject/Game/Content/OWIContent/Shared/Particles/Materials/MasterMaterials/Tracers/Tracer_Red.uasset" 767
"../../../../UnrealGDKExampleProject/Game/Content/OWIContent/Shared/Particles/Materials/MasterMaterials/Tracers/Tracer_Round.uasset" 768
"../../../../UnrealGDKExampleProject/Game/Content/OWIContent/Shared/Particles/FX/Weapons/Tracer/PS_Tracer_Mesh_Emitter_Yellow75.uasset" 769
"../../../../UnrealGDKExampleProject/Game/Content/OWIContent/Shared/Blueprints/Projectiles/BP_Tank_projectile_basic.uasset" 770
"../../../../UnrealGDKExampleProject/Game/Content/OWIContent/Shared/Particles/Textures/Debris/T_Grit_a.uasset" 771
"../../../../UnrealGDKExampleProject/Game/Content/OWIContent/Shared/Particles/Materials/MasterMaterials/Debris/M_Grit_emissive.uasset" 772
"../../../../UnrealGDKExampleProject/Game/Content/OWIContent/Shared/Particles/Materials/MasterMaterials/M_FX_Master_GPUVar_PerVertNonDir.uasset" 773
"../../../../UnrealGDKExampleProject/Game/Content/OWIContent/Shared/Particles/Textures/Debris/T_Dirt_Particle_Blur_a.uasset" 774
"../../../../UnrealGDKExampleProject/Game/Content/OWIContent/Shared/Particles/Materials/MasterMaterials/GPU/DirtParticle_Sand.uasset" 775
"../../../../UnrealGDKExampleProject/Game/Content/OWIContent/Shared/Particles/Materials/MasterMaterials/GPU/GPU_RockSandy.uasset" 776
"../../../../UnrealGDKExampleProject/Game/Content/OWIContent/Shared/Particles/Materials/MasterMaterials/Explosions/M_Master_VolDir_NoEmissive.uasset" 777
"../../../../UnrealGDKExampleProject/Game/Content/OWIContent/Shared/Particles/Textures/Impacts/Ground_Hit/T_GroundHit_5_a.uasset" 778
"../../../../UnrealGDKExampleProject/Game/Content/OWIContent/Shared/Particles/Materials/MasterMaterials/GroundHits/MI_GroundHit.uasset" 779
"../../../../UnrealGDKExampleProject/Game/Content/OWIContent/Shared/Particles/Textures/Impacts/Ground_Hit/T_GunGroundBig_1_a.uasset" 780
"../../../../UnrealGDKExampleProject/Game/Content/OWIContent/Shared/Particles/Textures/Impacts/Ground_Hit/T_GunGroundBig_1_n.uasset" 781
"../../../../UnrealGDKExampleProject/Game/Content/OWIContent/Shared/Particles/Materials/MasterMaterials/GroundHits/MI_GroundHitBig.uasset" 782
"../../../../UnrealGDKExampleProject/Game/Content/OWIContent/Shared/Particles/Materials/MasterMaterials/Debris/T_DirtCharge1_BW_a.uasset" 783
"../../../../UnrealGDKExampleProject/Game/Content/OWIContent/Shared/Particles/Materials/MasterMaterials/Debris/T_DirtCharge2_a.uasset" 784
"../../../../UnrealGDKExampleProject/Game/Content/OWIContent/Shared/Particles/Materials/MasterMaterials/Debris/T_DirtCharge3_a.uasset" 785
"../../../../UnrealGDKExampleProject/Game/Content/OWIContent/Shared/Particles/Materials/MasterMaterials/GroundHits/MI_Random_DirtCharge8x8.uasset" 786
"../../../../UnrealGDKExampleProject/Game/Content/OWIContent/Shared/Particles/FX/Impacts/Bullethits/50cal/sand/PS_bhit_50cal_Sand.uasset" 787
"../../../../UnrealGDKExampleProject/Game/Content/OWIContent/Shared/Blueprints/Projectiles/BP_MG_projectile.uasset" 788
"../../../../UnrealGDKExampleProject/Game/Content/OWIContent/Shared/Blueprints/Wheels/BP_GenericWheel_Steer.uasset" 789
"../../../../UnrealGDKExampleProject/Game/Content/OWIContent/Shared/Particles/Textures/Smoke/Clouds/T_BillowingCloud_a.uasset" 790
"../../../../UnrealGDKExampleProject/Game/Content/OWIContent/Shared/Particles/Materials/MasterMaterials/Dust/M_BillowingCloud.uasset" 791
"../../../../UnrealGDKExampleProject/Game/Content/OWIContent/Shared/Particles/Textures/Smoke/T_SmokeSoftBall_a.uasset" 792
"../../../../UnrealGDKExampleProject/Game/Content/OWIContent/Shared/Particles/Materials/MasterMaterials/Smoke/M_SoftSmokeBall_VL.uasset" 793
"../../../../UnrealGDKExampleProject/Game/Content/OWIContent/Shared/Particles/Materials/MasterMaterials/Smoke/M_SoftSmokeBall_VL144.uasset" 794
"../../../../UnrealGDKExampleProject/Game/Content/OWIContent/Shared/Particles/Textures/Charges/T_ChargeUp_a.uasset" 795
"../../../../UnrealGDKExampleProject/Game/Content/OWIContent/Shared/Particles/Materials/MasterMaterials/Sparks/MI_Random_MetalHitLIT_8x8.uasset" 796
"../../../../UnrealGDKExampleProject/Game/Content/OWIContent/Shared/Maps/Environment/Landscape/Textures/SM_Skysphere.uasset" 797
"../../../../UnrealGDKExampleProject/Game/Content/OWIContent/Shared/Particles/Textures/Cutout_Molds/T_CutoutMold_144_a.uasset" 798
"../../../../UnrealGDKExampleProject/Game/Content/OWIContent/Shared/Particles/FX/Weapons/MuzzleFlashes/Cannon/PS_Tank_Muzzleflash.uasset" 799
"../../../../UnrealGDKExampleProject/Game/Content/OWIContent/Shared/Particles/Materials/MasterMaterials/Smoke/M_SoftSmokeBall_Centered.uasset" 800
"../../../../UnrealGDKExampleProject/Game/Content/OWIContent/Shared/Items/textures/T_CommonAmmo_a.uasset" 801
"../../../../UnrealGDKExampleProject/Game/Content/OWIContent/Shared/Items/textures/T_CommonAmmo_N.uasset" 802
"../../../../UnrealGDKExampleProject/Game/Content/OWIContent/Shared/Items/textures/T_CommonAmmo_ref.uasset" 803
"../../../../UnrealGDKExampleProject/Game/Content/OWIContent/Shared/Items/MI_ammo.uasset" 804
"../../../../UnrealGDKExampleProject/Game/Content/OWIContent/Shared/Items/SM_Tank_Shell.uasset" 805
"../../../../UnrealGDKExampleProject/Game/Content/OWIContent/Shared/Particles/FX/Weapons/Shell_Ejections/PS_ShellEjection_TankProject.uasset" 806
"../../../../UnrealGDKExampleProject/Game/Content/OWIContent/Shared/Blueprints/BP_GenericAPC.uasset" 807
"../../../../UnrealGDKExampleProject/Game/Content/OWIContent/Vehicles/LAVIFV/SK_LAVIFV_Skeleton.uasset" 808
"../../../../UnrealGDKExampleProject/Game/Content/OWIContent/Vehicles/LAVIFV/LAVIFV_Anim.uasset" 809
"../../../../UnrealGDKExampleProject/Game/Content/OWIContent/Shared/Particles/Textures/Smoke/Grenade/T_GrenadeBlastB_a.uasset" 810
"../../../../UnrealGDKExampleProject/Game/Content/OWIContent/Shared/Particles/Textures/Smoke/Grenade/T_GrenadeBlastB_N.uasset" 811
"../../../../UnrealGDKExampleProject/Game/Content/OWIContent/Shared/Particles/Textures/Smoke/Grenade/T_GrenadeCloudA_a.uasset" 812
"../../../../UnrealGDKExampleProject/Game/Content/OWIContent/Shared/Particles/Textures/Smoke/Grenade/T_GrenadeCloudA_N.uasset" 813
"../../../../UnrealGDKExampleProject/Game/Content/OWIContent/Shared/Particles/Materials/MasterMaterials/Grenade_Master.uasset" 814
"../../../../UnrealGDKExampleProject/Game/Content/OWIContent/Shared/Particles/Materials/MasterMaterials/Sparks/MI_Flickering_Spark.uasset" 815
"../../../../UnrealGDKExampleProject/Game/Content/OWIContent/Shared/Particles/Textures/Sparks/T_Pop1_a.uasset" 816
"../../../../UnrealGDKExampleProject/Game/Content/OWIContent/Shared/Particles/Materials/MasterMaterials/Sparks/Random_SparkPops.uasset" 817
"../../../../UnrealGDKExampleProject/Game/Content/OWIContent/Shared/Particles/FX/Impacts/Bullethits/30mm/PS_bhit_30mm_HE_sand.uasset" 818
"../../../../UnrealGDKExampleProject/Game/Content/OWIContent/Shared/Blueprints/Projectiles/BP_30mm_HE_Projectile.uasset" 819
"../../../../UnrealGDKExampleProject/Game/Content/OWIContent/Shared/Blueprints/Wheels/BP_GenericWheel.uasset" 820
"../../../../UnrealGDKExampleProject/Game/Content/OWIContent/Vehicles/LAVIFV/Wheels/BP_LAVIFV_Wheel.uasset" 821
"../../../../UnrealGDKExampleProject/Game/Content/OWIContent/Vehicles/LAVIFV/Wheels/BP_LAVIFV_Wheel_Steer.uasset" 822
"../../../../UnrealGDKExampleProject/Game/Content/OWIContent/Vehicles/LAVIFV/LAVIFV_TorqueCurve.uasset" 823
"../../../../UnrealGDKExampleProject/Game/Content/OWIContent/Shared/Particles/Materials/MasterMaterials/Fire/M_FlameBall1.uasset" 824
"../../../../UnrealGDKExampleProject/Game/Content/OWIContent/Shared/Particles/Materials/MasterMaterials/Smoke/M_Billowing_Cloud_DF.uasset" 825
"../../../../UnrealGDKExampleProject/Game/Content/OWIContent/Shared/Particles/Materials/MasterMaterials/Smoke/SoftSmokeBall_VL_dark.uasset" 826
"../../../../UnrealGDKExampleProject/Game/Content/OWIContent/Shared/Particles/Materials/MasterMaterials/Smoke/SmokeScreen_Center.uasset" 827
"../../../../UnrealGDKExampleProject/Game/Content/OWIContent/Shared/Items/SM_40mmHEDP_casing.uasset" 828
"../../../../UnrealGDKExampleProject/Game/Content/OWIContent/Shared/Particles/FX/Vehicles/PS_Vehicle_PopSmoke.uasset" 829
"../../../../UnrealGDKExampleProject/Game/Content/OWIContent/Shared/Particles/Materials/MasterMaterials/Debris/M_Dirt_Particle_Blur.uasset" 830
"../../../../UnrealGDKExampleProject/Game/Content/OWIContent/Shared/Particles/Textures/Debris/T_SpinningParticles4x4_a.uasset" 831
"../../../../UnrealGDKExampleProject/Game/Content/OWIContent/Shared/Particles/Materials/MasterMaterials/Debris/M_SpinningDebris4x4.uasset" 832
"../../../../UnrealGDKExampleProject/Game/Content/OWIContent/Shared/Particles/Materials/MasterMaterials/Smoke/M_SoftSmokeCentered_VL.uasset" 833
"../../../../UnrealGDKExampleProject/Game/Content/OWIContent/Shared/Particles/Materials/MasterMaterials/M_Master_NonDir.uasset" 834
"../../../../UnrealGDKExampleProject/Game/Content/OWIContent/Shared/Particles/Textures/Dust/T_DustHit_Front_a.uasset" 835
"../../../../UnrealGDKExampleProject/Game/Content/OWIContent/Shared/Particles/Materials/MasterMaterials/Smoke/MI_DustFront_VertexNonVL.uasset" 836
"../../../../UnrealGDKExampleProject/Game/Content/OWIContent/Shared/Particles/FX/Weapons/MuzzleFlashes/Cannon/PS_Muzzleflash-2A72.uasset" 837
"../../../../UnrealGDKExampleProject/Game/Content/OWIContent/Shared/Particles/Textures/T_anim_muzzleflash_rou_a.uasset" 838
"../../../../UnrealGDKExampleProject/Game/Content/OWIContent/Shared/Particles/Materials/MasterMaterials/MuzzleFlashes/Muzzleflash.uasset" 839
"../../../../UnrealGDKExampleProject/Game/Content/OWIContent/Shared/Particles/Textures/MuzzleFX/T_MuzzleFlashSheet_Side_a.uasset" 840
"../../../../UnrealGDKExampleProject/Game/Content/OWIContent/Shared/Particles/Materials/MasterMaterials/MuzzleFlashes/MuzzleFlashMG_Side.uasset" 841
"../../../../UnrealGDKExampleProject/Game/Content/OWIContent/Shared/Particles/Materials/MasterMaterials/Smoke/M_SoftSmokeBall_VL_lowDF.uasset" 842
"../../../../UnrealGDKExampleProject/Game/Content/OWIContent/Shared/Particles/Textures/MuzzleFX/T_MuzzleSmokeSide2.uasset" 843
"../../../../UnrealGDKExampleProject/Game/Content/OWIContent/Shared/Particles/Textures/MuzzleFX/T_MuzzleSmokeSide_a.uasset" 844
"../../../../UnrealGDKExampleProject/Game/Content/OWIContent/Shared/Particles/Materials/MasterMaterials/Smoke/MuzzleSmoke_Sides.uasset" 845
"../../../../UnrealGDKExampleProject/Game/Content/OWIContent/Shared/Particles/FX/Weapons/MuzzleFlashes/PS_Muzzleflash-M2_1P.uasset" 846
"../../../../UnrealGDKExampleProject/Game/Content/OWIContent/Shared/MasterMaterials/M_Reticle_LightBleed.uasset" 847
"../../../../UnrealGDKExampleProject/Game/Content/OWIContent/Vehicles/LAVIFV/Materials/Textures/T_T_LAVIFVReticle_a.uasset" 848
"../../../../UnrealGDKExampleProject/Game/Content/OWIContent/Vehicles/LAVIFV/Materials/MI_LAVIFV_reticle.uasset" 849
"../../../../UnrealGDKExampleProject/Game/Content/OWIContent/Shared/Reticles/T_GunnerTunnel_a.uasset" 850
"../../../../UnrealGDKExampleProject/Game/Content/OWIContent/Vehicles/LAVIFV/Materials/BP_LAVIFV_GunnerReticle.uasset" 851
"../../../../UnrealGDKExampleProject/Game/Content/OWIContent/Shared/MasterMaterials/M_SimpleShader_Masked.uasset" 852
"../../../../UnrealGDKExampleProject/Game/Content/OWIContent/Vehicles/LAVIFV/Materials/Textures/T_LAVIFV_hull_green_a.uasset" 853
"../../../../UnrealGDKExampleProject/Game/Content/OWIContent/Vehicles/LAVIFV/Materials/Textures/T_LAVIFV_hull_n.uasset" 854
"../../../../UnrealGDKExampleProject/Game/Content/OWIContent/Vehicles/LAVIFV/Materials/Textures/T_LAVIFV_hull_r.uasset" 855
"../../../../UnrealGDKExampleProject/Game/Content/OWIContent/Vehicles/LAVIFV/Materials/MI_LAVIFV_Hull.uasset" 856
"../../../../UnrealGDKExampleProject/Game/Content/OWIContent/Vehicles/LAVIFV/Materials/Textures/T_LAVIFV_turret_green_a.uasset" 857
"../../../../UnrealGDKExampleProject/Game/Content/OWIContent/Vehicles/LAVIFV/Materials/Textures/T_LAVIFV_turret_n.uasset" 858
"../../../../UnrealGDKExampleProject/Game/Content/OWIContent/Vehicles/LAVIFV/Materials/Textures/T_LAVIFV_turret_r.uasset" 859
"../../../../UnrealGDKExampleProject/Game/Content/OWIContent/Vehicles/LAVIFV/Materials/MI_LAVIFV_Turret.uasset" 860
"../../../../UnrealGDKExampleProject/Game/Content/OWIContent/Vehicles/LAVIFV/Materials/Textures/T_LAVIFV_wheels_green_a.uasset" 861
"../../../../UnrealGDKExampleProject/Game/Content/OWIContent/Vehicles/LAVIFV/Materials/Textures/T_LAVIFV_wheels_n.uasset" 862
"../../../../UnrealGDKExampleProject/Game/Content/OWIContent/Vehicles/LAVIFV/Materials/Textures/T_LAVIFV_wheels_r.uasset" 863
"../../../../UnrealGDKExampleProject/Game/Content/OWIContent/Vehicles/LAVIFV/Materials/MI_LAVIFV_Wheels.uasset" 864
"../../../../UnrealGDKExampleProject/Game/Content/OWIContent/Vehicles/LAVIFV/Materials/Textures/T_LAV_Hull_a.uasset" 865
"../../../../UnrealGDKExampleProject/Game/Content/OWIContent/Vehicles/LAVIFV/Materials/Textures/T_LAV_Hull_n.uasset" 866
"../../../../UnrealGDKExampleProject/Game/Content/OWIContent/Vehicles/LAVIFV/Materials/Textures/T_LAV_Hull_ORM.uasset" 867
"../../../../UnrealGDKExampleProject/Game/Content/OWIContent/Vehicles/LAVIFV/Materials/MI_LAVInterior_Hull.uasset" 868
"../../../../UnrealGDKExampleProject/Game/Content/OWIContent/Vehicles/LAVIFV/SK_LAVIFV_PhysicsAsset.uasset" 869
"../../../../UnrealGDKExampleProject/Game/Content/OWIContent/Vehicles/LAVIFV/SK_LAVIFV.uasset" 870
"../../../../UnrealGDKExampleProject/Game/Content/OWIContent/Vehicles/LAVIFV/Materials/Textures/T_Interior01_a.uasset" 871
"../../../../UnrealGDKExampleProject/Game/Content/OWIContent/Vehicles/LAVIFV/Materials/Textures/T_Interior01_n.uasset" 872
"../../../../UnrealGDKExampleProject/Game/Content/OWIContent/Vehicles/LAVIFV/Materials/Textures/T_Interior01_ORM.uasset" 873
"../../../../UnrealGDKExampleProject/Game/Content/OWIContent/Vehicles/LAVIFV/Materials/MI_LAVInterior_01.uasset" 874
"../../../../UnrealGDKExampleProject/Game/Content/OWIContent/Vehicles/LAVIFV/Materials/Textures/T_Interior02_a.uasset" 875
"../../../../UnrealGDKExampleProject/Game/Content/OWIContent/Vehicles/LAVIFV/Materials/Textures/T_Interior02_n.uasset" 876
"../../../../UnrealGDKExampleProject/Game/Content/OWIContent/Vehicles/LAVIFV/Materials/Textures/T_Interior02_ORM.uasset" 877
"../../../../UnrealGDKExampleProject/Game/Content/OWIContent/Vehicles/LAVIFV/Materials/MI_LAVInterior_02.uasset" 878
"../../../../UnrealGDKExampleProject/Game/Content/OWIContent/Vehicles/LAVIFV/SM_LAV_Interior_V2.uasset" 879
"../../../../UnrealGDKExampleProject/Game/Content/OWIContent/Shared/MasterMaterials/Textures/T_wreck_overlay_a.uasset" 880
"../../../../UnrealGDKExampleProject/Game/Content/OWIContent/Shared/MasterMaterials/M_VehicleWreck.uasset" 881
"../../../../UnrealGDKExampleProject/Game/Content/OWIContent/Vehicles/LAVIFV/Materials/MI_LAVIFV_Turret_wreck.uasset" 882
"../../../../UnrealGDKExampleProject/Game/Content/OWIContent/Vehicles/LAVIFV/Materials/MI_LAVIFV_wheels_wreck.uasset" 883
"../../../../UnrealGDKExampleProject/Game/Content/OWIContent/Vehicles/LAVIFV/Materials/MI_LAVIFV_wreck.uasset" 884
"../../../../UnrealGDKExampleProject/Game/Content/OWIContent/Vehicles/LAVIFV/Wreck/SM_T_LAVIFV_Wreck.uasset" 885
"../../../../UnrealGDKExampleProject/Game/Content/OWIContent/Vehicles/LAVIFV/BP_LAVIFV.uasset" 886
"../../../../UnrealGDKExampleProject/Game/Content/TakeoverPrototype/BB_Takeover.uasset" 887
"../../../../UnrealGDKExampleProject/Game/Content/TakeoverPrototype/AI_Tracker.uasset" 888
"../../../../UnrealGDKExampleProject/Game/Content/TakeoverPrototype/BP_GDK_PlayerController_Takeover.uasset" 889
"../../../../UnrealGDKExampleProject/Game/Content/TakeoverPrototype/NPC_Controller_Takeover.uasset" 890
"../../../../UnrealGDKExampleProject/Game/Content/TakeoverPrototype/AI_Spawner.uasset" 891
"../../../../UnrealGDKExampleProject/Game/Content/TakeoverPrototype/BP_TakeoverGameState.uasset" 892
"../../../../UnrealGDKExampleProject/Game/Content/TakeoverPrototype/BP_TakeoverGameMode.uasset" 893
"../../../../UnrealGDKExampleProject/Game/Content/DENT/Audio/Distance.uasset" 894
"../../../../UnrealGDKExampleProject/Game/Content/DENT/Textures/Weapons/T_Explosion.uasset" 895
"../../../../UnrealGDKExampleProject/Game/Content/DENT/Materials/StoneWall/M_Stone_dust.uasset" 896
"../../../../UnrealGDKExampleProject/Game/Content/DENT/Particles/P_StonePoint.uasset" 897
"../../../../UnrealGDKExampleProject/Game/Content/DENT/BluePrints/Destructibles/Destructibles_Master/BP_DENT_MASTER_PROJECTILE_DEBRIS.uasset" 898
"../../../../UnrealGDKExampleProject/Game/Content/DENT/Materials/Weapons/M_Projectile.uasset" 899
"../../../Engine/Content/BasicShapes/Cylinder.uasset" 900
"../../../../UnrealGDKExampleProject/Game/Content/DENT/Audio/S_Boom.uasset" 901
"../../../../UnrealGDKExampleProject/Game/Content/DENT/Textures/Weapons/T_RadialPuff.uasset" 902
"../../../../UnrealGDKExampleProject/Game/Content/DENT/Materials/Weapons/M_Boom.uasset" 903
"../../../../UnrealGDKExampleProject/Game/Content/DENT/Particles/P_Radial.uasset" 904
"../../../../UnrealGDKExampleProject/Game/Content/DENT/Character/BP_Projectile.uasset" 905
"../../../../UnrealGDKExampleProject/Game/Content/DENT/BluePrints/Destructibles/Destructibles_Master/BP_DENT_MASTER.uasset" 906
"../../../../UnrealGDKExampleProject/Game/Content/DENT/Textures/Blockout/T_Blockout.uasset" 907
"../../../../UnrealGDKExampleProject/Game/Content/DENT/Materials/Blockout/M_Blockout.uasset" 908
"../../../../UnrealGDKExampleProject/Game/Content/DENT/Mesh/Static/Blockout/SM_BlockoutWallSide.uasset" 909
"../../../../UnrealGDKExampleProject/Game/Content/TakeoverPrototype/DestructibleEnvironment/StaticMeshPhysics/Blockout_Wall_test.uasset" 910
"../../../Engine/Content/EngineSounds/Master.uasset" 911
"../../../Engine/Content/EngineSounds/Duck_Normal_Attack_MixMod.uasset" 912
"../../../Engine/Content/EngineSounds/Special_Attack_PSM.uasset" 913
"../../../Engine/Content/EngineSounds/SFX.uasset" 914
"../../../Engine/Content/EngineSounds/Normal_Attack.uasset" 915
"../../../../UnrealGDKExampleProject/Game/Content/DENT/Audio/SFX.uasset" 916
"../../../../UnrealGDKExampleProject/Game/Content/DENT/Audio/SC_RockFall_Point.uasset" 917
"../../../../UnrealGDKExampleProject/Game/Content/DENT/Audio/SC_RockFall_Radial.uasset" 918
"../../../../UnrealGDKExampleProject/Game/Content/DENT/Particles/P_Stone_Radial.uasset" 919
"../../../../UnrealGDKExampleProject/Game/Content/TakeoverPrototype/DestructibleEnvironment/StaticMeshPhysics/DestructibleWallFinal.uasset" 920
"../../../../UnrealGDKExampleProject/Game/Content/TakeoverPrototype/DestructibleEnvironment/StaticMeshPhysics/BuildingBase.uasset" 921
"../../../../UnrealGDKExampleProject/Game/Content/TakeoverPrototype/DestructibleEnvironment/StaticMeshPhysics/MyStaticMeshPhysicsTestV3.uasset" 922
"../../../../UnrealGDKExampleProject/Game/Content/TakeoverPrototype/DestructibleEnvironment/StaticMeshPhysics/OldVersion/MyStaticMeshPhysicsTestV2.uasset" 923
"../../../../UnrealGDKExampleProject/Game/Content/MSPresets/MS_DefaultMaterial/Functions/MF_DetailNormalTiling.uasset" 924
"../../../Engine/Content/EngineResources/Black.uasset" 925
"../../../../UnrealGDKExampleProject/Game/Content/MSPresets/MS_DefaultMaterial/Functions/MF_Transmission.uasset" 926
"../../../../UnrealGDKExampleProject/Game/Content/MSPresets/MS_DefaultMaterial/Functions/MF_MapAdjustments.uasset" 927
"../../../../UnrealGDKExampleProject/Game/Content/MSPresets/MS_DefaultMaterial/Functions/MF_Tiling.uasset" 928
"../../../Engine/Content/ArtTools/RenderToTexture/Textures/127grey.uasset" 929
"../../../Engine/Content/EngineMaterials/DefaultNormal.uasset" 930
"../../Plugins/2D/Paper2D/Content/PlaceholderTextures/FlatNormalMap.uasset" 931
"../../../../UnrealGDKExampleProject/Game/Content/MSPresets/MS_DefaultMaterial/MS_DefaultMaterial.uasset" 932
"../../../../UnrealGDKExampleProject/Game/Content/Megascans/3D_Assets/Concrete_Pillar_ujikdbrva/Albedo_2K_ujikdbrva.uasset" 933
"../../../../UnrealGDKExampleProject/Game/Content/Megascans/3D_Assets/Concrete_Pillar_ujikdbrva/Normal_2K_LOD0_ujikdbrva.uasset" 934
"../../../../UnrealGDKExampleProject/Game/Content/Megascans/3D_Assets/Concrete_Pillar_ujikdbrva/Roughness_2K_ujikdbrva.uasset" 935
"../../../../UnrealGDKExampleProject/Game/Content/Megascans/3D_Assets/Concrete_Pillar_ujikdbrva/Concrete_Pillar_ujikdbrva_inst.uasset" 936
"../../../../UnrealGDKExampleProject/Game/Content/Megascans/3D_Assets/Concrete_Pillar_ujikdbrva/Concrete_Pillar_LOD0_ujikdbrva.uasset" 937
"../../../../UnrealGDKExampleProject/Game/Content/TakeoverPrototype/DestructibleEnvironment/StaticMeshPhysics/OldVersion/MyStaticMeshPhysicsTest.uasset" 938
"../../../../UnrealGDKExampleProject/Game/Content/TakeoverPrototype/DestructibleEnvironment/Terrain/PlaneTest10.uasset" 939
"../../../../UnrealGDKExampleProject/Game/Content/TakeoverPrototype/DestructibleEnvironment/Terrain/ProcMeshDestQue.uasset" 940
"../../../../UnrealGDKExampleProject/Game/Content/TakeoverPrototype/DestructibleEnvironment/Terrain/ProcMeshDestruction.uasset" 941
"../../../../UnrealGDKExampleProject/Game/Content/TakeoverPrototype/OffloadingTakeover.uasset" 942
"../../../../UnrealGDKExampleProject/Game/Content/TakeoverPrototype/Takeover_Medium.umap" 943
